versions pytest-3.0.7, py-1.4.33, python-3.5.2.final.0
cwd=/home/luzfcb/projetos/rosie
args=['-rxEfsw', '--strict', '--ignore=docs/conf.py', '--ignore=setup.py', '--ignore=ci', '--ignore=.eggs', '--doctest-modules', '--doctest-glob=*.rst', '--tb=short', '--debug']

  pytest_cmdline_main [hook]
      config: <_pytest.config.Config object at 0x7f19a9ecbf60>
    pytest_plugin_registered [hook]
        plugin: <Session 'rosie'>
        manager: <_pytest.config.PytestPluginManager object at 0x7f19ab93f2e8>
    finish pytest_plugin_registered --> [] [hook]
    pytest_configure [hook]
        config: <_pytest.config.Config object at 0x7f19a9ecbf60>
      pytest_plugin_registered [hook]
          plugin: <_pytest.cacheprovider.LFPlugin object at 0x7f19a71c86a0>
          manager: <_pytest.config.PytestPluginManager object at 0x7f19ab93f2e8>
      finish pytest_plugin_registered --> [] [hook]
    find_module called for: py._io.terminalwriter [assertion]
    find_module called for: termios [assertion]
    find_module called for: fcntl [assertion]
      pytest_plugin_registered [hook]
          plugin: <_pytest.config.PytestPluginManager object at 0x7f19ab93f2e8>
          __multicall__: <_MultiCall 0 results, 0 meths, kwargs={'plugin': <_pytest.config.PytestPluginManager object at 0x7f19ab93f2e8>, '__multicall__': <_MultiCall 0 results, 0 meths, kwargs={...}>, 'manager': <_pytest.config.PytestPluginManager object at 0x7f19ab93f2e8>}>
          manager: <_pytest.config.PytestPluginManager object at 0x7f19ab93f2e8>
      finish pytest_plugin_registered --> [] [hook]
      pytest_plugin_registered [hook]
          plugin: <_pytest.config.Config object at 0x7f19a9ecbf60>
          __multicall__: <_MultiCall 0 results, 0 meths, kwargs={'plugin': <_pytest.config.Config object at 0x7f19a9ecbf60>, '__multicall__': <_MultiCall 0 results, 0 meths, kwargs={...}>, 'manager': <_pytest.config.PytestPluginManager object at 0x7f19ab93f2e8>}>
          manager: <_pytest.config.PytestPluginManager object at 0x7f19ab93f2e8>
      finish pytest_plugin_registered --> [] [hook]
      pytest_plugin_registered [hook]
          plugin: <module '_pytest.mark' from '/home/luzfcb/virtualenvs/rosieenv/lib/python3.5/site-packages/_pytest/mark.py'>
          __multicall__: <_MultiCall 0 results, 0 meths, kwargs={'plugin': <module '_pytest.mark' from '/home/luzfcb/virtualenvs/rosieenv/lib/python3.5/site-packages/_pytest/mark.py'>, '__multicall__': <_MultiCall 0 results, 0 meths, kwargs={...}>, 'manager': <_pytest.config.PytestPluginManager object at 0x7f19ab93f2e8>}>
          manager: <_pytest.config.PytestPluginManager object at 0x7f19ab93f2e8>
      finish pytest_plugin_registered --> [] [hook]
      pytest_plugin_registered [hook]
          plugin: <module '_pytest.main' from '/home/luzfcb/virtualenvs/rosieenv/lib/python3.5/site-packages/_pytest/main.py'>
          __multicall__: <_MultiCall 0 results, 0 meths, kwargs={'plugin': <module '_pytest.main' from '/home/luzfcb/virtualenvs/rosieenv/lib/python3.5/site-packages/_pytest/main.py'>, '__multicall__': <_MultiCall 0 results, 0 meths, kwargs={...}>, 'manager': <_pytest.config.PytestPluginManager object at 0x7f19ab93f2e8>}>
          manager: <_pytest.config.PytestPluginManager object at 0x7f19ab93f2e8>
      finish pytest_plugin_registered --> [] [hook]
      pytest_plugin_registered [hook]
          plugin: <module '_pytest.terminal' from '/home/luzfcb/virtualenvs/rosieenv/lib/python3.5/site-packages/_pytest/terminal.py'>
          __multicall__: <_MultiCall 0 results, 0 meths, kwargs={'plugin': <module '_pytest.terminal' from '/home/luzfcb/virtualenvs/rosieenv/lib/python3.5/site-packages/_pytest/terminal.py'>, '__multicall__': <_MultiCall 0 results, 0 meths, kwargs={...}>, 'manager': <_pytest.config.PytestPluginManager object at 0x7f19ab93f2e8>}>
          manager: <_pytest.config.PytestPluginManager object at 0x7f19ab93f2e8>
      finish pytest_plugin_registered --> [] [hook]
      pytest_plugin_registered [hook]
          plugin: <module '_pytest.runner' from '/home/luzfcb/virtualenvs/rosieenv/lib/python3.5/site-packages/_pytest/runner.py'>
          __multicall__: <_MultiCall 0 results, 0 meths, kwargs={'plugin': <module '_pytest.runner' from '/home/luzfcb/virtualenvs/rosieenv/lib/python3.5/site-packages/_pytest/runner.py'>, '__multicall__': <_MultiCall 0 results, 0 meths, kwargs={...}>, 'manager': <_pytest.config.PytestPluginManager object at 0x7f19ab93f2e8>}>
          manager: <_pytest.config.PytestPluginManager object at 0x7f19ab93f2e8>
      finish pytest_plugin_registered --> [] [hook]
      pytest_plugin_registered [hook]
          plugin: <module '_pytest.python' from '/home/luzfcb/virtualenvs/rosieenv/lib/python3.5/site-packages/_pytest/python.py'>
          __multicall__: <_MultiCall 0 results, 0 meths, kwargs={'plugin': <module '_pytest.python' from '/home/luzfcb/virtualenvs/rosieenv/lib/python3.5/site-packages/_pytest/python.py'>, '__multicall__': <_MultiCall 0 results, 0 meths, kwargs={...}>, 'manager': <_pytest.config.PytestPluginManager object at 0x7f19ab93f2e8>}>
          manager: <_pytest.config.PytestPluginManager object at 0x7f19ab93f2e8>
      finish pytest_plugin_registered --> [] [hook]
      pytest_plugin_registered [hook]
          plugin: <module '_pytest.fixtures' from '/home/luzfcb/virtualenvs/rosieenv/lib/python3.5/site-packages/_pytest/fixtures.py'>
          __multicall__: <_MultiCall 0 results, 0 meths, kwargs={'plugin': <module '_pytest.fixtures' from '/home/luzfcb/virtualenvs/rosieenv/lib/python3.5/site-packages/_pytest/fixtures.py'>, '__multicall__': <_MultiCall 0 results, 0 meths, kwargs={...}>, 'manager': <_pytest.config.PytestPluginManager object at 0x7f19ab93f2e8>}>
          manager: <_pytest.config.PytestPluginManager object at 0x7f19ab93f2e8>
      finish pytest_plugin_registered --> [] [hook]
      pytest_plugin_registered [hook]
          plugin: <module '_pytest.debugging' from '/home/luzfcb/virtualenvs/rosieenv/lib/python3.5/site-packages/_pytest/debugging.py'>
          __multicall__: <_MultiCall 0 results, 0 meths, kwargs={'plugin': <module '_pytest.debugging' from '/home/luzfcb/virtualenvs/rosieenv/lib/python3.5/site-packages/_pytest/debugging.py'>, '__multicall__': <_MultiCall 0 results, 0 meths, kwargs={...}>, 'manager': <_pytest.config.PytestPluginManager object at 0x7f19ab93f2e8>}>
          manager: <_pytest.config.PytestPluginManager object at 0x7f19ab93f2e8>
      finish pytest_plugin_registered --> [] [hook]
      pytest_plugin_registered [hook]
          plugin: <module '_pytest.unittest' from '/home/luzfcb/virtualenvs/rosieenv/lib/python3.5/site-packages/_pytest/unittest.py'>
          __multicall__: <_MultiCall 0 results, 0 meths, kwargs={'plugin': <module '_pytest.unittest' from '/home/luzfcb/virtualenvs/rosieenv/lib/python3.5/site-packages/_pytest/unittest.py'>, '__multicall__': <_MultiCall 0 results, 0 meths, kwargs={...}>, 'manager': <_pytest.config.PytestPluginManager object at 0x7f19ab93f2e8>}>
          manager: <_pytest.config.PytestPluginManager object at 0x7f19ab93f2e8>
      finish pytest_plugin_registered --> [] [hook]
      pytest_plugin_registered [hook]
          plugin: <module '_pytest.capture' from '/home/luzfcb/virtualenvs/rosieenv/lib/python3.5/site-packages/_pytest/capture.py'>
          __multicall__: <_MultiCall 0 results, 0 meths, kwargs={'plugin': <module '_pytest.capture' from '/home/luzfcb/virtualenvs/rosieenv/lib/python3.5/site-packages/_pytest/capture.py'>, '__multicall__': <_MultiCall 0 results, 0 meths, kwargs={...}>, 'manager': <_pytest.config.PytestPluginManager object at 0x7f19ab93f2e8>}>
          manager: <_pytest.config.PytestPluginManager object at 0x7f19ab93f2e8>
      finish pytest_plugin_registered --> [] [hook]
      pytest_plugin_registered [hook]
          plugin: <module '_pytest.skipping' from '/home/luzfcb/virtualenvs/rosieenv/lib/python3.5/site-packages/_pytest/skipping.py'>
          __multicall__: <_MultiCall 0 results, 0 meths, kwargs={'plugin': <module '_pytest.skipping' from '/home/luzfcb/virtualenvs/rosieenv/lib/python3.5/site-packages/_pytest/skipping.py'>, '__multicall__': <_MultiCall 0 results, 0 meths, kwargs={...}>, 'manager': <_pytest.config.PytestPluginManager object at 0x7f19ab93f2e8>}>
          manager: <_pytest.config.PytestPluginManager object at 0x7f19ab93f2e8>
      finish pytest_plugin_registered --> [] [hook]
      pytest_plugin_registered [hook]
          plugin: <module '_pytest.tmpdir' from '/home/luzfcb/virtualenvs/rosieenv/lib/python3.5/site-packages/_pytest/tmpdir.py'>
          __multicall__: <_MultiCall 0 results, 0 meths, kwargs={'plugin': <module '_pytest.tmpdir' from '/home/luzfcb/virtualenvs/rosieenv/lib/python3.5/site-packages/_pytest/tmpdir.py'>, '__multicall__': <_MultiCall 0 results, 0 meths, kwargs={...}>, 'manager': <_pytest.config.PytestPluginManager object at 0x7f19ab93f2e8>}>
          manager: <_pytest.config.PytestPluginManager object at 0x7f19ab93f2e8>
      finish pytest_plugin_registered --> [] [hook]
      pytest_plugin_registered [hook]
          plugin: <module '_pytest.monkeypatch' from '/home/luzfcb/virtualenvs/rosieenv/lib/python3.5/site-packages/_pytest/monkeypatch.py'>
          __multicall__: <_MultiCall 0 results, 0 meths, kwargs={'plugin': <module '_pytest.monkeypatch' from '/home/luzfcb/virtualenvs/rosieenv/lib/python3.5/site-packages/_pytest/monkeypatch.py'>, '__multicall__': <_MultiCall 0 results, 0 meths, kwargs={...}>, 'manager': <_pytest.config.PytestPluginManager object at 0x7f19ab93f2e8>}>
          manager: <_pytest.config.PytestPluginManager object at 0x7f19ab93f2e8>
      finish pytest_plugin_registered --> [] [hook]
      pytest_plugin_registered [hook]
          plugin: <module '_pytest.recwarn' from '/home/luzfcb/virtualenvs/rosieenv/lib/python3.5/site-packages/_pytest/recwarn.py'>
          __multicall__: <_MultiCall 0 results, 0 meths, kwargs={'plugin': <module '_pytest.recwarn' from '/home/luzfcb/virtualenvs/rosieenv/lib/python3.5/site-packages/_pytest/recwarn.py'>, '__multicall__': <_MultiCall 0 results, 0 meths, kwargs={...}>, 'manager': <_pytest.config.PytestPluginManager object at 0x7f19ab93f2e8>}>
          manager: <_pytest.config.PytestPluginManager object at 0x7f19ab93f2e8>
      finish pytest_plugin_registered --> [] [hook]
      pytest_plugin_registered [hook]
          plugin: <module '_pytest.pastebin' from '/home/luzfcb/virtualenvs/rosieenv/lib/python3.5/site-packages/_pytest/pastebin.py'>
          __multicall__: <_MultiCall 0 results, 0 meths, kwargs={'plugin': <module '_pytest.pastebin' from '/home/luzfcb/virtualenvs/rosieenv/lib/python3.5/site-packages/_pytest/pastebin.py'>, '__multicall__': <_MultiCall 0 results, 0 meths, kwargs={...}>, 'manager': <_pytest.config.PytestPluginManager object at 0x7f19ab93f2e8>}>
          manager: <_pytest.config.PytestPluginManager object at 0x7f19ab93f2e8>
      finish pytest_plugin_registered --> [] [hook]
      pytest_plugin_registered [hook]
          plugin: <module '_pytest.helpconfig' from '/home/luzfcb/virtualenvs/rosieenv/lib/python3.5/site-packages/_pytest/helpconfig.py'>
          __multicall__: <_MultiCall 0 results, 0 meths, kwargs={'plugin': <module '_pytest.helpconfig' from '/home/luzfcb/virtualenvs/rosieenv/lib/python3.5/site-packages/_pytest/helpconfig.py'>, '__multicall__': <_MultiCall 0 results, 0 meths, kwargs={...}>, 'manager': <_pytest.config.PytestPluginManager object at 0x7f19ab93f2e8>}>
          manager: <_pytest.config.PytestPluginManager object at 0x7f19ab93f2e8>
      finish pytest_plugin_registered --> [] [hook]
      pytest_plugin_registered [hook]
          plugin: <module '_pytest.nose' from '/home/luzfcb/virtualenvs/rosieenv/lib/python3.5/site-packages/_pytest/nose.py'>
          __multicall__: <_MultiCall 0 results, 0 meths, kwargs={'plugin': <module '_pytest.nose' from '/home/luzfcb/virtualenvs/rosieenv/lib/python3.5/site-packages/_pytest/nose.py'>, '__multicall__': <_MultiCall 0 results, 0 meths, kwargs={...}>, 'manager': <_pytest.config.PytestPluginManager object at 0x7f19ab93f2e8>}>
          manager: <_pytest.config.PytestPluginManager object at 0x7f19ab93f2e8>
      finish pytest_plugin_registered --> [] [hook]
      pytest_plugin_registered [hook]
          plugin: <module '_pytest.assertion' from '/home/luzfcb/virtualenvs/rosieenv/lib/python3.5/site-packages/_pytest/assertion/__init__.py'>
          __multicall__: <_MultiCall 0 results, 0 meths, kwargs={'plugin': <module '_pytest.assertion' from '/home/luzfcb/virtualenvs/rosieenv/lib/python3.5/site-packages/_pytest/assertion/__init__.py'>, '__multicall__': <_MultiCall 0 results, 0 meths, kwargs={...}>, 'manager': <_pytest.config.PytestPluginManager object at 0x7f19ab93f2e8>}>
          manager: <_pytest.config.PytestPluginManager object at 0x7f19ab93f2e8>
      finish pytest_plugin_registered --> [] [hook]
      pytest_plugin_registered [hook]
          plugin: <module '_pytest.junitxml' from '/home/luzfcb/virtualenvs/rosieenv/lib/python3.5/site-packages/_pytest/junitxml.py'>
          __multicall__: <_MultiCall 0 results, 0 meths, kwargs={'plugin': <module '_pytest.junitxml' from '/home/luzfcb/virtualenvs/rosieenv/lib/python3.5/site-packages/_pytest/junitxml.py'>, '__multicall__': <_MultiCall 0 results, 0 meths, kwargs={...}>, 'manager': <_pytest.config.PytestPluginManager object at 0x7f19ab93f2e8>}>
          manager: <_pytest.config.PytestPluginManager object at 0x7f19ab93f2e8>
      finish pytest_plugin_registered --> [] [hook]
      pytest_plugin_registered [hook]
          plugin: <module '_pytest.resultlog' from '/home/luzfcb/virtualenvs/rosieenv/lib/python3.5/site-packages/_pytest/resultlog.py'>
          __multicall__: <_MultiCall 0 results, 0 meths, kwargs={'plugin': <module '_pytest.resultlog' from '/home/luzfcb/virtualenvs/rosieenv/lib/python3.5/site-packages/_pytest/resultlog.py'>, '__multicall__': <_MultiCall 0 results, 0 meths, kwargs={...}>, 'manager': <_pytest.config.PytestPluginManager object at 0x7f19ab93f2e8>}>
          manager: <_pytest.config.PytestPluginManager object at 0x7f19ab93f2e8>
      finish pytest_plugin_registered --> [] [hook]
      pytest_plugin_registered [hook]
          plugin: <module '_pytest.doctest' from '/home/luzfcb/virtualenvs/rosieenv/lib/python3.5/site-packages/_pytest/doctest.py'>
          __multicall__: <_MultiCall 0 results, 0 meths, kwargs={'plugin': <module '_pytest.doctest' from '/home/luzfcb/virtualenvs/rosieenv/lib/python3.5/site-packages/_pytest/doctest.py'>, '__multicall__': <_MultiCall 0 results, 0 meths, kwargs={...}>, 'manager': <_pytest.config.PytestPluginManager object at 0x7f19ab93f2e8>}>
          manager: <_pytest.config.PytestPluginManager object at 0x7f19ab93f2e8>
      finish pytest_plugin_registered --> [] [hook]
      pytest_plugin_registered [hook]
          plugin: <module '_pytest.cacheprovider' from '/home/luzfcb/virtualenvs/rosieenv/lib/python3.5/site-packages/_pytest/cacheprovider.py'>
          __multicall__: <_MultiCall 0 results, 0 meths, kwargs={'plugin': <module '_pytest.cacheprovider' from '/home/luzfcb/virtualenvs/rosieenv/lib/python3.5/site-packages/_pytest/cacheprovider.py'>, '__multicall__': <_MultiCall 0 results, 0 meths, kwargs={...}>, 'manager': <_pytest.config.PytestPluginManager object at 0x7f19ab93f2e8>}>
          manager: <_pytest.config.PytestPluginManager object at 0x7f19ab93f2e8>
      finish pytest_plugin_registered --> [] [hook]
      pytest_plugin_registered [hook]
          plugin: <module '_pytest.freeze_support' from '/home/luzfcb/virtualenvs/rosieenv/lib/python3.5/site-packages/_pytest/freeze_support.py'>
          __multicall__: <_MultiCall 0 results, 0 meths, kwargs={'plugin': <module '_pytest.freeze_support' from '/home/luzfcb/virtualenvs/rosieenv/lib/python3.5/site-packages/_pytest/freeze_support.py'>, '__multicall__': <_MultiCall 0 results, 0 meths, kwargs={...}>, 'manager': <_pytest.config.PytestPluginManager object at 0x7f19ab93f2e8>}>
          manager: <_pytest.config.PytestPluginManager object at 0x7f19ab93f2e8>
      finish pytest_plugin_registered --> [] [hook]
      pytest_plugin_registered [hook]
          plugin: <module '_pytest.setuponly' from '/home/luzfcb/virtualenvs/rosieenv/lib/python3.5/site-packages/_pytest/setuponly.py'>
          __multicall__: <_MultiCall 0 results, 0 meths, kwargs={'plugin': <module '_pytest.setuponly' from '/home/luzfcb/virtualenvs/rosieenv/lib/python3.5/site-packages/_pytest/setuponly.py'>, '__multicall__': <_MultiCall 0 results, 0 meths, kwargs={...}>, 'manager': <_pytest.config.PytestPluginManager object at 0x7f19ab93f2e8>}>
          manager: <_pytest.config.PytestPluginManager object at 0x7f19ab93f2e8>
      finish pytest_plugin_registered --> [] [hook]
      pytest_plugin_registered [hook]
          plugin: <module '_pytest.setupplan' from '/home/luzfcb/virtualenvs/rosieenv/lib/python3.5/site-packages/_pytest/setupplan.py'>
          __multicall__: <_MultiCall 0 results, 0 meths, kwargs={'plugin': <module '_pytest.setupplan' from '/home/luzfcb/virtualenvs/rosieenv/lib/python3.5/site-packages/_pytest/setupplan.py'>, '__multicall__': <_MultiCall 0 results, 0 meths, kwargs={...}>, 'manager': <_pytest.config.PytestPluginManager object at 0x7f19ab93f2e8>}>
          manager: <_pytest.config.PytestPluginManager object at 0x7f19ab93f2e8>
      finish pytest_plugin_registered --> [] [hook]
      pytest_plugin_registered [hook]
          plugin: <_pytest.capture.CaptureManager object at 0x7f19a71a46a0>
          __multicall__: <_MultiCall 0 results, 0 meths, kwargs={'plugin': <_pytest.capture.CaptureManager object at 0x7f19a71a46a0>, '__multicall__': <_MultiCall 0 results, 0 meths, kwargs={...}>, 'manager': <_pytest.config.PytestPluginManager object at 0x7f19ab93f2e8>}>
          manager: <_pytest.config.PytestPluginManager object at 0x7f19ab93f2e8>
      finish pytest_plugin_registered --> [] [hook]
      pytest_plugin_registered [hook]
          plugin: <Session 'rosie'>
          __multicall__: <_MultiCall 0 results, 0 meths, kwargs={'plugin': <Session 'rosie'>, '__multicall__': <_MultiCall 0 results, 0 meths, kwargs={...}>, 'manager': <_pytest.config.PytestPluginManager object at 0x7f19ab93f2e8>}>
          manager: <_pytest.config.PytestPluginManager object at 0x7f19ab93f2e8>
      finish pytest_plugin_registered --> [] [hook]
      pytest_plugin_registered [hook]
          plugin: <_pytest.cacheprovider.LFPlugin object at 0x7f19a71c86a0>
          __multicall__: <_MultiCall 0 results, 0 meths, kwargs={'plugin': <_pytest.cacheprovider.LFPlugin object at 0x7f19a71c86a0>, '__multicall__': <_MultiCall 0 results, 0 meths, kwargs={...}>, 'manager': <_pytest.config.PytestPluginManager object at 0x7f19ab93f2e8>}>
          manager: <_pytest.config.PytestPluginManager object at 0x7f19ab93f2e8>
      finish pytest_plugin_registered --> [] [hook]
      pytest_plugin_registered [hook]
          plugin: <_pytest.terminal.TerminalReporter object at 0x7f19a71c88d0>
          manager: <_pytest.config.PytestPluginManager object at 0x7f19ab93f2e8>
      finish pytest_plugin_registered --> [] [hook]
    finish pytest_configure --> [] [hook]
    pytest_sessionstart [hook]
        session: <Session 'rosie'>
      pytest_plugin_registered [hook]
          plugin: <_pytest.config.PytestPluginManager object at 0x7f19ab93f2e8>
          __multicall__: <_MultiCall 0 results, 0 meths, kwargs={'plugin': <_pytest.config.PytestPluginManager object at 0x7f19ab93f2e8>, '__multicall__': <_MultiCall 0 results, 0 meths, kwargs={...}>, 'manager': <_pytest.config.PytestPluginManager object at 0x7f19ab93f2e8>}>
          manager: <_pytest.config.PytestPluginManager object at 0x7f19ab93f2e8>
      finish pytest_plugin_registered --> [] [hook]
      pytest_plugin_registered [hook]
          plugin: <_pytest.config.Config object at 0x7f19a9ecbf60>
          __multicall__: <_MultiCall 0 results, 0 meths, kwargs={'plugin': <_pytest.config.Config object at 0x7f19a9ecbf60>, '__multicall__': <_MultiCall 0 results, 0 meths, kwargs={...}>, 'manager': <_pytest.config.PytestPluginManager object at 0x7f19ab93f2e8>}>
          manager: <_pytest.config.PytestPluginManager object at 0x7f19ab93f2e8>
      finish pytest_plugin_registered --> [] [hook]
      pytest_plugin_registered [hook]
          plugin: <module '_pytest.mark' from '/home/luzfcb/virtualenvs/rosieenv/lib/python3.5/site-packages/_pytest/mark.py'>
          __multicall__: <_MultiCall 0 results, 0 meths, kwargs={'plugin': <module '_pytest.mark' from '/home/luzfcb/virtualenvs/rosieenv/lib/python3.5/site-packages/_pytest/mark.py'>, '__multicall__': <_MultiCall 0 results, 0 meths, kwargs={...}>, 'manager': <_pytest.config.PytestPluginManager object at 0x7f19ab93f2e8>}>
          manager: <_pytest.config.PytestPluginManager object at 0x7f19ab93f2e8>
      finish pytest_plugin_registered --> [] [hook]
      pytest_plugin_registered [hook]
          plugin: <module '_pytest.main' from '/home/luzfcb/virtualenvs/rosieenv/lib/python3.5/site-packages/_pytest/main.py'>
          __multicall__: <_MultiCall 0 results, 0 meths, kwargs={'plugin': <module '_pytest.main' from '/home/luzfcb/virtualenvs/rosieenv/lib/python3.5/site-packages/_pytest/main.py'>, '__multicall__': <_MultiCall 0 results, 0 meths, kwargs={...}>, 'manager': <_pytest.config.PytestPluginManager object at 0x7f19ab93f2e8>}>
          manager: <_pytest.config.PytestPluginManager object at 0x7f19ab93f2e8>
      finish pytest_plugin_registered --> [] [hook]
      pytest_plugin_registered [hook]
          plugin: <module '_pytest.terminal' from '/home/luzfcb/virtualenvs/rosieenv/lib/python3.5/site-packages/_pytest/terminal.py'>
          __multicall__: <_MultiCall 0 results, 0 meths, kwargs={'plugin': <module '_pytest.terminal' from '/home/luzfcb/virtualenvs/rosieenv/lib/python3.5/site-packages/_pytest/terminal.py'>, '__multicall__': <_MultiCall 0 results, 0 meths, kwargs={...}>, 'manager': <_pytest.config.PytestPluginManager object at 0x7f19ab93f2e8>}>
          manager: <_pytest.config.PytestPluginManager object at 0x7f19ab93f2e8>
      finish pytest_plugin_registered --> [] [hook]
      pytest_plugin_registered [hook]
          plugin: <module '_pytest.runner' from '/home/luzfcb/virtualenvs/rosieenv/lib/python3.5/site-packages/_pytest/runner.py'>
          __multicall__: <_MultiCall 0 results, 0 meths, kwargs={'plugin': <module '_pytest.runner' from '/home/luzfcb/virtualenvs/rosieenv/lib/python3.5/site-packages/_pytest/runner.py'>, '__multicall__': <_MultiCall 0 results, 0 meths, kwargs={...}>, 'manager': <_pytest.config.PytestPluginManager object at 0x7f19ab93f2e8>}>
          manager: <_pytest.config.PytestPluginManager object at 0x7f19ab93f2e8>
      finish pytest_plugin_registered --> [] [hook]
      pytest_plugin_registered [hook]
          plugin: <module '_pytest.python' from '/home/luzfcb/virtualenvs/rosieenv/lib/python3.5/site-packages/_pytest/python.py'>
          __multicall__: <_MultiCall 0 results, 0 meths, kwargs={'plugin': <module '_pytest.python' from '/home/luzfcb/virtualenvs/rosieenv/lib/python3.5/site-packages/_pytest/python.py'>, '__multicall__': <_MultiCall 0 results, 0 meths, kwargs={...}>, 'manager': <_pytest.config.PytestPluginManager object at 0x7f19ab93f2e8>}>
          manager: <_pytest.config.PytestPluginManager object at 0x7f19ab93f2e8>
      finish pytest_plugin_registered --> [] [hook]
      pytest_plugin_registered [hook]
          plugin: <module '_pytest.fixtures' from '/home/luzfcb/virtualenvs/rosieenv/lib/python3.5/site-packages/_pytest/fixtures.py'>
          __multicall__: <_MultiCall 0 results, 0 meths, kwargs={'plugin': <module '_pytest.fixtures' from '/home/luzfcb/virtualenvs/rosieenv/lib/python3.5/site-packages/_pytest/fixtures.py'>, '__multicall__': <_MultiCall 0 results, 0 meths, kwargs={...}>, 'manager': <_pytest.config.PytestPluginManager object at 0x7f19ab93f2e8>}>
          manager: <_pytest.config.PytestPluginManager object at 0x7f19ab93f2e8>
      finish pytest_plugin_registered --> [] [hook]
      pytest_plugin_registered [hook]
          plugin: <module '_pytest.debugging' from '/home/luzfcb/virtualenvs/rosieenv/lib/python3.5/site-packages/_pytest/debugging.py'>
          __multicall__: <_MultiCall 0 results, 0 meths, kwargs={'plugin': <module '_pytest.debugging' from '/home/luzfcb/virtualenvs/rosieenv/lib/python3.5/site-packages/_pytest/debugging.py'>, '__multicall__': <_MultiCall 0 results, 0 meths, kwargs={...}>, 'manager': <_pytest.config.PytestPluginManager object at 0x7f19ab93f2e8>}>
          manager: <_pytest.config.PytestPluginManager object at 0x7f19ab93f2e8>
      finish pytest_plugin_registered --> [] [hook]
      pytest_plugin_registered [hook]
          plugin: <module '_pytest.unittest' from '/home/luzfcb/virtualenvs/rosieenv/lib/python3.5/site-packages/_pytest/unittest.py'>
          __multicall__: <_MultiCall 0 results, 0 meths, kwargs={'plugin': <module '_pytest.unittest' from '/home/luzfcb/virtualenvs/rosieenv/lib/python3.5/site-packages/_pytest/unittest.py'>, '__multicall__': <_MultiCall 0 results, 0 meths, kwargs={...}>, 'manager': <_pytest.config.PytestPluginManager object at 0x7f19ab93f2e8>}>
          manager: <_pytest.config.PytestPluginManager object at 0x7f19ab93f2e8>
      finish pytest_plugin_registered --> [] [hook]
      pytest_plugin_registered [hook]
          plugin: <module '_pytest.capture' from '/home/luzfcb/virtualenvs/rosieenv/lib/python3.5/site-packages/_pytest/capture.py'>
          __multicall__: <_MultiCall 0 results, 0 meths, kwargs={'plugin': <module '_pytest.capture' from '/home/luzfcb/virtualenvs/rosieenv/lib/python3.5/site-packages/_pytest/capture.py'>, '__multicall__': <_MultiCall 0 results, 0 meths, kwargs={...}>, 'manager': <_pytest.config.PytestPluginManager object at 0x7f19ab93f2e8>}>
          manager: <_pytest.config.PytestPluginManager object at 0x7f19ab93f2e8>
      finish pytest_plugin_registered --> [] [hook]
      pytest_plugin_registered [hook]
          plugin: <module '_pytest.skipping' from '/home/luzfcb/virtualenvs/rosieenv/lib/python3.5/site-packages/_pytest/skipping.py'>
          __multicall__: <_MultiCall 0 results, 0 meths, kwargs={'plugin': <module '_pytest.skipping' from '/home/luzfcb/virtualenvs/rosieenv/lib/python3.5/site-packages/_pytest/skipping.py'>, '__multicall__': <_MultiCall 0 results, 0 meths, kwargs={...}>, 'manager': <_pytest.config.PytestPluginManager object at 0x7f19ab93f2e8>}>
          manager: <_pytest.config.PytestPluginManager object at 0x7f19ab93f2e8>
      finish pytest_plugin_registered --> [] [hook]
      pytest_plugin_registered [hook]
          plugin: <module '_pytest.tmpdir' from '/home/luzfcb/virtualenvs/rosieenv/lib/python3.5/site-packages/_pytest/tmpdir.py'>
          __multicall__: <_MultiCall 0 results, 0 meths, kwargs={'plugin': <module '_pytest.tmpdir' from '/home/luzfcb/virtualenvs/rosieenv/lib/python3.5/site-packages/_pytest/tmpdir.py'>, '__multicall__': <_MultiCall 0 results, 0 meths, kwargs={...}>, 'manager': <_pytest.config.PytestPluginManager object at 0x7f19ab93f2e8>}>
          manager: <_pytest.config.PytestPluginManager object at 0x7f19ab93f2e8>
      finish pytest_plugin_registered --> [] [hook]
      pytest_plugin_registered [hook]
          plugin: <module '_pytest.monkeypatch' from '/home/luzfcb/virtualenvs/rosieenv/lib/python3.5/site-packages/_pytest/monkeypatch.py'>
          __multicall__: <_MultiCall 0 results, 0 meths, kwargs={'plugin': <module '_pytest.monkeypatch' from '/home/luzfcb/virtualenvs/rosieenv/lib/python3.5/site-packages/_pytest/monkeypatch.py'>, '__multicall__': <_MultiCall 0 results, 0 meths, kwargs={...}>, 'manager': <_pytest.config.PytestPluginManager object at 0x7f19ab93f2e8>}>
          manager: <_pytest.config.PytestPluginManager object at 0x7f19ab93f2e8>
      finish pytest_plugin_registered --> [] [hook]
      pytest_plugin_registered [hook]
          plugin: <module '_pytest.recwarn' from '/home/luzfcb/virtualenvs/rosieenv/lib/python3.5/site-packages/_pytest/recwarn.py'>
          __multicall__: <_MultiCall 0 results, 0 meths, kwargs={'plugin': <module '_pytest.recwarn' from '/home/luzfcb/virtualenvs/rosieenv/lib/python3.5/site-packages/_pytest/recwarn.py'>, '__multicall__': <_MultiCall 0 results, 0 meths, kwargs={...}>, 'manager': <_pytest.config.PytestPluginManager object at 0x7f19ab93f2e8>}>
          manager: <_pytest.config.PytestPluginManager object at 0x7f19ab93f2e8>
      finish pytest_plugin_registered --> [] [hook]
      pytest_plugin_registered [hook]
          plugin: <module '_pytest.pastebin' from '/home/luzfcb/virtualenvs/rosieenv/lib/python3.5/site-packages/_pytest/pastebin.py'>
          __multicall__: <_MultiCall 0 results, 0 meths, kwargs={'plugin': <module '_pytest.pastebin' from '/home/luzfcb/virtualenvs/rosieenv/lib/python3.5/site-packages/_pytest/pastebin.py'>, '__multicall__': <_MultiCall 0 results, 0 meths, kwargs={...}>, 'manager': <_pytest.config.PytestPluginManager object at 0x7f19ab93f2e8>}>
          manager: <_pytest.config.PytestPluginManager object at 0x7f19ab93f2e8>
      finish pytest_plugin_registered --> [] [hook]
      pytest_plugin_registered [hook]
          plugin: <module '_pytest.helpconfig' from '/home/luzfcb/virtualenvs/rosieenv/lib/python3.5/site-packages/_pytest/helpconfig.py'>
          __multicall__: <_MultiCall 0 results, 0 meths, kwargs={'plugin': <module '_pytest.helpconfig' from '/home/luzfcb/virtualenvs/rosieenv/lib/python3.5/site-packages/_pytest/helpconfig.py'>, '__multicall__': <_MultiCall 0 results, 0 meths, kwargs={...}>, 'manager': <_pytest.config.PytestPluginManager object at 0x7f19ab93f2e8>}>
          manager: <_pytest.config.PytestPluginManager object at 0x7f19ab93f2e8>
      finish pytest_plugin_registered --> [] [hook]
      pytest_plugin_registered [hook]
          plugin: <module '_pytest.nose' from '/home/luzfcb/virtualenvs/rosieenv/lib/python3.5/site-packages/_pytest/nose.py'>
          __multicall__: <_MultiCall 0 results, 0 meths, kwargs={'plugin': <module '_pytest.nose' from '/home/luzfcb/virtualenvs/rosieenv/lib/python3.5/site-packages/_pytest/nose.py'>, '__multicall__': <_MultiCall 0 results, 0 meths, kwargs={...}>, 'manager': <_pytest.config.PytestPluginManager object at 0x7f19ab93f2e8>}>
          manager: <_pytest.config.PytestPluginManager object at 0x7f19ab93f2e8>
      finish pytest_plugin_registered --> [] [hook]
      pytest_plugin_registered [hook]
          plugin: <module '_pytest.assertion' from '/home/luzfcb/virtualenvs/rosieenv/lib/python3.5/site-packages/_pytest/assertion/__init__.py'>
          __multicall__: <_MultiCall 0 results, 0 meths, kwargs={'plugin': <module '_pytest.assertion' from '/home/luzfcb/virtualenvs/rosieenv/lib/python3.5/site-packages/_pytest/assertion/__init__.py'>, '__multicall__': <_MultiCall 0 results, 0 meths, kwargs={...}>, 'manager': <_pytest.config.PytestPluginManager object at 0x7f19ab93f2e8>}>
          manager: <_pytest.config.PytestPluginManager object at 0x7f19ab93f2e8>
      finish pytest_plugin_registered --> [] [hook]
      pytest_plugin_registered [hook]
          plugin: <module '_pytest.junitxml' from '/home/luzfcb/virtualenvs/rosieenv/lib/python3.5/site-packages/_pytest/junitxml.py'>
          __multicall__: <_MultiCall 0 results, 0 meths, kwargs={'plugin': <module '_pytest.junitxml' from '/home/luzfcb/virtualenvs/rosieenv/lib/python3.5/site-packages/_pytest/junitxml.py'>, '__multicall__': <_MultiCall 0 results, 0 meths, kwargs={...}>, 'manager': <_pytest.config.PytestPluginManager object at 0x7f19ab93f2e8>}>
          manager: <_pytest.config.PytestPluginManager object at 0x7f19ab93f2e8>
      finish pytest_plugin_registered --> [] [hook]
      pytest_plugin_registered [hook]
          plugin: <module '_pytest.resultlog' from '/home/luzfcb/virtualenvs/rosieenv/lib/python3.5/site-packages/_pytest/resultlog.py'>
          __multicall__: <_MultiCall 0 results, 0 meths, kwargs={'plugin': <module '_pytest.resultlog' from '/home/luzfcb/virtualenvs/rosieenv/lib/python3.5/site-packages/_pytest/resultlog.py'>, '__multicall__': <_MultiCall 0 results, 0 meths, kwargs={...}>, 'manager': <_pytest.config.PytestPluginManager object at 0x7f19ab93f2e8>}>
          manager: <_pytest.config.PytestPluginManager object at 0x7f19ab93f2e8>
      finish pytest_plugin_registered --> [] [hook]
      pytest_plugin_registered [hook]
          plugin: <module '_pytest.doctest' from '/home/luzfcb/virtualenvs/rosieenv/lib/python3.5/site-packages/_pytest/doctest.py'>
          __multicall__: <_MultiCall 0 results, 0 meths, kwargs={'plugin': <module '_pytest.doctest' from '/home/luzfcb/virtualenvs/rosieenv/lib/python3.5/site-packages/_pytest/doctest.py'>, '__multicall__': <_MultiCall 0 results, 0 meths, kwargs={...}>, 'manager': <_pytest.config.PytestPluginManager object at 0x7f19ab93f2e8>}>
          manager: <_pytest.config.PytestPluginManager object at 0x7f19ab93f2e8>
      finish pytest_plugin_registered --> [] [hook]
      pytest_plugin_registered [hook]
          plugin: <module '_pytest.cacheprovider' from '/home/luzfcb/virtualenvs/rosieenv/lib/python3.5/site-packages/_pytest/cacheprovider.py'>
          __multicall__: <_MultiCall 0 results, 0 meths, kwargs={'plugin': <module '_pytest.cacheprovider' from '/home/luzfcb/virtualenvs/rosieenv/lib/python3.5/site-packages/_pytest/cacheprovider.py'>, '__multicall__': <_MultiCall 0 results, 0 meths, kwargs={...}>, 'manager': <_pytest.config.PytestPluginManager object at 0x7f19ab93f2e8>}>
          manager: <_pytest.config.PytestPluginManager object at 0x7f19ab93f2e8>
      finish pytest_plugin_registered --> [] [hook]
      pytest_plugin_registered [hook]
          plugin: <module '_pytest.freeze_support' from '/home/luzfcb/virtualenvs/rosieenv/lib/python3.5/site-packages/_pytest/freeze_support.py'>
          __multicall__: <_MultiCall 0 results, 0 meths, kwargs={'plugin': <module '_pytest.freeze_support' from '/home/luzfcb/virtualenvs/rosieenv/lib/python3.5/site-packages/_pytest/freeze_support.py'>, '__multicall__': <_MultiCall 0 results, 0 meths, kwargs={...}>, 'manager': <_pytest.config.PytestPluginManager object at 0x7f19ab93f2e8>}>
          manager: <_pytest.config.PytestPluginManager object at 0x7f19ab93f2e8>
      finish pytest_plugin_registered --> [] [hook]
      pytest_plugin_registered [hook]
          plugin: <module '_pytest.setuponly' from '/home/luzfcb/virtualenvs/rosieenv/lib/python3.5/site-packages/_pytest/setuponly.py'>
          __multicall__: <_MultiCall 0 results, 0 meths, kwargs={'plugin': <module '_pytest.setuponly' from '/home/luzfcb/virtualenvs/rosieenv/lib/python3.5/site-packages/_pytest/setuponly.py'>, '__multicall__': <_MultiCall 0 results, 0 meths, kwargs={...}>, 'manager': <_pytest.config.PytestPluginManager object at 0x7f19ab93f2e8>}>
          manager: <_pytest.config.PytestPluginManager object at 0x7f19ab93f2e8>
      finish pytest_plugin_registered --> [] [hook]
      pytest_plugin_registered [hook]
          plugin: <module '_pytest.setupplan' from '/home/luzfcb/virtualenvs/rosieenv/lib/python3.5/site-packages/_pytest/setupplan.py'>
          __multicall__: <_MultiCall 0 results, 0 meths, kwargs={'plugin': <module '_pytest.setupplan' from '/home/luzfcb/virtualenvs/rosieenv/lib/python3.5/site-packages/_pytest/setupplan.py'>, '__multicall__': <_MultiCall 0 results, 0 meths, kwargs={...}>, 'manager': <_pytest.config.PytestPluginManager object at 0x7f19ab93f2e8>}>
          manager: <_pytest.config.PytestPluginManager object at 0x7f19ab93f2e8>
      finish pytest_plugin_registered --> [] [hook]
      pytest_plugin_registered [hook]
          plugin: <_pytest.capture.CaptureManager object at 0x7f19a71a46a0>
          __multicall__: <_MultiCall 0 results, 0 meths, kwargs={'plugin': <_pytest.capture.CaptureManager object at 0x7f19a71a46a0>, '__multicall__': <_MultiCall 0 results, 0 meths, kwargs={...}>, 'manager': <_pytest.config.PytestPluginManager object at 0x7f19ab93f2e8>}>
          manager: <_pytest.config.PytestPluginManager object at 0x7f19ab93f2e8>
      finish pytest_plugin_registered --> [] [hook]
      pytest_plugin_registered [hook]
          plugin: <Session 'rosie'>
          __multicall__: <_MultiCall 0 results, 0 meths, kwargs={'plugin': <Session 'rosie'>, '__multicall__': <_MultiCall 0 results, 0 meths, kwargs={...}>, 'manager': <_pytest.config.PytestPluginManager object at 0x7f19ab93f2e8>}>
          manager: <_pytest.config.PytestPluginManager object at 0x7f19ab93f2e8>
      finish pytest_plugin_registered --> [] [hook]
      pytest_plugin_registered [hook]
          plugin: <_pytest.cacheprovider.LFPlugin object at 0x7f19a71c86a0>
          __multicall__: <_MultiCall 0 results, 0 meths, kwargs={'plugin': <_pytest.cacheprovider.LFPlugin object at 0x7f19a71c86a0>, '__multicall__': <_MultiCall 0 results, 0 meths, kwargs={...}>, 'manager': <_pytest.config.PytestPluginManager object at 0x7f19ab93f2e8>}>
          manager: <_pytest.config.PytestPluginManager object at 0x7f19ab93f2e8>
      finish pytest_plugin_registered --> [] [hook]
      pytest_plugin_registered [hook]
          plugin: <_pytest.terminal.TerminalReporter object at 0x7f19a71c88d0>
          __multicall__: <_MultiCall 0 results, 0 meths, kwargs={'plugin': <_pytest.terminal.TerminalReporter object at 0x7f19a71c88d0>, '__multicall__': <_MultiCall 0 results, 0 meths, kwargs={...}>, 'manager': <_pytest.config.PytestPluginManager object at 0x7f19ab93f2e8>}>
          manager: <_pytest.config.PytestPluginManager object at 0x7f19ab93f2e8>
      finish pytest_plugin_registered --> [] [hook]
      pytest_plugin_registered [hook]
          plugin: <_pytest.fixtures.FixtureManager object at 0x7f19a7174208>
          manager: <_pytest.config.PytestPluginManager object at 0x7f19ab93f2e8>
      finish pytest_plugin_registered --> [] [hook]
      pytest_report_header [hook]
          startdir: /home/luzfcb/projetos/rosie
          config: <_pytest.config.Config object at 0x7f19a9ecbf60>
      finish pytest_report_header --> [['rootdir: /home/luzfcb/projetos/rosie, inifile: setup.cfg'], ['using: pytest-3.0.7 pylib-1.4.33']] [hook]
    finish pytest_sessionstart --> [] [hook]
    pytest_collection [hook]
        session: <Session 'rosie'>
    perform_collect <Session 'rosie'> ['/home/luzfcb/projetos/rosie'] [collection]
        pytest_collectstart [hook]
            collector: <Session 'rosie'>
        finish pytest_collectstart --> [] [hook]
        pytest_make_collect_report [hook]
            collector: <Session 'rosie'>
        processing argument /home/luzfcb/projetos/rosie [collection]
            pytest_ignore_collect [hook]
                path: /home/luzfcb/projetos/rosie/tests
                config: <_pytest.config.Config object at 0x7f19a9ecbf60>
            finish pytest_ignore_collect --> False [hook]
            pytest_collect_directory [hook]
                path: /home/luzfcb/projetos/rosie/tests
                parent: <Session 'rosie'>
            finish pytest_collect_directory --> None [hook]
            pytest_ignore_collect [hook]
                path: /home/luzfcb/projetos/rosie/src
                config: <_pytest.config.Config object at 0x7f19a9ecbf60>
            finish pytest_ignore_collect --> False [hook]
            pytest_collect_directory [hook]
                path: /home/luzfcb/projetos/rosie/src
                parent: <Session 'rosie'>
            finish pytest_collect_directory --> None [hook]
            pytest_ignore_collect [hook]
                path: /home/luzfcb/projetos/rosie/.eggs
                config: <_pytest.config.Config object at 0x7f19a9ecbf60>
            finish pytest_ignore_collect --> True [hook]
            pytest_ignore_collect [hook]
                path: /home/luzfcb/projetos/rosie/ci
                config: <_pytest.config.Config object at 0x7f19a9ecbf60>
            finish pytest_ignore_collect --> True [hook]
            pytest_ignore_collect [hook]
                path: /home/luzfcb/projetos/rosie/.idea
                config: <_pytest.config.Config object at 0x7f19a9ecbf60>
            finish pytest_ignore_collect --> False [hook]
            pytest_collect_directory [hook]
                path: /home/luzfcb/projetos/rosie/.idea
                parent: <Session 'rosie'>
            finish pytest_collect_directory --> None [hook]
            pytest_ignore_collect [hook]
                path: /home/luzfcb/projetos/rosie/.cache
                config: <_pytest.config.Config object at 0x7f19a9ecbf60>
            finish pytest_ignore_collect --> False [hook]
            pytest_collect_directory [hook]
                path: /home/luzfcb/projetos/rosie/.cache
                parent: <Session 'rosie'>
            finish pytest_collect_directory --> None [hook]
            pytest_ignore_collect [hook]
                path: /home/luzfcb/projetos/rosie/__pycache__
                config: <_pytest.config.Config object at 0x7f19a9ecbf60>
            finish pytest_ignore_collect --> False [hook]
            pytest_collect_directory [hook]
                path: /home/luzfcb/projetos/rosie/__pycache__
                parent: <Session 'rosie'>
            finish pytest_collect_directory --> None [hook]
            pytest_ignore_collect [hook]
                path: /home/luzfcb/projetos/rosie/docs
                config: <_pytest.config.Config object at 0x7f19a9ecbf60>
            finish pytest_ignore_collect --> False [hook]
            pytest_collect_directory [hook]
                path: /home/luzfcb/projetos/rosie/docs
                parent: <Session 'rosie'>
            finish pytest_collect_directory --> None [hook]
            pytest_ignore_collect [hook]
                path: /home/luzfcb/projetos/rosie/.git
                config: <_pytest.config.Config object at 0x7f19a9ecbf60>
            finish pytest_ignore_collect --> False [hook]
            pytest_ignore_collect [hook]
                path: /home/luzfcb/projetos/rosie/saida
                config: <_pytest.config.Config object at 0x7f19a9ecbf60>
            finish pytest_ignore_collect --> False [hook]
            pytest_collect_directory [hook]
                path: /home/luzfcb/projetos/rosie/saida
                parent: <Session 'rosie'>
            finish pytest_collect_directory --> None [hook]
            pytest_ignore_collect [hook]
                path: /home/luzfcb/projetos/rosie/.bumpversion.cfg
                config: <_pytest.config.Config object at 0x7f19a9ecbf60>
            finish pytest_ignore_collect --> False [hook]
            pytest_collect_file [hook]
                path: /home/luzfcb/projetos/rosie/.bumpversion.cfg
                parent: <Session 'rosie'>
            finish pytest_collect_file --> [] [hook]
            pytest_ignore_collect [hook]
                path: /home/luzfcb/projetos/rosie/.codeclimate.yml
                config: <_pytest.config.Config object at 0x7f19a9ecbf60>
            finish pytest_ignore_collect --> False [hook]
            pytest_collect_file [hook]
                path: /home/luzfcb/projetos/rosie/.codeclimate.yml
                parent: <Session 'rosie'>
            finish pytest_collect_file --> [] [hook]
            pytest_ignore_collect [hook]
                path: /home/luzfcb/projetos/rosie/.cookiecutterrc
                config: <_pytest.config.Config object at 0x7f19a9ecbf60>
            finish pytest_ignore_collect --> False [hook]
            pytest_collect_file [hook]
                path: /home/luzfcb/projetos/rosie/.cookiecutterrc
                parent: <Session 'rosie'>
            finish pytest_collect_file --> [] [hook]
            pytest_ignore_collect [hook]
                path: /home/luzfcb/projetos/rosie/.coveragerc
                config: <_pytest.config.Config object at 0x7f19a9ecbf60>
            finish pytest_ignore_collect --> False [hook]
            pytest_collect_file [hook]
                path: /home/luzfcb/projetos/rosie/.coveragerc
                parent: <Session 'rosie'>
            finish pytest_collect_file --> [] [hook]
            pytest_ignore_collect [hook]
                path: /home/luzfcb/projetos/rosie/.editorconfig
                config: <_pytest.config.Config object at 0x7f19a9ecbf60>
            finish pytest_ignore_collect --> False [hook]
            pytest_collect_file [hook]
                path: /home/luzfcb/projetos/rosie/.editorconfig
                parent: <Session 'rosie'>
            finish pytest_collect_file --> [] [hook]
            pytest_ignore_collect [hook]
                path: /home/luzfcb/projetos/rosie/.gitignore
                config: <_pytest.config.Config object at 0x7f19a9ecbf60>
            finish pytest_ignore_collect --> False [hook]
            pytest_collect_file [hook]
                path: /home/luzfcb/projetos/rosie/.gitignore
                parent: <Session 'rosie'>
            finish pytest_collect_file --> [] [hook]
            pytest_ignore_collect [hook]
                path: /home/luzfcb/projetos/rosie/.travis.yml
                config: <_pytest.config.Config object at 0x7f19a9ecbf60>
            finish pytest_ignore_collect --> False [hook]
            pytest_collect_file [hook]
                path: /home/luzfcb/projetos/rosie/.travis.yml
                parent: <Session 'rosie'>
            finish pytest_collect_file --> [] [hook]
            pytest_ignore_collect [hook]
                path: /home/luzfcb/projetos/rosie/AUTHORS.rst
                config: <_pytest.config.Config object at 0x7f19a9ecbf60>
            finish pytest_ignore_collect --> False [hook]
            pytest_collect_file [hook]
                path: /home/luzfcb/projetos/rosie/AUTHORS.rst
                parent: <Session 'rosie'>
            finish pytest_collect_file --> [<DoctestTextfile 'AUTHORS.rst'>] [hook]
            pytest_ignore_collect [hook]
                path: /home/luzfcb/projetos/rosie/CHANGELOG.rst
                config: <_pytest.config.Config object at 0x7f19a9ecbf60>
            finish pytest_ignore_collect --> False [hook]
            pytest_collect_file [hook]
                path: /home/luzfcb/projetos/rosie/CHANGELOG.rst
                parent: <Session 'rosie'>
            finish pytest_collect_file --> [<DoctestTextfile 'CHANGELOG.rst'>] [hook]
            pytest_ignore_collect [hook]
                path: /home/luzfcb/projetos/rosie/CONTRIBUTING.rst
                config: <_pytest.config.Config object at 0x7f19a9ecbf60>
            finish pytest_ignore_collect --> False [hook]
            pytest_collect_file [hook]
                path: /home/luzfcb/projetos/rosie/CONTRIBUTING.rst
                parent: <Session 'rosie'>
            finish pytest_collect_file --> [<DoctestTextfile 'CONTRIBUTING.rst'>] [hook]
            pytest_ignore_collect [hook]
                path: /home/luzfcb/projetos/rosie/Dockerfile
                config: <_pytest.config.Config object at 0x7f19a9ecbf60>
            finish pytest_ignore_collect --> False [hook]
            pytest_collect_file [hook]
                path: /home/luzfcb/projetos/rosie/Dockerfile
                parent: <Session 'rosie'>
            finish pytest_collect_file --> [] [hook]
            pytest_ignore_collect [hook]
                path: /home/luzfcb/projetos/rosie/LICENSE
                config: <_pytest.config.Config object at 0x7f19a9ecbf60>
            finish pytest_ignore_collect --> False [hook]
            pytest_collect_file [hook]
                path: /home/luzfcb/projetos/rosie/LICENSE
                parent: <Session 'rosie'>
            finish pytest_collect_file --> [] [hook]
            pytest_ignore_collect [hook]
                path: /home/luzfcb/projetos/rosie/MANIFEST.in
                config: <_pytest.config.Config object at 0x7f19a9ecbf60>
            finish pytest_ignore_collect --> False [hook]
            pytest_collect_file [hook]
                path: /home/luzfcb/projetos/rosie/MANIFEST.in
                parent: <Session 'rosie'>
            finish pytest_collect_file --> [] [hook]
            pytest_ignore_collect [hook]
                path: /home/luzfcb/projetos/rosie/README.md
                config: <_pytest.config.Config object at 0x7f19a9ecbf60>
            finish pytest_ignore_collect --> False [hook]
            pytest_collect_file [hook]
                path: /home/luzfcb/projetos/rosie/README.md
                parent: <Session 'rosie'>
            finish pytest_collect_file --> [] [hook]
            pytest_ignore_collect [hook]
                path: /home/luzfcb/projetos/rosie/README.rst
                config: <_pytest.config.Config object at 0x7f19a9ecbf60>
            finish pytest_ignore_collect --> False [hook]
            pytest_collect_file [hook]
                path: /home/luzfcb/projetos/rosie/README.rst
                parent: <Session 'rosie'>
            finish pytest_collect_file --> [<DoctestTextfile 'README.rst'>] [hook]
            pytest_ignore_collect [hook]
                path: /home/luzfcb/projetos/rosie/pytestdebug.log
                config: <_pytest.config.Config object at 0x7f19a9ecbf60>
            finish pytest_ignore_collect --> False [hook]
            pytest_collect_file [hook]
                path: /home/luzfcb/projetos/rosie/pytestdebug.log
                parent: <Session 'rosie'>
            finish pytest_collect_file --> [] [hook]
            pytest_ignore_collect [hook]
                path: /home/luzfcb/projetos/rosie/requirements.txt
                config: <_pytest.config.Config object at 0x7f19a9ecbf60>
            finish pytest_ignore_collect --> False [hook]
            pytest_collect_file [hook]
                path: /home/luzfcb/projetos/rosie/requirements.txt
                parent: <Session 'rosie'>
            finish pytest_collect_file --> [] [hook]
            pytest_ignore_collect [hook]
                path: /home/luzfcb/projetos/rosie/rosie.py
                config: <_pytest.config.Config object at 0x7f19a9ecbf60>
            finish pytest_ignore_collect --> False [hook]
            pytest_collect_file [hook]
                path: /home/luzfcb/projetos/rosie/rosie.py
                parent: <Session 'rosie'>
            finish pytest_collect_file --> [<DoctestModule 'rosie.py'>] [hook]
            pytest_ignore_collect [hook]
                path: /home/luzfcb/projetos/rosie/setup
                config: <_pytest.config.Config object at 0x7f19a9ecbf60>
            finish pytest_ignore_collect --> False [hook]
            pytest_collect_file [hook]
                path: /home/luzfcb/projetos/rosie/setup
                parent: <Session 'rosie'>
            finish pytest_collect_file --> [] [hook]
            pytest_ignore_collect [hook]
                path: /home/luzfcb/projetos/rosie/setup.cfg
                config: <_pytest.config.Config object at 0x7f19a9ecbf60>
            finish pytest_ignore_collect --> False [hook]
            pytest_collect_file [hook]
                path: /home/luzfcb/projetos/rosie/setup.cfg
                parent: <Session 'rosie'>
            finish pytest_collect_file --> [] [hook]
            pytest_ignore_collect [hook]
                path: /home/luzfcb/projetos/rosie/setup.py
                config: <_pytest.config.Config object at 0x7f19a9ecbf60>
            finish pytest_ignore_collect --> True [hook]
            pytest_ignore_collect [hook]
                path: /home/luzfcb/projetos/rosie/tox.ini
                config: <_pytest.config.Config object at 0x7f19a9ecbf60>
            finish pytest_ignore_collect --> False [hook]
            pytest_collect_file [hook]
                path: /home/luzfcb/projetos/rosie/tox.ini
                parent: <Session 'rosie'>
            finish pytest_collect_file --> [] [hook]
            pytest_ignore_collect [hook]
                path: /home/luzfcb/projetos/rosie/.cache/v
                config: <_pytest.config.Config object at 0x7f19a9ecbf60>
            finish pytest_ignore_collect --> False [hook]
            pytest_collect_directory [hook]
                path: /home/luzfcb/projetos/rosie/.cache/v
                parent: <Session 'rosie'>
            finish pytest_collect_directory --> None [hook]
            pytest_ignore_collect [hook]
                path: /home/luzfcb/projetos/rosie/.cache/v/cache
                config: <_pytest.config.Config object at 0x7f19a9ecbf60>
            finish pytest_ignore_collect --> False [hook]
            pytest_collect_directory [hook]
                path: /home/luzfcb/projetos/rosie/.cache/v/cache
                parent: <Session 'rosie'>
            finish pytest_collect_directory --> None [hook]
            pytest_ignore_collect [hook]
                path: /home/luzfcb/projetos/rosie/.cache/v/cache/lastfailed
                config: <_pytest.config.Config object at 0x7f19a9ecbf60>
            finish pytest_ignore_collect --> False [hook]
            pytest_collect_file [hook]
                path: /home/luzfcb/projetos/rosie/.cache/v/cache/lastfailed
                parent: <Session 'rosie'>
            finish pytest_collect_file --> [] [hook]
            pytest_ignore_collect [hook]
                path: /home/luzfcb/projetos/rosie/.idea/inspectionProfiles
                config: <_pytest.config.Config object at 0x7f19a9ecbf60>
            finish pytest_ignore_collect --> False [hook]
            pytest_collect_directory [hook]
                path: /home/luzfcb/projetos/rosie/.idea/inspectionProfiles
                parent: <Session 'rosie'>
            finish pytest_collect_directory --> None [hook]
            pytest_ignore_collect [hook]
                path: /home/luzfcb/projetos/rosie/.idea/misc.xml
                config: <_pytest.config.Config object at 0x7f19a9ecbf60>
            finish pytest_ignore_collect --> False [hook]
            pytest_collect_file [hook]
                path: /home/luzfcb/projetos/rosie/.idea/misc.xml
                parent: <Session 'rosie'>
            finish pytest_collect_file --> [] [hook]
            pytest_ignore_collect [hook]
                path: /home/luzfcb/projetos/rosie/.idea/modules.xml
                config: <_pytest.config.Config object at 0x7f19a9ecbf60>
            finish pytest_ignore_collect --> False [hook]
            pytest_collect_file [hook]
                path: /home/luzfcb/projetos/rosie/.idea/modules.xml
                parent: <Session 'rosie'>
            finish pytest_collect_file --> [] [hook]
            pytest_ignore_collect [hook]
                path: /home/luzfcb/projetos/rosie/.idea/rosie.iml
                config: <_pytest.config.Config object at 0x7f19a9ecbf60>
            finish pytest_ignore_collect --> False [hook]
            pytest_collect_file [hook]
                path: /home/luzfcb/projetos/rosie/.idea/rosie.iml
                parent: <Session 'rosie'>
            finish pytest_collect_file --> [] [hook]
            pytest_ignore_collect [hook]
                path: /home/luzfcb/projetos/rosie/.idea/vcs.xml
                config: <_pytest.config.Config object at 0x7f19a9ecbf60>
            finish pytest_ignore_collect --> False [hook]
            pytest_collect_file [hook]
                path: /home/luzfcb/projetos/rosie/.idea/vcs.xml
                parent: <Session 'rosie'>
            finish pytest_collect_file --> [] [hook]
            pytest_ignore_collect [hook]
                path: /home/luzfcb/projetos/rosie/.idea/workspace.xml
                config: <_pytest.config.Config object at 0x7f19a9ecbf60>
            finish pytest_ignore_collect --> False [hook]
            pytest_collect_file [hook]
                path: /home/luzfcb/projetos/rosie/.idea/workspace.xml
                parent: <Session 'rosie'>
            finish pytest_collect_file --> [] [hook]
            pytest_ignore_collect [hook]
                path: /home/luzfcb/projetos/rosie/.idea/inspectionProfiles/profiles_settings.xml
                config: <_pytest.config.Config object at 0x7f19a9ecbf60>
            finish pytest_ignore_collect --> False [hook]
            pytest_collect_file [hook]
                path: /home/luzfcb/projetos/rosie/.idea/inspectionProfiles/profiles_settings.xml
                parent: <Session 'rosie'>
            finish pytest_collect_file --> [] [hook]
            pytest_ignore_collect [hook]
                path: /home/luzfcb/projetos/rosie/__pycache__/rosie.cpython-35.pyc
                config: <_pytest.config.Config object at 0x7f19a9ecbf60>
            finish pytest_ignore_collect --> False [hook]
            pytest_collect_file [hook]
                path: /home/luzfcb/projetos/rosie/__pycache__/rosie.cpython-35.pyc
                parent: <Session 'rosie'>
            finish pytest_collect_file --> [] [hook]
            pytest_ignore_collect [hook]
                path: /home/luzfcb/projetos/rosie/docs/reference
                config: <_pytest.config.Config object at 0x7f19a9ecbf60>
            finish pytest_ignore_collect --> False [hook]
            pytest_collect_directory [hook]
                path: /home/luzfcb/projetos/rosie/docs/reference
                parent: <Session 'rosie'>
            finish pytest_collect_directory --> None [hook]
            pytest_ignore_collect [hook]
                path: /home/luzfcb/projetos/rosie/docs/authors.rst
                config: <_pytest.config.Config object at 0x7f19a9ecbf60>
            finish pytest_ignore_collect --> False [hook]
            pytest_collect_file [hook]
                path: /home/luzfcb/projetos/rosie/docs/authors.rst
                parent: <Session 'rosie'>
            finish pytest_collect_file --> [<DoctestTextfile 'docs/authors.rst'>] [hook]
            pytest_ignore_collect [hook]
                path: /home/luzfcb/projetos/rosie/docs/changelog.rst
                config: <_pytest.config.Config object at 0x7f19a9ecbf60>
            finish pytest_ignore_collect --> False [hook]
            pytest_collect_file [hook]
                path: /home/luzfcb/projetos/rosie/docs/changelog.rst
                parent: <Session 'rosie'>
            finish pytest_collect_file --> [<DoctestTextfile 'docs/changelog.rst'>] [hook]
            pytest_ignore_collect [hook]
                path: /home/luzfcb/projetos/rosie/docs/conf.py
                config: <_pytest.config.Config object at 0x7f19a9ecbf60>
            finish pytest_ignore_collect --> True [hook]
            pytest_ignore_collect [hook]
                path: /home/luzfcb/projetos/rosie/docs/contributing.rst
                config: <_pytest.config.Config object at 0x7f19a9ecbf60>
            finish pytest_ignore_collect --> False [hook]
            pytest_collect_file [hook]
                path: /home/luzfcb/projetos/rosie/docs/contributing.rst
                parent: <Session 'rosie'>
            finish pytest_collect_file --> [<DoctestTextfile 'docs/contributing.rst'>] [hook]
            pytest_ignore_collect [hook]
                path: /home/luzfcb/projetos/rosie/docs/index.rst
                config: <_pytest.config.Config object at 0x7f19a9ecbf60>
            finish pytest_ignore_collect --> False [hook]
            pytest_collect_file [hook]
                path: /home/luzfcb/projetos/rosie/docs/index.rst
                parent: <Session 'rosie'>
            finish pytest_collect_file --> [<DoctestTextfile 'docs/index.rst'>] [hook]
            pytest_ignore_collect [hook]
                path: /home/luzfcb/projetos/rosie/docs/installation.rst
                config: <_pytest.config.Config object at 0x7f19a9ecbf60>
            finish pytest_ignore_collect --> False [hook]
            pytest_collect_file [hook]
                path: /home/luzfcb/projetos/rosie/docs/installation.rst
                parent: <Session 'rosie'>
            finish pytest_collect_file --> [<DoctestTextfile 'docs/installation.rst'>] [hook]
            pytest_ignore_collect [hook]
                path: /home/luzfcb/projetos/rosie/docs/readme.rst
                config: <_pytest.config.Config object at 0x7f19a9ecbf60>
            finish pytest_ignore_collect --> False [hook]
            pytest_collect_file [hook]
                path: /home/luzfcb/projetos/rosie/docs/readme.rst
                parent: <Session 'rosie'>
            finish pytest_collect_file --> [<DoctestTextfile 'docs/readme.rst'>] [hook]
            pytest_ignore_collect [hook]
                path: /home/luzfcb/projetos/rosie/docs/requirements.txt
                config: <_pytest.config.Config object at 0x7f19a9ecbf60>
            finish pytest_ignore_collect --> False [hook]
            pytest_collect_file [hook]
                path: /home/luzfcb/projetos/rosie/docs/requirements.txt
                parent: <Session 'rosie'>
            finish pytest_collect_file --> [] [hook]
            pytest_ignore_collect [hook]
                path: /home/luzfcb/projetos/rosie/docs/spelling_wordlist.txt
                config: <_pytest.config.Config object at 0x7f19a9ecbf60>
            finish pytest_ignore_collect --> False [hook]
            pytest_collect_file [hook]
                path: /home/luzfcb/projetos/rosie/docs/spelling_wordlist.txt
                parent: <Session 'rosie'>
            finish pytest_collect_file --> [] [hook]
            pytest_ignore_collect [hook]
                path: /home/luzfcb/projetos/rosie/docs/usage.rst
                config: <_pytest.config.Config object at 0x7f19a9ecbf60>
            finish pytest_ignore_collect --> False [hook]
            pytest_collect_file [hook]
                path: /home/luzfcb/projetos/rosie/docs/usage.rst
                parent: <Session 'rosie'>
            finish pytest_collect_file --> [<DoctestTextfile 'docs/usage.rst'>] [hook]
            pytest_ignore_collect [hook]
                path: /home/luzfcb/projetos/rosie/docs/reference/index.rst
                config: <_pytest.config.Config object at 0x7f19a9ecbf60>
            finish pytest_ignore_collect --> False [hook]
            pytest_collect_file [hook]
                path: /home/luzfcb/projetos/rosie/docs/reference/index.rst
                parent: <Session 'rosie'>
            finish pytest_collect_file --> [<DoctestTextfile 'docs/reference/index.rst'>] [hook]
            pytest_ignore_collect [hook]
                path: /home/luzfcb/projetos/rosie/docs/reference/rosie.rst
                config: <_pytest.config.Config object at 0x7f19a9ecbf60>
            finish pytest_ignore_collect --> False [hook]
            pytest_collect_file [hook]
                path: /home/luzfcb/projetos/rosie/docs/reference/rosie.rst
                parent: <Session 'rosie'>
            finish pytest_collect_file --> [<DoctestTextfile 'docs/reference/rosie.rst'>] [hook]
            pytest_ignore_collect [hook]
                path: /home/luzfcb/projetos/rosie/src/rosie
                config: <_pytest.config.Config object at 0x7f19a9ecbf60>
            finish pytest_ignore_collect --> False [hook]
            pytest_collect_directory [hook]
                path: /home/luzfcb/projetos/rosie/src/rosie
                parent: <Session 'rosie'>
            finish pytest_collect_directory --> None [hook]
            pytest_ignore_collect [hook]
                path: /home/luzfcb/projetos/rosie/src/rosie.egg-info
                config: <_pytest.config.Config object at 0x7f19a9ecbf60>
            finish pytest_ignore_collect --> False [hook]
            pytest_collect_directory [hook]
                path: /home/luzfcb/projetos/rosie/src/rosie.egg-info
                parent: <Session 'rosie'>
            finish pytest_collect_directory --> None [hook]
            pytest_ignore_collect [hook]
                path: /home/luzfcb/projetos/rosie/src/rosie/chamber_of_deputies
                config: <_pytest.config.Config object at 0x7f19a9ecbf60>
            finish pytest_ignore_collect --> False [hook]
            pytest_collect_directory [hook]
                path: /home/luzfcb/projetos/rosie/src/rosie/chamber_of_deputies
                parent: <Session 'rosie'>
            finish pytest_collect_directory --> None [hook]
            pytest_ignore_collect [hook]
                path: /home/luzfcb/projetos/rosie/src/rosie/core
                config: <_pytest.config.Config object at 0x7f19a9ecbf60>
            finish pytest_ignore_collect --> False [hook]
            pytest_collect_directory [hook]
                path: /home/luzfcb/projetos/rosie/src/rosie/core
                parent: <Session 'rosie'>
            finish pytest_collect_directory --> None [hook]
            pytest_ignore_collect [hook]
                path: /home/luzfcb/projetos/rosie/src/rosie/__pycache__
                config: <_pytest.config.Config object at 0x7f19a9ecbf60>
            finish pytest_ignore_collect --> False [hook]
            pytest_collect_directory [hook]
                path: /home/luzfcb/projetos/rosie/src/rosie/__pycache__
                parent: <Session 'rosie'>
            finish pytest_collect_directory --> None [hook]
            pytest_ignore_collect [hook]
                path: /home/luzfcb/projetos/rosie/src/rosie/__init__.py
                config: <_pytest.config.Config object at 0x7f19a9ecbf60>
            finish pytest_ignore_collect --> False [hook]
            pytest_collect_file [hook]
                path: /home/luzfcb/projetos/rosie/src/rosie/__init__.py
                parent: <Session 'rosie'>
            finish pytest_collect_file --> [<DoctestModule 'src/rosie/__init__.py'>] [hook]
            pytest_ignore_collect [hook]
                path: /home/luzfcb/projetos/rosie/src/rosie/__main__.py
                config: <_pytest.config.Config object at 0x7f19a9ecbf60>
            finish pytest_ignore_collect --> False [hook]
            pytest_collect_file [hook]
                path: /home/luzfcb/projetos/rosie/src/rosie/__main__.py
                parent: <Session 'rosie'>
            finish pytest_collect_file --> [<DoctestModule 'src/rosie/__main__.py'>] [hook]
            pytest_ignore_collect [hook]
                path: /home/luzfcb/projetos/rosie/src/rosie/cli.py
                config: <_pytest.config.Config object at 0x7f19a9ecbf60>
            finish pytest_ignore_collect --> False [hook]
            pytest_collect_file [hook]
                path: /home/luzfcb/projetos/rosie/src/rosie/cli.py
                parent: <Session 'rosie'>
            finish pytest_collect_file --> [<DoctestModule 'src/rosie/cli.py'>] [hook]
            pytest_ignore_collect [hook]
                path: /home/luzfcb/projetos/rosie/src/rosie/__pycache__/__init__.cpython-35.pyc
                config: <_pytest.config.Config object at 0x7f19a9ecbf60>
            finish pytest_ignore_collect --> False [hook]
            pytest_collect_file [hook]
                path: /home/luzfcb/projetos/rosie/src/rosie/__pycache__/__init__.cpython-35.pyc
                parent: <Session 'rosie'>
            finish pytest_collect_file --> [] [hook]
            pytest_ignore_collect [hook]
                path: /home/luzfcb/projetos/rosie/src/rosie/__pycache__/cli.cpython-35.pyc
                config: <_pytest.config.Config object at 0x7f19a9ecbf60>
            finish pytest_ignore_collect --> False [hook]
            pytest_collect_file [hook]
                path: /home/luzfcb/projetos/rosie/src/rosie/__pycache__/cli.cpython-35.pyc
                parent: <Session 'rosie'>
            finish pytest_collect_file --> [] [hook]
            pytest_ignore_collect [hook]
                path: /home/luzfcb/projetos/rosie/src/rosie/chamber_of_deputies/__pycache__
                config: <_pytest.config.Config object at 0x7f19a9ecbf60>
            finish pytest_ignore_collect --> False [hook]
            pytest_collect_directory [hook]
                path: /home/luzfcb/projetos/rosie/src/rosie/chamber_of_deputies/__pycache__
                parent: <Session 'rosie'>
            finish pytest_collect_directory --> None [hook]
            pytest_ignore_collect [hook]
                path: /home/luzfcb/projetos/rosie/src/rosie/chamber_of_deputies/classifiers
                config: <_pytest.config.Config object at 0x7f19a9ecbf60>
            finish pytest_ignore_collect --> False [hook]
            pytest_collect_directory [hook]
                path: /home/luzfcb/projetos/rosie/src/rosie/chamber_of_deputies/classifiers
                parent: <Session 'rosie'>
            finish pytest_collect_directory --> None [hook]
            pytest_ignore_collect [hook]
                path: /home/luzfcb/projetos/rosie/src/rosie/chamber_of_deputies/__init__.py
                config: <_pytest.config.Config object at 0x7f19a9ecbf60>
            finish pytest_ignore_collect --> False [hook]
            pytest_collect_file [hook]
                path: /home/luzfcb/projetos/rosie/src/rosie/chamber_of_deputies/__init__.py
                parent: <Session 'rosie'>
            finish pytest_collect_file --> [<DoctestModule 'src/rosie/chamber_of_deputies/__init__.py'>] [hook]
            pytest_ignore_collect [hook]
                path: /home/luzfcb/projetos/rosie/src/rosie/chamber_of_deputies/adapter.py
                config: <_pytest.config.Config object at 0x7f19a9ecbf60>
            finish pytest_ignore_collect --> False [hook]
            pytest_collect_file [hook]
                path: /home/luzfcb/projetos/rosie/src/rosie/chamber_of_deputies/adapter.py
                parent: <Session 'rosie'>
            finish pytest_collect_file --> [<DoctestModule 'src/rosie/chamber_of_deputies/adapter.py'>] [hook]
            pytest_ignore_collect [hook]
                path: /home/luzfcb/projetos/rosie/src/rosie/chamber_of_deputies/settings.py
                config: <_pytest.config.Config object at 0x7f19a9ecbf60>
            finish pytest_ignore_collect --> False [hook]
            pytest_collect_file [hook]
                path: /home/luzfcb/projetos/rosie/src/rosie/chamber_of_deputies/settings.py
                parent: <Session 'rosie'>
            finish pytest_collect_file --> [<DoctestModule 'src/rosie/chamber_of_deputies/settings.py'>] [hook]
            pytest_ignore_collect [hook]
                path: /home/luzfcb/projetos/rosie/src/rosie/chamber_of_deputies/__pycache__/__init__.cpython-35.pyc
                config: <_pytest.config.Config object at 0x7f19a9ecbf60>
            finish pytest_ignore_collect --> False [hook]
            pytest_collect_file [hook]
                path: /home/luzfcb/projetos/rosie/src/rosie/chamber_of_deputies/__pycache__/__init__.cpython-35.pyc
                parent: <Session 'rosie'>
            finish pytest_collect_file --> [] [hook]
            pytest_ignore_collect [hook]
                path: /home/luzfcb/projetos/rosie/src/rosie/chamber_of_deputies/__pycache__/adapter.cpython-35.pyc
                config: <_pytest.config.Config object at 0x7f19a9ecbf60>
            finish pytest_ignore_collect --> False [hook]
            pytest_collect_file [hook]
                path: /home/luzfcb/projetos/rosie/src/rosie/chamber_of_deputies/__pycache__/adapter.cpython-35.pyc
                parent: <Session 'rosie'>
            finish pytest_collect_file --> [] [hook]
            pytest_ignore_collect [hook]
                path: /home/luzfcb/projetos/rosie/src/rosie/chamber_of_deputies/__pycache__/settings.cpython-35.pyc
                config: <_pytest.config.Config object at 0x7f19a9ecbf60>
            finish pytest_ignore_collect --> False [hook]
            pytest_collect_file [hook]
                path: /home/luzfcb/projetos/rosie/src/rosie/chamber_of_deputies/__pycache__/settings.cpython-35.pyc
                parent: <Session 'rosie'>
            finish pytest_collect_file --> [] [hook]
            pytest_ignore_collect [hook]
                path: /home/luzfcb/projetos/rosie/src/rosie/chamber_of_deputies/classifiers/__pycache__
                config: <_pytest.config.Config object at 0x7f19a9ecbf60>
            finish pytest_ignore_collect --> False [hook]
            pytest_collect_directory [hook]
                path: /home/luzfcb/projetos/rosie/src/rosie/chamber_of_deputies/classifiers/__pycache__
                parent: <Session 'rosie'>
            finish pytest_collect_directory --> None [hook]
            pytest_ignore_collect [hook]
                path: /home/luzfcb/projetos/rosie/src/rosie/chamber_of_deputies/classifiers/__init__.py
                config: <_pytest.config.Config object at 0x7f19a9ecbf60>
            finish pytest_ignore_collect --> False [hook]
            pytest_collect_file [hook]
                path: /home/luzfcb/projetos/rosie/src/rosie/chamber_of_deputies/classifiers/__init__.py
                parent: <Session 'rosie'>
            finish pytest_collect_file --> [<DoctestModule 'src/rosie/chamber_of_deputies/classifiers/__init__.py'>] [hook]
            pytest_ignore_collect [hook]
                path: /home/luzfcb/projetos/rosie/src/rosie/chamber_of_deputies/classifiers/election_expenses_classifier.py
                config: <_pytest.config.Config object at 0x7f19a9ecbf60>
            finish pytest_ignore_collect --> False [hook]
            pytest_collect_file [hook]
                path: /home/luzfcb/projetos/rosie/src/rosie/chamber_of_deputies/classifiers/election_expenses_classifier.py
                parent: <Session 'rosie'>
            finish pytest_collect_file --> [<DoctestModule 'src/rosie/chamber_of_deputies/classifiers/election_expenses_classifier.py'>] [hook]
            pytest_ignore_collect [hook]
                path: /home/luzfcb/projetos/rosie/src/rosie/chamber_of_deputies/classifiers/irregular_companies_classifier.py
                config: <_pytest.config.Config object at 0x7f19a9ecbf60>
            finish pytest_ignore_collect --> False [hook]
            pytest_collect_file [hook]
                path: /home/luzfcb/projetos/rosie/src/rosie/chamber_of_deputies/classifiers/irregular_companies_classifier.py
                parent: <Session 'rosie'>
            finish pytest_collect_file --> [<DoctestModule 'src/rosie/chamber_of_deputies/classifiers/irregular_companies_classifier.py'>] [hook]
            pytest_ignore_collect [hook]
                path: /home/luzfcb/projetos/rosie/src/rosie/chamber_of_deputies/classifiers/meal_price_outlier_classifier.py
                config: <_pytest.config.Config object at 0x7f19a9ecbf60>
            finish pytest_ignore_collect --> False [hook]
            pytest_collect_file [hook]
                path: /home/luzfcb/projetos/rosie/src/rosie/chamber_of_deputies/classifiers/meal_price_outlier_classifier.py
                parent: <Session 'rosie'>
            finish pytest_collect_file --> [<DoctestModule 'src/rosie/chamber_of_deputies/classifiers/meal_price_outlier_classifier.py'>] [hook]
            pytest_ignore_collect [hook]
                path: /home/luzfcb/projetos/rosie/src/rosie/chamber_of_deputies/classifiers/monthly_subquota_limit_classifier.py
                config: <_pytest.config.Config object at 0x7f19a9ecbf60>
            finish pytest_ignore_collect --> False [hook]
            pytest_collect_file [hook]
                path: /home/luzfcb/projetos/rosie/src/rosie/chamber_of_deputies/classifiers/monthly_subquota_limit_classifier.py
                parent: <Session 'rosie'>
            finish pytest_collect_file --> [<DoctestModule 'src/rosie/chamber_of_deputies/classifiers/monthly_subquota_limit_classifier.py'>] [hook]
            pytest_ignore_collect [hook]
                path: /home/luzfcb/projetos/rosie/src/rosie/chamber_of_deputies/classifiers/traveled_speeds_classifier.py
                config: <_pytest.config.Config object at 0x7f19a9ecbf60>
            finish pytest_ignore_collect --> False [hook]
            pytest_collect_file [hook]
                path: /home/luzfcb/projetos/rosie/src/rosie/chamber_of_deputies/classifiers/traveled_speeds_classifier.py
                parent: <Session 'rosie'>
            finish pytest_collect_file --> [<DoctestModule 'src/rosie/chamber_of_deputies/classifiers/traveled_speeds_classifier.py'>] [hook]
            pytest_ignore_collect [hook]
                path: /home/luzfcb/projetos/rosie/src/rosie/chamber_of_deputies/classifiers/__pycache__/__init__.cpython-35.pyc
                config: <_pytest.config.Config object at 0x7f19a9ecbf60>
            finish pytest_ignore_collect --> False [hook]
            pytest_collect_file [hook]
                path: /home/luzfcb/projetos/rosie/src/rosie/chamber_of_deputies/classifiers/__pycache__/__init__.cpython-35.pyc
                parent: <Session 'rosie'>
            finish pytest_collect_file --> [] [hook]
            pytest_ignore_collect [hook]
                path: /home/luzfcb/projetos/rosie/src/rosie/chamber_of_deputies/classifiers/__pycache__/election_expenses_classifier.cpython-35.pyc
                config: <_pytest.config.Config object at 0x7f19a9ecbf60>
            finish pytest_ignore_collect --> False [hook]
            pytest_collect_file [hook]
                path: /home/luzfcb/projetos/rosie/src/rosie/chamber_of_deputies/classifiers/__pycache__/election_expenses_classifier.cpython-35.pyc
                parent: <Session 'rosie'>
            finish pytest_collect_file --> [] [hook]
            pytest_ignore_collect [hook]
                path: /home/luzfcb/projetos/rosie/src/rosie/chamber_of_deputies/classifiers/__pycache__/irregular_companies_classifier.cpython-35.pyc
                config: <_pytest.config.Config object at 0x7f19a9ecbf60>
            finish pytest_ignore_collect --> False [hook]
            pytest_collect_file [hook]
                path: /home/luzfcb/projetos/rosie/src/rosie/chamber_of_deputies/classifiers/__pycache__/irregular_companies_classifier.cpython-35.pyc
                parent: <Session 'rosie'>
            finish pytest_collect_file --> [] [hook]
            pytest_ignore_collect [hook]
                path: /home/luzfcb/projetos/rosie/src/rosie/chamber_of_deputies/classifiers/__pycache__/meal_price_outlier_classifier.cpython-35.pyc
                config: <_pytest.config.Config object at 0x7f19a9ecbf60>
            finish pytest_ignore_collect --> False [hook]
            pytest_collect_file [hook]
                path: /home/luzfcb/projetos/rosie/src/rosie/chamber_of_deputies/classifiers/__pycache__/meal_price_outlier_classifier.cpython-35.pyc
                parent: <Session 'rosie'>
            finish pytest_collect_file --> [] [hook]
            pytest_ignore_collect [hook]
                path: /home/luzfcb/projetos/rosie/src/rosie/chamber_of_deputies/classifiers/__pycache__/monthly_subquota_limit_classifier.cpython-35.pyc
                config: <_pytest.config.Config object at 0x7f19a9ecbf60>
            finish pytest_ignore_collect --> False [hook]
            pytest_collect_file [hook]
                path: /home/luzfcb/projetos/rosie/src/rosie/chamber_of_deputies/classifiers/__pycache__/monthly_subquota_limit_classifier.cpython-35.pyc
                parent: <Session 'rosie'>
            finish pytest_collect_file --> [] [hook]
            pytest_ignore_collect [hook]
                path: /home/luzfcb/projetos/rosie/src/rosie/chamber_of_deputies/classifiers/__pycache__/traveled_speeds_classifier.cpython-35.pyc
                config: <_pytest.config.Config object at 0x7f19a9ecbf60>
            finish pytest_ignore_collect --> False [hook]
            pytest_collect_file [hook]
                path: /home/luzfcb/projetos/rosie/src/rosie/chamber_of_deputies/classifiers/__pycache__/traveled_speeds_classifier.cpython-35.pyc
                parent: <Session 'rosie'>
            finish pytest_collect_file --> [] [hook]
            pytest_ignore_collect [hook]
                path: /home/luzfcb/projetos/rosie/src/rosie/core/tests
                config: <_pytest.config.Config object at 0x7f19a9ecbf60>
            finish pytest_ignore_collect --> False [hook]
            pytest_collect_directory [hook]
                path: /home/luzfcb/projetos/rosie/src/rosie/core/tests
                parent: <Session 'rosie'>
            finish pytest_collect_directory --> None [hook]
            pytest_ignore_collect [hook]
                path: /home/luzfcb/projetos/rosie/src/rosie/core/__pycache__
                config: <_pytest.config.Config object at 0x7f19a9ecbf60>
            finish pytest_ignore_collect --> False [hook]
            pytest_collect_directory [hook]
                path: /home/luzfcb/projetos/rosie/src/rosie/core/__pycache__
                parent: <Session 'rosie'>
            finish pytest_collect_directory --> None [hook]
            pytest_ignore_collect [hook]
                path: /home/luzfcb/projetos/rosie/src/rosie/core/classifiers
                config: <_pytest.config.Config object at 0x7f19a9ecbf60>
            finish pytest_ignore_collect --> False [hook]
            pytest_collect_directory [hook]
                path: /home/luzfcb/projetos/rosie/src/rosie/core/classifiers
                parent: <Session 'rosie'>
            finish pytest_collect_directory --> None [hook]
            pytest_ignore_collect [hook]
                path: /home/luzfcb/projetos/rosie/src/rosie/core/__init__.py
                config: <_pytest.config.Config object at 0x7f19a9ecbf60>
            finish pytest_ignore_collect --> False [hook]
            pytest_collect_file [hook]
                path: /home/luzfcb/projetos/rosie/src/rosie/core/__init__.py
                parent: <Session 'rosie'>
            finish pytest_collect_file --> [<DoctestModule 'src/rosie/core/__init__.py'>] [hook]
            pytest_ignore_collect [hook]
                path: /home/luzfcb/projetos/rosie/src/rosie/core/__pycache__/__init__.cpython-35.pyc
                config: <_pytest.config.Config object at 0x7f19a9ecbf60>
            finish pytest_ignore_collect --> False [hook]
            pytest_collect_file [hook]
                path: /home/luzfcb/projetos/rosie/src/rosie/core/__pycache__/__init__.cpython-35.pyc
                parent: <Session 'rosie'>
            finish pytest_collect_file --> [] [hook]
            pytest_ignore_collect [hook]
                path: /home/luzfcb/projetos/rosie/src/rosie/core/classifiers/__pycache__
                config: <_pytest.config.Config object at 0x7f19a9ecbf60>
            finish pytest_ignore_collect --> False [hook]
            pytest_collect_directory [hook]
                path: /home/luzfcb/projetos/rosie/src/rosie/core/classifiers/__pycache__
                parent: <Session 'rosie'>
            finish pytest_collect_directory --> None [hook]
            pytest_ignore_collect [hook]
                path: /home/luzfcb/projetos/rosie/src/rosie/core/classifiers/__init__.py
                config: <_pytest.config.Config object at 0x7f19a9ecbf60>
            finish pytest_ignore_collect --> False [hook]
            pytest_collect_file [hook]
                path: /home/luzfcb/projetos/rosie/src/rosie/core/classifiers/__init__.py
                parent: <Session 'rosie'>
            finish pytest_collect_file --> [<DoctestModule 'src/rosie/core/classifiers/__init__.py'>] [hook]
            pytest_ignore_collect [hook]
                path: /home/luzfcb/projetos/rosie/src/rosie/core/classifiers/invalid_cnpj_cpf_classifier.py
                config: <_pytest.config.Config object at 0x7f19a9ecbf60>
            finish pytest_ignore_collect --> False [hook]
            pytest_collect_file [hook]
                path: /home/luzfcb/projetos/rosie/src/rosie/core/classifiers/invalid_cnpj_cpf_classifier.py
                parent: <Session 'rosie'>
            finish pytest_collect_file --> [<DoctestModule 'src/rosie/core/classifiers/invalid_cnpj_cpf_classifier.py'>] [hook]
            pytest_ignore_collect [hook]
                path: /home/luzfcb/projetos/rosie/src/rosie/core/classifiers/__pycache__/__init__.cpython-35.pyc
                config: <_pytest.config.Config object at 0x7f19a9ecbf60>
            finish pytest_ignore_collect --> False [hook]
            pytest_collect_file [hook]
                path: /home/luzfcb/projetos/rosie/src/rosie/core/classifiers/__pycache__/__init__.cpython-35.pyc
                parent: <Session 'rosie'>
            finish pytest_collect_file --> [] [hook]
            pytest_ignore_collect [hook]
                path: /home/luzfcb/projetos/rosie/src/rosie/core/classifiers/__pycache__/invalid_cnpj_cpf_classifier.cpython-35.pyc
                config: <_pytest.config.Config object at 0x7f19a9ecbf60>
            finish pytest_ignore_collect --> False [hook]
            pytest_collect_file [hook]
                path: /home/luzfcb/projetos/rosie/src/rosie/core/classifiers/__pycache__/invalid_cnpj_cpf_classifier.cpython-35.pyc
                parent: <Session 'rosie'>
            finish pytest_collect_file --> [] [hook]
            pytest_ignore_collect [hook]
                path: /home/luzfcb/projetos/rosie/src/rosie/core/tests/fixtures
                config: <_pytest.config.Config object at 0x7f19a9ecbf60>
            finish pytest_ignore_collect --> False [hook]
            pytest_collect_directory [hook]
                path: /home/luzfcb/projetos/rosie/src/rosie/core/tests/fixtures
                parent: <Session 'rosie'>
            finish pytest_collect_directory --> None [hook]
            pytest_ignore_collect [hook]
                path: /home/luzfcb/projetos/rosie/src/rosie/core/tests/__pycache__
                config: <_pytest.config.Config object at 0x7f19a9ecbf60>
            finish pytest_ignore_collect --> False [hook]
            pytest_collect_directory [hook]
                path: /home/luzfcb/projetos/rosie/src/rosie/core/tests/__pycache__
                parent: <Session 'rosie'>
            finish pytest_collect_directory --> None [hook]
            pytest_ignore_collect [hook]
                path: /home/luzfcb/projetos/rosie/src/rosie/core/tests/__init__.py
                config: <_pytest.config.Config object at 0x7f19a9ecbf60>
            finish pytest_ignore_collect --> False [hook]
            pytest_collect_file [hook]
                path: /home/luzfcb/projetos/rosie/src/rosie/core/tests/__init__.py
                parent: <Session 'rosie'>
            finish pytest_collect_file --> [<DoctestModule 'src/rosie/core/tests/__init__.py'>] [hook]
            pytest_ignore_collect [hook]
                path: /home/luzfcb/projetos/rosie/src/rosie/core/tests/test_invalid_cnpj_cpf_classifier.py
                config: <_pytest.config.Config object at 0x7f19a9ecbf60>
            finish pytest_ignore_collect --> False [hook]
            pytest_collect_file [hook]
                path: /home/luzfcb/projetos/rosie/src/rosie/core/tests/test_invalid_cnpj_cpf_classifier.py
                parent: <Session 'rosie'>
              pytest_pycollect_makemodule [hook]
                  path: /home/luzfcb/projetos/rosie/src/rosie/core/tests/test_invalid_cnpj_cpf_classifier.py
                  parent: <Session 'rosie'>
              finish pytest_pycollect_makemodule --> <Module 'src/rosie/core/tests/test_invalid_cnpj_cpf_classifier.py'> [hook]
            finish pytest_collect_file --> [<DoctestModule 'src/rosie/core/tests/test_invalid_cnpj_cpf_classifier.py'>, <Module 'src/rosie/core/tests/test_invalid_cnpj_cpf_classifier.py'>] [hook]
            pytest_ignore_collect [hook]
                path: /home/luzfcb/projetos/rosie/src/rosie/core/tests/__pycache__/__init__.cpython-35.pyc
                config: <_pytest.config.Config object at 0x7f19a9ecbf60>
            finish pytest_ignore_collect --> False [hook]
            pytest_collect_file [hook]
                path: /home/luzfcb/projetos/rosie/src/rosie/core/tests/__pycache__/__init__.cpython-35.pyc
                parent: <Session 'rosie'>
            finish pytest_collect_file --> [] [hook]
            pytest_ignore_collect [hook]
                path: /home/luzfcb/projetos/rosie/src/rosie/core/tests/__pycache__/test_invalid_cnpj_cpf_classifier.cpython-35-PYTEST.pyc
                config: <_pytest.config.Config object at 0x7f19a9ecbf60>
            finish pytest_ignore_collect --> False [hook]
            pytest_collect_file [hook]
                path: /home/luzfcb/projetos/rosie/src/rosie/core/tests/__pycache__/test_invalid_cnpj_cpf_classifier.cpython-35-PYTEST.pyc
                parent: <Session 'rosie'>
            finish pytest_collect_file --> [] [hook]
            pytest_ignore_collect [hook]
                path: /home/luzfcb/projetos/rosie/src/rosie/core/tests/__pycache__/test_invalid_cnpj_cpf_classifier.cpython-35.pyc
                config: <_pytest.config.Config object at 0x7f19a9ecbf60>
            finish pytest_ignore_collect --> False [hook]
            pytest_collect_file [hook]
                path: /home/luzfcb/projetos/rosie/src/rosie/core/tests/__pycache__/test_invalid_cnpj_cpf_classifier.cpython-35.pyc
                parent: <Session 'rosie'>
            finish pytest_collect_file --> [] [hook]
            pytest_ignore_collect [hook]
                path: /home/luzfcb/projetos/rosie/src/rosie/core/tests/fixtures/invalid_cnpj_cpf_classifier.csv
                config: <_pytest.config.Config object at 0x7f19a9ecbf60>
            finish pytest_ignore_collect --> False [hook]
            pytest_collect_file [hook]
                path: /home/luzfcb/projetos/rosie/src/rosie/core/tests/fixtures/invalid_cnpj_cpf_classifier.csv
                parent: <Session 'rosie'>
            finish pytest_collect_file --> [] [hook]
            pytest_ignore_collect [hook]
                path: /home/luzfcb/projetos/rosie/src/rosie.egg-info/PKG-INFO
                config: <_pytest.config.Config object at 0x7f19a9ecbf60>
            finish pytest_ignore_collect --> False [hook]
            pytest_collect_file [hook]
                path: /home/luzfcb/projetos/rosie/src/rosie.egg-info/PKG-INFO
                parent: <Session 'rosie'>
            finish pytest_collect_file --> [] [hook]
            pytest_ignore_collect [hook]
                path: /home/luzfcb/projetos/rosie/src/rosie.egg-info/SOURCES.txt
                config: <_pytest.config.Config object at 0x7f19a9ecbf60>
            finish pytest_ignore_collect --> False [hook]
            pytest_collect_file [hook]
                path: /home/luzfcb/projetos/rosie/src/rosie.egg-info/SOURCES.txt
                parent: <Session 'rosie'>
            finish pytest_collect_file --> [] [hook]
            pytest_ignore_collect [hook]
                path: /home/luzfcb/projetos/rosie/src/rosie.egg-info/dependency_links.txt
                config: <_pytest.config.Config object at 0x7f19a9ecbf60>
            finish pytest_ignore_collect --> False [hook]
            pytest_collect_file [hook]
                path: /home/luzfcb/projetos/rosie/src/rosie.egg-info/dependency_links.txt
                parent: <Session 'rosie'>
            finish pytest_collect_file --> [] [hook]
            pytest_ignore_collect [hook]
                path: /home/luzfcb/projetos/rosie/src/rosie.egg-info/entry_points.txt
                config: <_pytest.config.Config object at 0x7f19a9ecbf60>
            finish pytest_ignore_collect --> False [hook]
            pytest_collect_file [hook]
                path: /home/luzfcb/projetos/rosie/src/rosie.egg-info/entry_points.txt
                parent: <Session 'rosie'>
            finish pytest_collect_file --> [] [hook]
            pytest_ignore_collect [hook]
                path: /home/luzfcb/projetos/rosie/src/rosie.egg-info/not-zip-safe
                config: <_pytest.config.Config object at 0x7f19a9ecbf60>
            finish pytest_ignore_collect --> False [hook]
            pytest_collect_file [hook]
                path: /home/luzfcb/projetos/rosie/src/rosie.egg-info/not-zip-safe
                parent: <Session 'rosie'>
            finish pytest_collect_file --> [] [hook]
            pytest_ignore_collect [hook]
                path: /home/luzfcb/projetos/rosie/src/rosie.egg-info/requires.txt
                config: <_pytest.config.Config object at 0x7f19a9ecbf60>
            finish pytest_ignore_collect --> False [hook]
            pytest_collect_file [hook]
                path: /home/luzfcb/projetos/rosie/src/rosie.egg-info/requires.txt
                parent: <Session 'rosie'>
            finish pytest_collect_file --> [] [hook]
            pytest_ignore_collect [hook]
                path: /home/luzfcb/projetos/rosie/src/rosie.egg-info/top_level.txt
                config: <_pytest.config.Config object at 0x7f19a9ecbf60>
            finish pytest_ignore_collect --> False [hook]
            pytest_collect_file [hook]
                path: /home/luzfcb/projetos/rosie/src/rosie.egg-info/top_level.txt
                parent: <Session 'rosie'>
            finish pytest_collect_file --> [] [hook]
            pytest_ignore_collect [hook]
                path: /home/luzfcb/projetos/rosie/tests/chamber_of_deputies
                config: <_pytest.config.Config object at 0x7f19a9ecbf60>
            finish pytest_ignore_collect --> False [hook]
            pytest_collect_directory [hook]
                path: /home/luzfcb/projetos/rosie/tests/chamber_of_deputies
                parent: <Session 'rosie'>
            finish pytest_collect_directory --> None [hook]
            pytest_ignore_collect [hook]
                path: /home/luzfcb/projetos/rosie/tests/__pycache__
                config: <_pytest.config.Config object at 0x7f19a9ecbf60>
            finish pytest_ignore_collect --> False [hook]
            pytest_collect_directory [hook]
                path: /home/luzfcb/projetos/rosie/tests/__pycache__
                parent: <Session 'rosie'>
            finish pytest_collect_directory --> None [hook]
            pytest_ignore_collect [hook]
                path: /home/luzfcb/projetos/rosie/tests/cli
                config: <_pytest.config.Config object at 0x7f19a9ecbf60>
            finish pytest_ignore_collect --> False [hook]
            pytest_collect_directory [hook]
                path: /home/luzfcb/projetos/rosie/tests/cli
                parent: <Session 'rosie'>
            finish pytest_collect_directory --> None [hook]
            pytest_ignore_collect [hook]
                path: /home/luzfcb/projetos/rosie/tests/__init__.py
                config: <_pytest.config.Config object at 0x7f19a9ecbf60>
            finish pytest_ignore_collect --> False [hook]
            pytest_collect_file [hook]
                path: /home/luzfcb/projetos/rosie/tests/__init__.py
                parent: <Session 'rosie'>
            finish pytest_collect_file --> [<DoctestModule 'tests/__init__.py'>] [hook]
            pytest_ignore_collect [hook]
                path: /home/luzfcb/projetos/rosie/tests/__pycache__/__init__.cpython-35.pyc
                config: <_pytest.config.Config object at 0x7f19a9ecbf60>
            finish pytest_ignore_collect --> False [hook]
            pytest_collect_file [hook]
                path: /home/luzfcb/projetos/rosie/tests/__pycache__/__init__.cpython-35.pyc
                parent: <Session 'rosie'>
            finish pytest_collect_file --> [] [hook]
            pytest_ignore_collect [hook]
                path: /home/luzfcb/projetos/rosie/tests/chamber_of_deputies/fixtures
                config: <_pytest.config.Config object at 0x7f19a9ecbf60>
            finish pytest_ignore_collect --> False [hook]
            pytest_collect_directory [hook]
                path: /home/luzfcb/projetos/rosie/tests/chamber_of_deputies/fixtures
                parent: <Session 'rosie'>
            finish pytest_collect_directory --> None [hook]
            pytest_ignore_collect [hook]
                path: /home/luzfcb/projetos/rosie/tests/chamber_of_deputies/__pycache__
                config: <_pytest.config.Config object at 0x7f19a9ecbf60>
            finish pytest_ignore_collect --> False [hook]
            pytest_collect_directory [hook]
                path: /home/luzfcb/projetos/rosie/tests/chamber_of_deputies/__pycache__
                parent: <Session 'rosie'>
            finish pytest_collect_directory --> None [hook]
            pytest_ignore_collect [hook]
                path: /home/luzfcb/projetos/rosie/tests/chamber_of_deputies/__init__.py
                config: <_pytest.config.Config object at 0x7f19a9ecbf60>
            finish pytest_ignore_collect --> False [hook]
            pytest_collect_file [hook]
                path: /home/luzfcb/projetos/rosie/tests/chamber_of_deputies/__init__.py
                parent: <Session 'rosie'>
              pytest_pycollect_makemodule [hook]
                  path: /home/luzfcb/projetos/rosie/tests/chamber_of_deputies/__init__.py
                  parent: <Session 'rosie'>
              finish pytest_pycollect_makemodule --> <Module 'tests/chamber_of_deputies/__init__.py'> [hook]
            finish pytest_collect_file --> [<DoctestModule 'tests/chamber_of_deputies/__init__.py'>, <Module 'tests/chamber_of_deputies/__init__.py'>] [hook]
            pytest_ignore_collect [hook]
                path: /home/luzfcb/projetos/rosie/tests/chamber_of_deputies/test_adapter.py
                config: <_pytest.config.Config object at 0x7f19a9ecbf60>
            finish pytest_ignore_collect --> False [hook]
            pytest_collect_file [hook]
                path: /home/luzfcb/projetos/rosie/tests/chamber_of_deputies/test_adapter.py
                parent: <Session 'rosie'>
              pytest_pycollect_makemodule [hook]
                  path: /home/luzfcb/projetos/rosie/tests/chamber_of_deputies/test_adapter.py
                  parent: <Session 'rosie'>
              finish pytest_pycollect_makemodule --> <Module 'tests/chamber_of_deputies/test_adapter.py'> [hook]
            finish pytest_collect_file --> [<DoctestModule 'tests/chamber_of_deputies/test_adapter.py'>, <Module 'tests/chamber_of_deputies/test_adapter.py'>] [hook]
            pytest_ignore_collect [hook]
                path: /home/luzfcb/projetos/rosie/tests/chamber_of_deputies/test_chamber_of_deputies.py
                config: <_pytest.config.Config object at 0x7f19a9ecbf60>
            finish pytest_ignore_collect --> False [hook]
            pytest_collect_file [hook]
                path: /home/luzfcb/projetos/rosie/tests/chamber_of_deputies/test_chamber_of_deputies.py
                parent: <Session 'rosie'>
              pytest_pycollect_makemodule [hook]
                  path: /home/luzfcb/projetos/rosie/tests/chamber_of_deputies/test_chamber_of_deputies.py
                  parent: <Session 'rosie'>
              finish pytest_pycollect_makemodule --> <Module 'tests/chamber_of_deputies/test_chamber_of_deputies.py'> [hook]
            finish pytest_collect_file --> [<DoctestModule 'tests/chamber_of_deputies/test_chamber_of_deputies.py'>, <Module 'tests/chamber_of_deputies/test_chamber_of_deputies.py'>] [hook]
            pytest_ignore_collect [hook]
                path: /home/luzfcb/projetos/rosie/tests/chamber_of_deputies/test_election_expenses_classifier.py
                config: <_pytest.config.Config object at 0x7f19a9ecbf60>
            finish pytest_ignore_collect --> False [hook]
            pytest_collect_file [hook]
                path: /home/luzfcb/projetos/rosie/tests/chamber_of_deputies/test_election_expenses_classifier.py
                parent: <Session 'rosie'>
              pytest_pycollect_makemodule [hook]
                  path: /home/luzfcb/projetos/rosie/tests/chamber_of_deputies/test_election_expenses_classifier.py
                  parent: <Session 'rosie'>
              finish pytest_pycollect_makemodule --> <Module 'tests/chamber_of_deputies/test_election_expenses_classifier.py'> [hook]
            finish pytest_collect_file --> [<DoctestModule 'tests/chamber_of_deputies/test_election_expenses_classifier.py'>, <Module 'tests/chamber_of_deputies/test_election_expenses_classifier.py'>] [hook]
            pytest_ignore_collect [hook]
                path: /home/luzfcb/projetos/rosie/tests/chamber_of_deputies/test_irregular_companies_classifier.py
                config: <_pytest.config.Config object at 0x7f19a9ecbf60>
            finish pytest_ignore_collect --> False [hook]
            pytest_collect_file [hook]
                path: /home/luzfcb/projetos/rosie/tests/chamber_of_deputies/test_irregular_companies_classifier.py
                parent: <Session 'rosie'>
              pytest_pycollect_makemodule [hook]
                  path: /home/luzfcb/projetos/rosie/tests/chamber_of_deputies/test_irregular_companies_classifier.py
                  parent: <Session 'rosie'>
              finish pytest_pycollect_makemodule --> <Module 'tests/chamber_of_deputies/test_irregular_companies_classifier.py'> [hook]
            finish pytest_collect_file --> [<DoctestModule 'tests/chamber_of_deputies/test_irregular_companies_classifier.py'>, <Module 'tests/chamber_of_deputies/test_irregular_companies_classifier.py'>] [hook]
            pytest_ignore_collect [hook]
                path: /home/luzfcb/projetos/rosie/tests/chamber_of_deputies/test_meal_price_outlier_classifier.py
                config: <_pytest.config.Config object at 0x7f19a9ecbf60>
            finish pytest_ignore_collect --> False [hook]
            pytest_collect_file [hook]
                path: /home/luzfcb/projetos/rosie/tests/chamber_of_deputies/test_meal_price_outlier_classifier.py
                parent: <Session 'rosie'>
              pytest_pycollect_makemodule [hook]
                  path: /home/luzfcb/projetos/rosie/tests/chamber_of_deputies/test_meal_price_outlier_classifier.py
                  parent: <Session 'rosie'>
              finish pytest_pycollect_makemodule --> <Module 'tests/chamber_of_deputies/test_meal_price_outlier_classifier.py'> [hook]
            finish pytest_collect_file --> [<DoctestModule 'tests/chamber_of_deputies/test_meal_price_outlier_classifier.py'>, <Module 'tests/chamber_of_deputies/test_meal_price_outlier_classifier.py'>] [hook]
            pytest_ignore_collect [hook]
                path: /home/luzfcb/projetos/rosie/tests/chamber_of_deputies/test_monthly_subquota_limit_classifier.py
                config: <_pytest.config.Config object at 0x7f19a9ecbf60>
            finish pytest_ignore_collect --> False [hook]
            pytest_collect_file [hook]
                path: /home/luzfcb/projetos/rosie/tests/chamber_of_deputies/test_monthly_subquota_limit_classifier.py
                parent: <Session 'rosie'>
              pytest_pycollect_makemodule [hook]
                  path: /home/luzfcb/projetos/rosie/tests/chamber_of_deputies/test_monthly_subquota_limit_classifier.py
                  parent: <Session 'rosie'>
              finish pytest_pycollect_makemodule --> <Module 'tests/chamber_of_deputies/test_monthly_subquota_limit_classifier.py'> [hook]
            finish pytest_collect_file --> [<DoctestModule 'tests/chamber_of_deputies/test_monthly_subquota_limit_classifier.py'>, <Module 'tests/chamber_of_deputies/test_monthly_subquota_limit_classifier.py'>] [hook]
            pytest_ignore_collect [hook]
                path: /home/luzfcb/projetos/rosie/tests/chamber_of_deputies/test_traveled_speeds_classifier.py
                config: <_pytest.config.Config object at 0x7f19a9ecbf60>
            finish pytest_ignore_collect --> False [hook]
            pytest_collect_file [hook]
                path: /home/luzfcb/projetos/rosie/tests/chamber_of_deputies/test_traveled_speeds_classifier.py
                parent: <Session 'rosie'>
              pytest_pycollect_makemodule [hook]
                  path: /home/luzfcb/projetos/rosie/tests/chamber_of_deputies/test_traveled_speeds_classifier.py
                  parent: <Session 'rosie'>
              finish pytest_pycollect_makemodule --> <Module 'tests/chamber_of_deputies/test_traveled_speeds_classifier.py'> [hook]
            finish pytest_collect_file --> [<DoctestModule 'tests/chamber_of_deputies/test_traveled_speeds_classifier.py'>, <Module 'tests/chamber_of_deputies/test_traveled_speeds_classifier.py'>] [hook]
            pytest_ignore_collect [hook]
                path: /home/luzfcb/projetos/rosie/tests/chamber_of_deputies/__pycache__/__init__.cpython-35.pyc
                config: <_pytest.config.Config object at 0x7f19a9ecbf60>
            finish pytest_ignore_collect --> False [hook]
            pytest_collect_file [hook]
                path: /home/luzfcb/projetos/rosie/tests/chamber_of_deputies/__pycache__/__init__.cpython-35.pyc
                parent: <Session 'rosie'>
            finish pytest_collect_file --> [] [hook]
            pytest_ignore_collect [hook]
                path: /home/luzfcb/projetos/rosie/tests/chamber_of_deputies/__pycache__/test_adapter.cpython-35-PYTEST.pyc
                config: <_pytest.config.Config object at 0x7f19a9ecbf60>
            finish pytest_ignore_collect --> False [hook]
            pytest_collect_file [hook]
                path: /home/luzfcb/projetos/rosie/tests/chamber_of_deputies/__pycache__/test_adapter.cpython-35-PYTEST.pyc
                parent: <Session 'rosie'>
            finish pytest_collect_file --> [] [hook]
            pytest_ignore_collect [hook]
                path: /home/luzfcb/projetos/rosie/tests/chamber_of_deputies/__pycache__/test_adapter.cpython-35.pyc
                config: <_pytest.config.Config object at 0x7f19a9ecbf60>
            finish pytest_ignore_collect --> False [hook]
            pytest_collect_file [hook]
                path: /home/luzfcb/projetos/rosie/tests/chamber_of_deputies/__pycache__/test_adapter.cpython-35.pyc
                parent: <Session 'rosie'>
            finish pytest_collect_file --> [] [hook]
            pytest_ignore_collect [hook]
                path: /home/luzfcb/projetos/rosie/tests/chamber_of_deputies/__pycache__/test_chamber_of_deputies.cpython-35-PYTEST.pyc
                config: <_pytest.config.Config object at 0x7f19a9ecbf60>
            finish pytest_ignore_collect --> False [hook]
            pytest_collect_file [hook]
                path: /home/luzfcb/projetos/rosie/tests/chamber_of_deputies/__pycache__/test_chamber_of_deputies.cpython-35-PYTEST.pyc
                parent: <Session 'rosie'>
            finish pytest_collect_file --> [] [hook]
            pytest_ignore_collect [hook]
                path: /home/luzfcb/projetos/rosie/tests/chamber_of_deputies/__pycache__/test_chamber_of_deputies.cpython-35.pyc
                config: <_pytest.config.Config object at 0x7f19a9ecbf60>
            finish pytest_ignore_collect --> False [hook]
            pytest_collect_file [hook]
                path: /home/luzfcb/projetos/rosie/tests/chamber_of_deputies/__pycache__/test_chamber_of_deputies.cpython-35.pyc
                parent: <Session 'rosie'>
            finish pytest_collect_file --> [] [hook]
            pytest_ignore_collect [hook]
                path: /home/luzfcb/projetos/rosie/tests/chamber_of_deputies/__pycache__/test_election_expenses_classifier.cpython-35-PYTEST.pyc
                config: <_pytest.config.Config object at 0x7f19a9ecbf60>
            finish pytest_ignore_collect --> False [hook]
            pytest_collect_file [hook]
                path: /home/luzfcb/projetos/rosie/tests/chamber_of_deputies/__pycache__/test_election_expenses_classifier.cpython-35-PYTEST.pyc
                parent: <Session 'rosie'>
            finish pytest_collect_file --> [] [hook]
            pytest_ignore_collect [hook]
                path: /home/luzfcb/projetos/rosie/tests/chamber_of_deputies/__pycache__/test_election_expenses_classifier.cpython-35.pyc
                config: <_pytest.config.Config object at 0x7f19a9ecbf60>
            finish pytest_ignore_collect --> False [hook]
            pytest_collect_file [hook]
                path: /home/luzfcb/projetos/rosie/tests/chamber_of_deputies/__pycache__/test_election_expenses_classifier.cpython-35.pyc
                parent: <Session 'rosie'>
            finish pytest_collect_file --> [] [hook]
            pytest_ignore_collect [hook]
                path: /home/luzfcb/projetos/rosie/tests/chamber_of_deputies/__pycache__/test_irregular_companies_classifier.cpython-35-PYTEST.pyc
                config: <_pytest.config.Config object at 0x7f19a9ecbf60>
            finish pytest_ignore_collect --> False [hook]
            pytest_collect_file [hook]
                path: /home/luzfcb/projetos/rosie/tests/chamber_of_deputies/__pycache__/test_irregular_companies_classifier.cpython-35-PYTEST.pyc
                parent: <Session 'rosie'>
            finish pytest_collect_file --> [] [hook]
            pytest_ignore_collect [hook]
                path: /home/luzfcb/projetos/rosie/tests/chamber_of_deputies/__pycache__/test_irregular_companies_classifier.cpython-35.pyc
                config: <_pytest.config.Config object at 0x7f19a9ecbf60>
            finish pytest_ignore_collect --> False [hook]
            pytest_collect_file [hook]
                path: /home/luzfcb/projetos/rosie/tests/chamber_of_deputies/__pycache__/test_irregular_companies_classifier.cpython-35.pyc
                parent: <Session 'rosie'>
            finish pytest_collect_file --> [] [hook]
            pytest_ignore_collect [hook]
                path: /home/luzfcb/projetos/rosie/tests/chamber_of_deputies/__pycache__/test_meal_price_outlier_classifier.cpython-35-PYTEST.pyc
                config: <_pytest.config.Config object at 0x7f19a9ecbf60>
            finish pytest_ignore_collect --> False [hook]
            pytest_collect_file [hook]
                path: /home/luzfcb/projetos/rosie/tests/chamber_of_deputies/__pycache__/test_meal_price_outlier_classifier.cpython-35-PYTEST.pyc
                parent: <Session 'rosie'>
            finish pytest_collect_file --> [] [hook]
            pytest_ignore_collect [hook]
                path: /home/luzfcb/projetos/rosie/tests/chamber_of_deputies/__pycache__/test_meal_price_outlier_classifier.cpython-35.pyc
                config: <_pytest.config.Config object at 0x7f19a9ecbf60>
            finish pytest_ignore_collect --> False [hook]
            pytest_collect_file [hook]
                path: /home/luzfcb/projetos/rosie/tests/chamber_of_deputies/__pycache__/test_meal_price_outlier_classifier.cpython-35.pyc
                parent: <Session 'rosie'>
            finish pytest_collect_file --> [] [hook]
            pytest_ignore_collect [hook]
                path: /home/luzfcb/projetos/rosie/tests/chamber_of_deputies/__pycache__/test_monthly_subquota_limit_classifier.cpython-35-PYTEST.pyc
                config: <_pytest.config.Config object at 0x7f19a9ecbf60>
            finish pytest_ignore_collect --> False [hook]
            pytest_collect_file [hook]
                path: /home/luzfcb/projetos/rosie/tests/chamber_of_deputies/__pycache__/test_monthly_subquota_limit_classifier.cpython-35-PYTEST.pyc
                parent: <Session 'rosie'>
            finish pytest_collect_file --> [] [hook]
            pytest_ignore_collect [hook]
                path: /home/luzfcb/projetos/rosie/tests/chamber_of_deputies/__pycache__/test_monthly_subquota_limit_classifier.cpython-35.pyc
                config: <_pytest.config.Config object at 0x7f19a9ecbf60>
            finish pytest_ignore_collect --> False [hook]
            pytest_collect_file [hook]
                path: /home/luzfcb/projetos/rosie/tests/chamber_of_deputies/__pycache__/test_monthly_subquota_limit_classifier.cpython-35.pyc
                parent: <Session 'rosie'>
            finish pytest_collect_file --> [] [hook]
            pytest_ignore_collect [hook]
                path: /home/luzfcb/projetos/rosie/tests/chamber_of_deputies/__pycache__/test_traveled_speeds_classifier.cpython-35-PYTEST.pyc
                config: <_pytest.config.Config object at 0x7f19a9ecbf60>
            finish pytest_ignore_collect --> False [hook]
            pytest_collect_file [hook]
                path: /home/luzfcb/projetos/rosie/tests/chamber_of_deputies/__pycache__/test_traveled_speeds_classifier.cpython-35-PYTEST.pyc
                parent: <Session 'rosie'>
            finish pytest_collect_file --> [] [hook]
            pytest_ignore_collect [hook]
                path: /home/luzfcb/projetos/rosie/tests/chamber_of_deputies/__pycache__/test_traveled_speeds_classifier.cpython-35.pyc
                config: <_pytest.config.Config object at 0x7f19a9ecbf60>
            finish pytest_ignore_collect --> False [hook]
            pytest_collect_file [hook]
                path: /home/luzfcb/projetos/rosie/tests/chamber_of_deputies/__pycache__/test_traveled_speeds_classifier.cpython-35.pyc
                parent: <Session 'rosie'>
            finish pytest_collect_file --> [] [hook]
            pytest_ignore_collect [hook]
                path: /home/luzfcb/projetos/rosie/tests/chamber_of_deputies/fixtures/companies.xz
                config: <_pytest.config.Config object at 0x7f19a9ecbf60>
            finish pytest_ignore_collect --> False [hook]
            pytest_collect_file [hook]
                path: /home/luzfcb/projetos/rosie/tests/chamber_of_deputies/fixtures/companies.xz
                parent: <Session 'rosie'>
            finish pytest_collect_file --> [] [hook]
            pytest_ignore_collect [hook]
                path: /home/luzfcb/projetos/rosie/tests/chamber_of_deputies/fixtures/election_expenses_classifier.csv
                config: <_pytest.config.Config object at 0x7f19a9ecbf60>
            finish pytest_ignore_collect --> False [hook]
            pytest_collect_file [hook]
                path: /home/luzfcb/projetos/rosie/tests/chamber_of_deputies/fixtures/election_expenses_classifier.csv
                parent: <Session 'rosie'>
            finish pytest_collect_file --> [] [hook]
            pytest_ignore_collect [hook]
                path: /home/luzfcb/projetos/rosie/tests/chamber_of_deputies/fixtures/irregular_companies_classifier.csv
                config: <_pytest.config.Config object at 0x7f19a9ecbf60>
            finish pytest_ignore_collect --> False [hook]
            pytest_collect_file [hook]
                path: /home/luzfcb/projetos/rosie/tests/chamber_of_deputies/fixtures/irregular_companies_classifier.csv
                parent: <Session 'rosie'>
            finish pytest_collect_file --> [] [hook]
            pytest_ignore_collect [hook]
                path: /home/luzfcb/projetos/rosie/tests/chamber_of_deputies/fixtures/meal_price_outlier_classifier.csv
                config: <_pytest.config.Config object at 0x7f19a9ecbf60>
            finish pytest_ignore_collect --> False [hook]
            pytest_collect_file [hook]
                path: /home/luzfcb/projetos/rosie/tests/chamber_of_deputies/fixtures/meal_price_outlier_classifier.csv
                parent: <Session 'rosie'>
            finish pytest_collect_file --> [] [hook]
            pytest_ignore_collect [hook]
                path: /home/luzfcb/projetos/rosie/tests/chamber_of_deputies/fixtures/monthly_subquota_limit_classifier.csv
                config: <_pytest.config.Config object at 0x7f19a9ecbf60>
            finish pytest_ignore_collect --> False [hook]
            pytest_collect_file [hook]
                path: /home/luzfcb/projetos/rosie/tests/chamber_of_deputies/fixtures/monthly_subquota_limit_classifier.csv
                parent: <Session 'rosie'>
            finish pytest_collect_file --> [] [hook]
            pytest_ignore_collect [hook]
                path: /home/luzfcb/projetos/rosie/tests/chamber_of_deputies/fixtures/reimbursements.xz
                config: <_pytest.config.Config object at 0x7f19a9ecbf60>
            finish pytest_ignore_collect --> False [hook]
            pytest_collect_file [hook]
                path: /home/luzfcb/projetos/rosie/tests/chamber_of_deputies/fixtures/reimbursements.xz
                parent: <Session 'rosie'>
            finish pytest_collect_file --> [] [hook]
            pytest_ignore_collect [hook]
                path: /home/luzfcb/projetos/rosie/tests/chamber_of_deputies/fixtures/traveled_speeds_classifier.csv
                config: <_pytest.config.Config object at 0x7f19a9ecbf60>
            finish pytest_ignore_collect --> False [hook]
            pytest_collect_file [hook]
                path: /home/luzfcb/projetos/rosie/tests/chamber_of_deputies/fixtures/traveled_speeds_classifier.csv
                parent: <Session 'rosie'>
            finish pytest_collect_file --> [] [hook]
            pytest_ignore_collect [hook]
                path: /home/luzfcb/projetos/rosie/tests/cli/__pycache__
                config: <_pytest.config.Config object at 0x7f19a9ecbf60>
            finish pytest_ignore_collect --> False [hook]
            pytest_collect_directory [hook]
                path: /home/luzfcb/projetos/rosie/tests/cli/__pycache__
                parent: <Session 'rosie'>
            finish pytest_collect_directory --> None [hook]
            pytest_ignore_collect [hook]
                path: /home/luzfcb/projetos/rosie/tests/cli/__init__.py
                config: <_pytest.config.Config object at 0x7f19a9ecbf60>
            finish pytest_ignore_collect --> False [hook]
            pytest_collect_file [hook]
                path: /home/luzfcb/projetos/rosie/tests/cli/__init__.py
                parent: <Session 'rosie'>
              pytest_pycollect_makemodule [hook]
                  path: /home/luzfcb/projetos/rosie/tests/cli/__init__.py
                  parent: <Session 'rosie'>
              finish pytest_pycollect_makemodule --> <Module 'tests/cli/__init__.py'> [hook]
            finish pytest_collect_file --> [<DoctestModule 'tests/cli/__init__.py'>, <Module 'tests/cli/__init__.py'>] [hook]
            pytest_ignore_collect [hook]
                path: /home/luzfcb/projetos/rosie/tests/cli/test_rosie.py
                config: <_pytest.config.Config object at 0x7f19a9ecbf60>
            finish pytest_ignore_collect --> False [hook]
            pytest_collect_file [hook]
                path: /home/luzfcb/projetos/rosie/tests/cli/test_rosie.py
                parent: <Session 'rosie'>
              pytest_pycollect_makemodule [hook]
                  path: /home/luzfcb/projetos/rosie/tests/cli/test_rosie.py
                  parent: <Session 'rosie'>
              finish pytest_pycollect_makemodule --> <Module 'tests/cli/test_rosie.py'> [hook]
            finish pytest_collect_file --> [<DoctestModule 'tests/cli/test_rosie.py'>, <Module 'tests/cli/test_rosie.py'>] [hook]
            pytest_ignore_collect [hook]
                path: /home/luzfcb/projetos/rosie/tests/cli/__pycache__/__init__.cpython-35.pyc
                config: <_pytest.config.Config object at 0x7f19a9ecbf60>
            finish pytest_ignore_collect --> False [hook]
            pytest_collect_file [hook]
                path: /home/luzfcb/projetos/rosie/tests/cli/__pycache__/__init__.cpython-35.pyc
                parent: <Session 'rosie'>
            finish pytest_collect_file --> [] [hook]
            pytest_ignore_collect [hook]
                path: /home/luzfcb/projetos/rosie/tests/cli/__pycache__/test_rosie.cpython-35-PYTEST.pyc
                config: <_pytest.config.Config object at 0x7f19a9ecbf60>
            finish pytest_ignore_collect --> False [hook]
            pytest_collect_file [hook]
                path: /home/luzfcb/projetos/rosie/tests/cli/__pycache__/test_rosie.cpython-35-PYTEST.pyc
                parent: <Session 'rosie'>
            finish pytest_collect_file --> [] [hook]
        finish pytest_make_collect_report --> <CollectReport '' lenresult=53 outcome='passed'> [hook]
        pytest_collectreport [hook]
            report: <CollectReport '' lenresult=53 outcome='passed'>
        finish pytest_collectreport --> [] [hook]
    genitems <DoctestTextfile 'AUTHORS.rst'> [collection]
      pytest_collectstart [hook]
          collector: <DoctestTextfile 'AUTHORS.rst'>
      finish pytest_collectstart --> [] [hook]
      pytest_make_collect_report [hook]
          collector: <DoctestTextfile 'AUTHORS.rst'>
      find_module called for: doctest [assertion]
      find_module called for: difflib [assertion]
      find_module called for: unittest [assertion]
      find_module called for: unittest.result [assertion]
      find_module called for: unittest.util [assertion]
      find_module called for: unittest.case [assertion]
      find_module called for: logging [assertion]
      find_module called for: unittest.suite [assertion]
      find_module called for: unittest.loader [assertion]
      find_module called for: unittest.main [assertion]
      find_module called for: unittest.runner [assertion]
      find_module called for: unittest.signals [assertion]
      finish pytest_make_collect_report --> <CollectReport 'AUTHORS.rst' lenresult=0 outcome='passed'> [hook]
      pytest_collectreport [hook]
          report: <CollectReport 'AUTHORS.rst' lenresult=0 outcome='passed'>
      finish pytest_collectreport --> [] [hook]
    genitems <DoctestTextfile 'CHANGELOG.rst'> [collection]
      pytest_collectstart [hook]
          collector: <DoctestTextfile 'CHANGELOG.rst'>
      finish pytest_collectstart --> [] [hook]
      pytest_make_collect_report [hook]
          collector: <DoctestTextfile 'CHANGELOG.rst'>
      finish pytest_make_collect_report --> <CollectReport 'CHANGELOG.rst' lenresult=0 outcome='passed'> [hook]
      pytest_collectreport [hook]
          report: <CollectReport 'CHANGELOG.rst' lenresult=0 outcome='passed'>
      finish pytest_collectreport --> [] [hook]
    genitems <DoctestTextfile 'CONTRIBUTING.rst'> [collection]
      pytest_collectstart [hook]
          collector: <DoctestTextfile 'CONTRIBUTING.rst'>
      finish pytest_collectstart --> [] [hook]
      pytest_make_collect_report [hook]
          collector: <DoctestTextfile 'CONTRIBUTING.rst'>
      finish pytest_make_collect_report --> <CollectReport 'CONTRIBUTING.rst' lenresult=0 outcome='passed'> [hook]
      pytest_collectreport [hook]
          report: <CollectReport 'CONTRIBUTING.rst' lenresult=0 outcome='passed'>
      finish pytest_collectreport --> [] [hook]
    genitems <DoctestTextfile 'README.rst'> [collection]
      pytest_collectstart [hook]
          collector: <DoctestTextfile 'README.rst'>
      finish pytest_collectstart --> [] [hook]
      pytest_make_collect_report [hook]
          collector: <DoctestTextfile 'README.rst'>
      finish pytest_make_collect_report --> <CollectReport 'README.rst' lenresult=0 outcome='passed'> [hook]
      pytest_collectreport [hook]
          report: <CollectReport 'README.rst' lenresult=0 outcome='passed'>
      finish pytest_collectreport --> [] [hook]
    genitems <DoctestModule 'rosie.py'> [collection]
      pytest_collectstart [hook]
          collector: <DoctestModule 'rosie.py'>
      finish pytest_collectstart --> [] [hook]
      pytest_make_collect_report [hook]
          collector: <DoctestModule 'rosie.py'>
      find_module called for: rosie [assertion]
      finish pytest_make_collect_report --> <CollectReport 'rosie.py' lenresult=0 outcome='passed'> [hook]
      pytest_collectreport [hook]
          report: <CollectReport 'rosie.py' lenresult=0 outcome='passed'>
      finish pytest_collectreport --> [] [hook]
    genitems <DoctestTextfile 'docs/authors.rst'> [collection]
      pytest_collectstart [hook]
          collector: <DoctestTextfile 'docs/authors.rst'>
      finish pytest_collectstart --> [] [hook]
      pytest_make_collect_report [hook]
          collector: <DoctestTextfile 'docs/authors.rst'>
      finish pytest_make_collect_report --> <CollectReport 'docs/authors.rst' lenresult=0 outcome='passed'> [hook]
      pytest_collectreport [hook]
          report: <CollectReport 'docs/authors.rst' lenresult=0 outcome='passed'>
      finish pytest_collectreport --> [] [hook]
    genitems <DoctestTextfile 'docs/changelog.rst'> [collection]
      pytest_collectstart [hook]
          collector: <DoctestTextfile 'docs/changelog.rst'>
      finish pytest_collectstart --> [] [hook]
      pytest_make_collect_report [hook]
          collector: <DoctestTextfile 'docs/changelog.rst'>
      finish pytest_make_collect_report --> <CollectReport 'docs/changelog.rst' lenresult=0 outcome='passed'> [hook]
      pytest_collectreport [hook]
          report: <CollectReport 'docs/changelog.rst' lenresult=0 outcome='passed'>
      finish pytest_collectreport --> [] [hook]
    genitems <DoctestTextfile 'docs/contributing.rst'> [collection]
      pytest_collectstart [hook]
          collector: <DoctestTextfile 'docs/contributing.rst'>
      finish pytest_collectstart --> [] [hook]
      pytest_make_collect_report [hook]
          collector: <DoctestTextfile 'docs/contributing.rst'>
      finish pytest_make_collect_report --> <CollectReport 'docs/contributing.rst' lenresult=0 outcome='passed'> [hook]
      pytest_collectreport [hook]
          report: <CollectReport 'docs/contributing.rst' lenresult=0 outcome='passed'>
      finish pytest_collectreport --> [] [hook]
    genitems <DoctestTextfile 'docs/index.rst'> [collection]
      pytest_collectstart [hook]
          collector: <DoctestTextfile 'docs/index.rst'>
      finish pytest_collectstart --> [] [hook]
      pytest_make_collect_report [hook]
          collector: <DoctestTextfile 'docs/index.rst'>
      finish pytest_make_collect_report --> <CollectReport 'docs/index.rst' lenresult=0 outcome='passed'> [hook]
      pytest_collectreport [hook]
          report: <CollectReport 'docs/index.rst' lenresult=0 outcome='passed'>
      finish pytest_collectreport --> [] [hook]
    genitems <DoctestTextfile 'docs/installation.rst'> [collection]
      pytest_collectstart [hook]
          collector: <DoctestTextfile 'docs/installation.rst'>
      finish pytest_collectstart --> [] [hook]
      pytest_make_collect_report [hook]
          collector: <DoctestTextfile 'docs/installation.rst'>
      finish pytest_make_collect_report --> <CollectReport 'docs/installation.rst' lenresult=0 outcome='passed'> [hook]
      pytest_collectreport [hook]
          report: <CollectReport 'docs/installation.rst' lenresult=0 outcome='passed'>
      finish pytest_collectreport --> [] [hook]
    genitems <DoctestTextfile 'docs/readme.rst'> [collection]
      pytest_collectstart [hook]
          collector: <DoctestTextfile 'docs/readme.rst'>
      finish pytest_collectstart --> [] [hook]
      pytest_make_collect_report [hook]
          collector: <DoctestTextfile 'docs/readme.rst'>
      finish pytest_make_collect_report --> <CollectReport 'docs/readme.rst' lenresult=0 outcome='passed'> [hook]
      pytest_collectreport [hook]
          report: <CollectReport 'docs/readme.rst' lenresult=0 outcome='passed'>
      finish pytest_collectreport --> [] [hook]
    genitems <DoctestTextfile 'docs/usage.rst'> [collection]
      pytest_collectstart [hook]
          collector: <DoctestTextfile 'docs/usage.rst'>
      finish pytest_collectstart --> [] [hook]
      pytest_make_collect_report [hook]
          collector: <DoctestTextfile 'docs/usage.rst'>
      finish pytest_make_collect_report --> <CollectReport 'docs/usage.rst' lenresult=0 outcome='passed'> [hook]
      pytest_collectreport [hook]
          report: <CollectReport 'docs/usage.rst' lenresult=0 outcome='passed'>
      finish pytest_collectreport --> [] [hook]
    genitems <DoctestTextfile 'docs/reference/index.rst'> [collection]
      pytest_collectstart [hook]
          collector: <DoctestTextfile 'docs/reference/index.rst'>
      finish pytest_collectstart --> [] [hook]
      pytest_make_collect_report [hook]
          collector: <DoctestTextfile 'docs/reference/index.rst'>
      finish pytest_make_collect_report --> <CollectReport 'docs/reference/index.rst' lenresult=0 outcome='passed'> [hook]
      pytest_collectreport [hook]
          report: <CollectReport 'docs/reference/index.rst' lenresult=0 outcome='passed'>
      finish pytest_collectreport --> [] [hook]
    genitems <DoctestTextfile 'docs/reference/rosie.rst'> [collection]
      pytest_collectstart [hook]
          collector: <DoctestTextfile 'docs/reference/rosie.rst'>
      finish pytest_collectstart --> [] [hook]
      pytest_make_collect_report [hook]
          collector: <DoctestTextfile 'docs/reference/rosie.rst'>
      finish pytest_make_collect_report --> <CollectReport 'docs/reference/rosie.rst' lenresult=0 outcome='passed'> [hook]
      pytest_collectreport [hook]
          report: <CollectReport 'docs/reference/rosie.rst' lenresult=0 outcome='passed'>
      finish pytest_collectreport --> [] [hook]
    genitems <DoctestModule 'src/rosie/__init__.py'> [collection]
      pytest_collectstart [hook]
          collector: <DoctestModule 'src/rosie/__init__.py'>
      finish pytest_collectstart --> [] [hook]
      pytest_make_collect_report [hook]
          collector: <DoctestModule 'src/rosie/__init__.py'>
      finish pytest_make_collect_report --> <CollectReport 'src/rosie/__init__.py' lenresult=0 outcome='passed'> [hook]
      pytest_collectreport [hook]
          report: <CollectReport 'src/rosie/__init__.py' lenresult=0 outcome='passed'>
      finish pytest_collectreport --> [] [hook]
    genitems <DoctestModule 'src/rosie/__main__.py'> [collection]
      pytest_collectstart [hook]
          collector: <DoctestModule 'src/rosie/__main__.py'>
      finish pytest_collectstart --> [] [hook]
      pytest_make_collect_report [hook]
          collector: <DoctestModule 'src/rosie/__main__.py'>
      find_module called for: py._std [assertion]
      finish pytest_make_collect_report --> <CollectReport 'src/rosie/__main__.py' lenresult=0 outcome='failed'> [hook]
      pytest_exception_interact [hook]
          report: <CollectReport 'src/rosie/__main__.py' lenresult=0 outcome='failed'>
          call: <CallInfo when='memocollect' exception: No module named 'rosie.__main__'; 'rosie' is not a package>
          node: <DoctestModule 'src/rosie/__main__.py'>
      finish pytest_exception_interact --> [] [hook]
      pytest_collectreport [hook]
          report: <CollectReport 'src/rosie/__main__.py' lenresult=0 outcome='failed'>
      finish pytest_collectreport --> [] [hook]
    genitems <DoctestModule 'src/rosie/cli.py'> [collection]
      pytest_collectstart [hook]
          collector: <DoctestModule 'src/rosie/cli.py'>
      finish pytest_collectstart --> [] [hook]
      pytest_make_collect_report [hook]
          collector: <DoctestModule 'src/rosie/cli.py'>
      finish pytest_make_collect_report --> <CollectReport 'src/rosie/cli.py' lenresult=0 outcome='failed'> [hook]
      pytest_exception_interact [hook]
          report: <CollectReport 'src/rosie/cli.py' lenresult=0 outcome='failed'>
          call: <CallInfo when='memocollect' exception: No module named 'rosie.cli'; 'rosie' is not a package>
          node: <DoctestModule 'src/rosie/cli.py'>
      finish pytest_exception_interact --> [] [hook]
      pytest_collectreport [hook]
          report: <CollectReport 'src/rosie/cli.py' lenresult=0 outcome='failed'>
      finish pytest_collectreport --> [] [hook]
    genitems <DoctestModule 'src/rosie/chamber_of_deputies/__init__.py'> [collection]
      pytest_collectstart [hook]
          collector: <DoctestModule 'src/rosie/chamber_of_deputies/__init__.py'>
      finish pytest_collectstart --> [] [hook]
      pytest_make_collect_report [hook]
          collector: <DoctestModule 'src/rosie/chamber_of_deputies/__init__.py'>
      finish pytest_make_collect_report --> <CollectReport 'src/rosie/chamber_of_deputies/__init__.py' lenresult=0 outcome='failed'> [hook]
      pytest_exception_interact [hook]
          report: <CollectReport 'src/rosie/chamber_of_deputies/__init__.py' lenresult=0 outcome='failed'>
          call: <CallInfo when='memocollect' exception: No module named 'rosie.chamber_of_deputies'; 'rosie' is not a package>
          node: <DoctestModule 'src/rosie/chamber_of_deputies/__init__.py'>
      finish pytest_exception_interact --> [] [hook]
      pytest_collectreport [hook]
          report: <CollectReport 'src/rosie/chamber_of_deputies/__init__.py' lenresult=0 outcome='failed'>
      finish pytest_collectreport --> [] [hook]
    genitems <DoctestModule 'src/rosie/chamber_of_deputies/adapter.py'> [collection]
      pytest_collectstart [hook]
          collector: <DoctestModule 'src/rosie/chamber_of_deputies/adapter.py'>
      finish pytest_collectstart --> [] [hook]
      pytest_make_collect_report [hook]
          collector: <DoctestModule 'src/rosie/chamber_of_deputies/adapter.py'>
      finish pytest_make_collect_report --> <CollectReport 'src/rosie/chamber_of_deputies/adapter.py' lenresult=0 outcome='failed'> [hook]
      pytest_exception_interact [hook]
          report: <CollectReport 'src/rosie/chamber_of_deputies/adapter.py' lenresult=0 outcome='failed'>
          call: <CallInfo when='memocollect' exception: No module named 'rosie.chamber_of_deputies'; 'rosie' is not a package>
          node: <DoctestModule 'src/rosie/chamber_of_deputies/adapter.py'>
      finish pytest_exception_interact --> [] [hook]
      pytest_collectreport [hook]
          report: <CollectReport 'src/rosie/chamber_of_deputies/adapter.py' lenresult=0 outcome='failed'>
      finish pytest_collectreport --> [] [hook]
    genitems <DoctestModule 'src/rosie/chamber_of_deputies/settings.py'> [collection]
      pytest_collectstart [hook]
          collector: <DoctestModule 'src/rosie/chamber_of_deputies/settings.py'>
      finish pytest_collectstart --> [] [hook]
      pytest_make_collect_report [hook]
          collector: <DoctestModule 'src/rosie/chamber_of_deputies/settings.py'>
      finish pytest_make_collect_report --> <CollectReport 'src/rosie/chamber_of_deputies/settings.py' lenresult=0 outcome='failed'> [hook]
      pytest_exception_interact [hook]
          report: <CollectReport 'src/rosie/chamber_of_deputies/settings.py' lenresult=0 outcome='failed'>
          call: <CallInfo when='memocollect' exception: No module named 'rosie.chamber_of_deputies'; 'rosie' is not a package>
          node: <DoctestModule 'src/rosie/chamber_of_deputies/settings.py'>
      finish pytest_exception_interact --> [] [hook]
      pytest_collectreport [hook]
          report: <CollectReport 'src/rosie/chamber_of_deputies/settings.py' lenresult=0 outcome='failed'>
      finish pytest_collectreport --> [] [hook]
    genitems <DoctestModule 'src/rosie/chamber_of_deputies/classifiers/__init__.py'> [collection]
      pytest_collectstart [hook]
          collector: <DoctestModule 'src/rosie/chamber_of_deputies/classifiers/__init__.py'>
      finish pytest_collectstart --> [] [hook]
      pytest_make_collect_report [hook]
          collector: <DoctestModule 'src/rosie/chamber_of_deputies/classifiers/__init__.py'>
      finish pytest_make_collect_report --> <CollectReport 'src/rosie/chamber_of_deputies/classifiers/__init__.py' lenresult=0 outcome='failed'> [hook]
      pytest_exception_interact [hook]
          report: <CollectReport 'src/rosie/chamber_of_deputies/classifiers/__init__.py' lenresult=0 outcome='failed'>
          call: <CallInfo when='memocollect' exception: No module named 'rosie.chamber_of_deputies'; 'rosie' is not a package>
          node: <DoctestModule 'src/rosie/chamber_of_deputies/classifiers/__init__.py'>
      finish pytest_exception_interact --> [] [hook]
      pytest_collectreport [hook]
          report: <CollectReport 'src/rosie/chamber_of_deputies/classifiers/__init__.py' lenresult=0 outcome='failed'>
      finish pytest_collectreport --> [] [hook]
    genitems <DoctestModule 'src/rosie/chamber_of_deputies/classifiers/election_expenses_classifier.py'> [collection]
      pytest_collectstart [hook]
          collector: <DoctestModule 'src/rosie/chamber_of_deputies/classifiers/election_expenses_classifier.py'>
      finish pytest_collectstart --> [] [hook]
      pytest_make_collect_report [hook]
          collector: <DoctestModule 'src/rosie/chamber_of_deputies/classifiers/election_expenses_classifier.py'>
      finish pytest_make_collect_report --> <CollectReport 'src/rosie/chamber_of_deputies/classifiers/election_expenses_classifier.py' lenresult=0 outcome='failed'> [hook]
      pytest_exception_interact [hook]
          report: <CollectReport 'src/rosie/chamber_of_deputies/classifiers/election_expenses_classifier.py' lenresult=0 outcome='failed'>
          call: <CallInfo when='memocollect' exception: No module named 'rosie.chamber_of_deputies'; 'rosie' is not a package>
          node: <DoctestModule 'src/rosie/chamber_of_deputies/classifiers/election_expenses_classifier.py'>
      finish pytest_exception_interact --> [] [hook]
      pytest_collectreport [hook]
          report: <CollectReport 'src/rosie/chamber_of_deputies/classifiers/election_expenses_classifier.py' lenresult=0 outcome='failed'>
      finish pytest_collectreport --> [] [hook]
    genitems <DoctestModule 'src/rosie/chamber_of_deputies/classifiers/irregular_companies_classifier.py'> [collection]
      pytest_collectstart [hook]
          collector: <DoctestModule 'src/rosie/chamber_of_deputies/classifiers/irregular_companies_classifier.py'>
      finish pytest_collectstart --> [] [hook]
      pytest_make_collect_report [hook]
          collector: <DoctestModule 'src/rosie/chamber_of_deputies/classifiers/irregular_companies_classifier.py'>
      finish pytest_make_collect_report --> <CollectReport 'src/rosie/chamber_of_deputies/classifiers/irregular_companies_classifier.py' lenresult=0 outcome='failed'> [hook]
      pytest_exception_interact [hook]
          report: <CollectReport 'src/rosie/chamber_of_deputies/classifiers/irregular_companies_classifier.py' lenresult=0 outcome='failed'>
          call: <CallInfo when='memocollect' exception: No module named 'rosie.chamber_of_deputies'; 'rosie' is not a package>
          node: <DoctestModule 'src/rosie/chamber_of_deputies/classifiers/irregular_companies_classifier.py'>
      finish pytest_exception_interact --> [] [hook]
      pytest_collectreport [hook]
          report: <CollectReport 'src/rosie/chamber_of_deputies/classifiers/irregular_companies_classifier.py' lenresult=0 outcome='failed'>
      finish pytest_collectreport --> [] [hook]
    genitems <DoctestModule 'src/rosie/chamber_of_deputies/classifiers/meal_price_outlier_classifier.py'> [collection]
      pytest_collectstart [hook]
          collector: <DoctestModule 'src/rosie/chamber_of_deputies/classifiers/meal_price_outlier_classifier.py'>
      finish pytest_collectstart --> [] [hook]
      pytest_make_collect_report [hook]
          collector: <DoctestModule 'src/rosie/chamber_of_deputies/classifiers/meal_price_outlier_classifier.py'>
      finish pytest_make_collect_report --> <CollectReport 'src/rosie/chamber_of_deputies/classifiers/meal_price_outlier_classifier.py' lenresult=0 outcome='failed'> [hook]
      pytest_exception_interact [hook]
          report: <CollectReport 'src/rosie/chamber_of_deputies/classifiers/meal_price_outlier_classifier.py' lenresult=0 outcome='failed'>
          call: <CallInfo when='memocollect' exception: No module named 'rosie.chamber_of_deputies'; 'rosie' is not a package>
          node: <DoctestModule 'src/rosie/chamber_of_deputies/classifiers/meal_price_outlier_classifier.py'>
      finish pytest_exception_interact --> [] [hook]
      pytest_collectreport [hook]
          report: <CollectReport 'src/rosie/chamber_of_deputies/classifiers/meal_price_outlier_classifier.py' lenresult=0 outcome='failed'>
      finish pytest_collectreport --> [] [hook]
    genitems <DoctestModule 'src/rosie/chamber_of_deputies/classifiers/monthly_subquota_limit_classifier.py'> [collection]
      pytest_collectstart [hook]
          collector: <DoctestModule 'src/rosie/chamber_of_deputies/classifiers/monthly_subquota_limit_classifier.py'>
      finish pytest_collectstart --> [] [hook]
      pytest_make_collect_report [hook]
          collector: <DoctestModule 'src/rosie/chamber_of_deputies/classifiers/monthly_subquota_limit_classifier.py'>
      finish pytest_make_collect_report --> <CollectReport 'src/rosie/chamber_of_deputies/classifiers/monthly_subquota_limit_classifier.py' lenresult=0 outcome='failed'> [hook]
      pytest_exception_interact [hook]
          report: <CollectReport 'src/rosie/chamber_of_deputies/classifiers/monthly_subquota_limit_classifier.py' lenresult=0 outcome='failed'>
          call: <CallInfo when='memocollect' exception: No module named 'rosie.chamber_of_deputies'; 'rosie' is not a package>
          node: <DoctestModule 'src/rosie/chamber_of_deputies/classifiers/monthly_subquota_limit_classifier.py'>
      finish pytest_exception_interact --> [] [hook]
      pytest_collectreport [hook]
          report: <CollectReport 'src/rosie/chamber_of_deputies/classifiers/monthly_subquota_limit_classifier.py' lenresult=0 outcome='failed'>
      finish pytest_collectreport --> [] [hook]
    genitems <DoctestModule 'src/rosie/chamber_of_deputies/classifiers/traveled_speeds_classifier.py'> [collection]
      pytest_collectstart [hook]
          collector: <DoctestModule 'src/rosie/chamber_of_deputies/classifiers/traveled_speeds_classifier.py'>
      finish pytest_collectstart --> [] [hook]
      pytest_make_collect_report [hook]
          collector: <DoctestModule 'src/rosie/chamber_of_deputies/classifiers/traveled_speeds_classifier.py'>
      finish pytest_make_collect_report --> <CollectReport 'src/rosie/chamber_of_deputies/classifiers/traveled_speeds_classifier.py' lenresult=0 outcome='failed'> [hook]
      pytest_exception_interact [hook]
          report: <CollectReport 'src/rosie/chamber_of_deputies/classifiers/traveled_speeds_classifier.py' lenresult=0 outcome='failed'>
          call: <CallInfo when='memocollect' exception: No module named 'rosie.chamber_of_deputies'; 'rosie' is not a package>
          node: <DoctestModule 'src/rosie/chamber_of_deputies/classifiers/traveled_speeds_classifier.py'>
      finish pytest_exception_interact --> [] [hook]
      pytest_collectreport [hook]
          report: <CollectReport 'src/rosie/chamber_of_deputies/classifiers/traveled_speeds_classifier.py' lenresult=0 outcome='failed'>
      finish pytest_collectreport --> [] [hook]
    genitems <DoctestModule 'src/rosie/core/__init__.py'> [collection]
      pytest_collectstart [hook]
          collector: <DoctestModule 'src/rosie/core/__init__.py'>
      finish pytest_collectstart --> [] [hook]
      pytest_make_collect_report [hook]
          collector: <DoctestModule 'src/rosie/core/__init__.py'>
      finish pytest_make_collect_report --> <CollectReport 'src/rosie/core/__init__.py' lenresult=0 outcome='failed'> [hook]
      pytest_exception_interact [hook]
          report: <CollectReport 'src/rosie/core/__init__.py' lenresult=0 outcome='failed'>
          call: <CallInfo when='memocollect' exception: No module named 'rosie.core'; 'rosie' is not a package>
          node: <DoctestModule 'src/rosie/core/__init__.py'>
      finish pytest_exception_interact --> [] [hook]
      pytest_collectreport [hook]
          report: <CollectReport 'src/rosie/core/__init__.py' lenresult=0 outcome='failed'>
      finish pytest_collectreport --> [] [hook]
    genitems <DoctestModule 'src/rosie/core/classifiers/__init__.py'> [collection]
      pytest_collectstart [hook]
          collector: <DoctestModule 'src/rosie/core/classifiers/__init__.py'>
      finish pytest_collectstart --> [] [hook]
      pytest_make_collect_report [hook]
          collector: <DoctestModule 'src/rosie/core/classifiers/__init__.py'>
      finish pytest_make_collect_report --> <CollectReport 'src/rosie/core/classifiers/__init__.py' lenresult=0 outcome='failed'> [hook]
      pytest_exception_interact [hook]
          report: <CollectReport 'src/rosie/core/classifiers/__init__.py' lenresult=0 outcome='failed'>
          call: <CallInfo when='memocollect' exception: No module named 'rosie.core'; 'rosie' is not a package>
          node: <DoctestModule 'src/rosie/core/classifiers/__init__.py'>
      finish pytest_exception_interact --> [] [hook]
      pytest_collectreport [hook]
          report: <CollectReport 'src/rosie/core/classifiers/__init__.py' lenresult=0 outcome='failed'>
      finish pytest_collectreport --> [] [hook]
    genitems <DoctestModule 'src/rosie/core/classifiers/invalid_cnpj_cpf_classifier.py'> [collection]
      pytest_collectstart [hook]
          collector: <DoctestModule 'src/rosie/core/classifiers/invalid_cnpj_cpf_classifier.py'>
      finish pytest_collectstart --> [] [hook]
      pytest_make_collect_report [hook]
          collector: <DoctestModule 'src/rosie/core/classifiers/invalid_cnpj_cpf_classifier.py'>
      finish pytest_make_collect_report --> <CollectReport 'src/rosie/core/classifiers/invalid_cnpj_cpf_classifier.py' lenresult=0 outcome='failed'> [hook]
      pytest_exception_interact [hook]
          report: <CollectReport 'src/rosie/core/classifiers/invalid_cnpj_cpf_classifier.py' lenresult=0 outcome='failed'>
          call: <CallInfo when='memocollect' exception: No module named 'rosie.core'; 'rosie' is not a package>
          node: <DoctestModule 'src/rosie/core/classifiers/invalid_cnpj_cpf_classifier.py'>
      finish pytest_exception_interact --> [] [hook]
      pytest_collectreport [hook]
          report: <CollectReport 'src/rosie/core/classifiers/invalid_cnpj_cpf_classifier.py' lenresult=0 outcome='failed'>
      finish pytest_collectreport --> [] [hook]
    genitems <DoctestModule 'src/rosie/core/tests/__init__.py'> [collection]
      pytest_collectstart [hook]
          collector: <DoctestModule 'src/rosie/core/tests/__init__.py'>
      finish pytest_collectstart --> [] [hook]
      pytest_make_collect_report [hook]
          collector: <DoctestModule 'src/rosie/core/tests/__init__.py'>
      finish pytest_make_collect_report --> <CollectReport 'src/rosie/core/tests/__init__.py' lenresult=0 outcome='failed'> [hook]
      pytest_exception_interact [hook]
          report: <CollectReport 'src/rosie/core/tests/__init__.py' lenresult=0 outcome='failed'>
          call: <CallInfo when='memocollect' exception: No module named 'rosie.core'; 'rosie' is not a package>
          node: <DoctestModule 'src/rosie/core/tests/__init__.py'>
      finish pytest_exception_interact --> [] [hook]
      pytest_collectreport [hook]
          report: <CollectReport 'src/rosie/core/tests/__init__.py' lenresult=0 outcome='failed'>
      finish pytest_collectreport --> [] [hook]
    genitems <DoctestModule 'src/rosie/core/tests/test_invalid_cnpj_cpf_classifier.py'> [collection]
      pytest_collectstart [hook]
          collector: <DoctestModule 'src/rosie/core/tests/test_invalid_cnpj_cpf_classifier.py'>
      finish pytest_collectstart --> [] [hook]
      pytest_make_collect_report [hook]
          collector: <DoctestModule 'src/rosie/core/tests/test_invalid_cnpj_cpf_classifier.py'>
      finish pytest_make_collect_report --> <CollectReport 'src/rosie/core/tests/test_invalid_cnpj_cpf_classifier.py' lenresult=0 outcome='failed'> [hook]
      pytest_exception_interact [hook]
          report: <CollectReport 'src/rosie/core/tests/test_invalid_cnpj_cpf_classifier.py' lenresult=0 outcome='failed'>
          call: <CallInfo when='memocollect' exception: No module named 'rosie.core'; 'rosie' is not a package>
          node: <DoctestModule 'src/rosie/core/tests/test_invalid_cnpj_cpf_classifier.py'>
      finish pytest_exception_interact --> [] [hook]
      pytest_collectreport [hook]
          report: <CollectReport 'src/rosie/core/tests/test_invalid_cnpj_cpf_classifier.py' lenresult=0 outcome='failed'>
      finish pytest_collectreport --> [] [hook]
    genitems <Module 'src/rosie/core/tests/test_invalid_cnpj_cpf_classifier.py'> [collection]
      pytest_collectstart [hook]
          collector: <Module 'src/rosie/core/tests/test_invalid_cnpj_cpf_classifier.py'>
      finish pytest_collectstart --> [] [hook]
      pytest_make_collect_report [hook]
          collector: <Module 'src/rosie/core/tests/test_invalid_cnpj_cpf_classifier.py'>
      finish pytest_make_collect_report --> <CollectReport 'src/rosie/core/tests/test_invalid_cnpj_cpf_classifier.py' lenresult=0 outcome='failed'> [hook]
      pytest_exception_interact [hook]
          report: <CollectReport 'src/rosie/core/tests/test_invalid_cnpj_cpf_classifier.py' lenresult=0 outcome='failed'>
          call: <CallInfo when='memocollect' exception: ImportError while importing test module '/home/luzfcb/projetos/rosie/src/rosie/core/tests/test_invalid_cnpj_cpf_classifier.py'.
Hint: make sure your test modules/packages have valid Python names.
Traceback:
ImportError: No module named 'rosie.core'; 'rosie' is not a package>
          node: <Module 'src/rosie/core/tests/test_invalid_cnpj_cpf_classifier.py'>
      finish pytest_exception_interact --> [] [hook]
      pytest_collectreport [hook]
          report: <CollectReport 'src/rosie/core/tests/test_invalid_cnpj_cpf_classifier.py' lenresult=0 outcome='failed'>
      finish pytest_collectreport --> [] [hook]
    genitems <DoctestModule 'tests/__init__.py'> [collection]
      pytest_collectstart [hook]
          collector: <DoctestModule 'tests/__init__.py'>
      finish pytest_collectstart --> [] [hook]
      pytest_make_collect_report [hook]
          collector: <DoctestModule 'tests/__init__.py'>
      find_module called for: tests [assertion]
      finish pytest_make_collect_report --> <CollectReport 'tests/__init__.py' lenresult=0 outcome='passed'> [hook]
      pytest_collectreport [hook]
          report: <CollectReport 'tests/__init__.py' lenresult=0 outcome='passed'>
      finish pytest_collectreport --> [] [hook]
    genitems <DoctestModule 'tests/chamber_of_deputies/__init__.py'> [collection]
      pytest_collectstart [hook]
          collector: <DoctestModule 'tests/chamber_of_deputies/__init__.py'>
      finish pytest_collectstart --> [] [hook]
      pytest_make_collect_report [hook]
          collector: <DoctestModule 'tests/chamber_of_deputies/__init__.py'>
      find_module called for: tests.chamber_of_deputies [assertion]
      finish pytest_make_collect_report --> <CollectReport 'tests/chamber_of_deputies/__init__.py' lenresult=0 outcome='passed'> [hook]
      pytest_collectreport [hook]
          report: <CollectReport 'tests/chamber_of_deputies/__init__.py' lenresult=0 outcome='passed'>
      finish pytest_collectreport --> [] [hook]
    genitems <Module 'tests/chamber_of_deputies/__init__.py'> [collection]
      pytest_collectstart [hook]
          collector: <Module 'tests/chamber_of_deputies/__init__.py'>
      finish pytest_collectstart --> [] [hook]
      pytest_make_collect_report [hook]
          collector: <Module 'tests/chamber_of_deputies/__init__.py'>
        pytest_pycollect_makeitem [hook]
            obj: <module 'os' from '/home/luzfcb/virtualenvs/rosieenv/lib/python3.5/os.py'>
            name: os
            collector: <Module 'tests/chamber_of_deputies/__init__.py'>
        finish pytest_pycollect_makeitem --> None [hook]
        pytest_pycollect_makeitem [hook]
            obj: /home/luzfcb/projetos/rosie/tests/chamber_of_deputies/fixtures
            name: FIXTURES_DIR
            collector: <Module 'tests/chamber_of_deputies/__init__.py'>
        finish pytest_pycollect_makeitem --> None [hook]
        pytest_pycollect_makeitem [hook]
            obj: /home/luzfcb/projetos/rosie/tests/chamber_of_deputies/__pycache__/__init__.cpython-35.pyc
            name: __cached__
            collector: <Module 'tests/chamber_of_deputies/__init__.py'>
        finish pytest_pycollect_makeitem --> None [hook]
        pytest_pycollect_makeitem [hook]
            obj: ['/home/luzfcb/projetos/rosie/tests/chamber_of_deputies']
            name: __path__
            collector: <Module 'tests/chamber_of_deputies/__init__.py'>
        finish pytest_pycollect_makeitem --> None [hook]
        pytest_pycollect_makeitem [hook]
            obj: /home/luzfcb/projetos/rosie/tests/chamber_of_deputies/__init__.py
            name: __file__
            collector: <Module 'tests/chamber_of_deputies/__init__.py'>
        finish pytest_pycollect_makeitem --> None [hook]
        pytest_pycollect_makeitem [hook]
            obj: None
            name: __doc__
            collector: <Module 'tests/chamber_of_deputies/__init__.py'>
        finish pytest_pycollect_makeitem --> None [hook]
        pytest_pycollect_makeitem [hook]
            obj: {'ImportError': <class 'ImportError'>, 'quit': Use quit() or Ctrl-D (i.e. EOF) to exit, 'TimeoutError': <class 'TimeoutError'>, 'reversed': <class 'reversed'>, 'UnicodeError': <class 'UnicodeError'>, 'UnicodeTranslateError': <class 'UnicodeTranslateError'>, 'range': <class 'range'>, 'max': <built-in function max>, 'set': <class 'set'>, 'help': Type help() for interactive help, or help(object) for help about object., 'all': <built-in function all>, 'AssertionError': <class 'AssertionError'>, 'OSError': <class 'OSError'>, 'repr': <built-in function repr>, 'IndexError': <class 'IndexError'>, 'compile': <built-in function compile>, 'EnvironmentError': <class 'OSError'>, 'map': <class 'map'>, 'OverflowError': <class 'OverflowError'>, '__import__': <built-in function __import__>, 'SyntaxWarning': <class 'SyntaxWarning'>, 'ZeroDivisionError': <class 'ZeroDivisionError'>, 'sorted': <built-in function sorted>, '__debug__': True, 'id': <built-in function id>, 'isinstance': <built-in function isinstance>, 'ValueError': <class 'ValueError'>, 'GeneratorExit': <class 'GeneratorExit'>, 'type': <class 'type'>, 'NotImplementedError': <class 'NotImplementedError'>, 'ResourceWarning': <class 'ResourceWarning'>, 'NotADirectoryError': <class 'NotADirectoryError'>, 'staticmethod': <class 'staticmethod'>, 'KeyboardInterrupt': <class 'KeyboardInterrupt'>, 'ascii': <built-in function ascii>, 'PermissionError': <class 'PermissionError'>, 'InterruptedError': <class 'InterruptedError'>, 'StopIteration': <class 'StopIteration'>, 'divmod': <built-in function divmod>, '__spec__': ModuleSpec(name='builtins', loader=<class '_frozen_importlib.BuiltinImporter'>), 'DeprecationWarning': <class 'DeprecationWarning'>, '__build_class__': <built-in function __build_class__>, 'BrokenPipeError': <class 'BrokenPipeError'>, 'pow': <built-in function pow>, 'memoryview': <class 'memoryview'>, 'vars': <built-in function vars>, '__loader__': <class '_frozen_importlib.BuiltinImporter'>, 'list': <class 'list'>, '__name__': 'builtins', 'iter': <built-in function iter>, 'UnicodeEncodeError': <class 'UnicodeEncodeError'>, 'UnicodeWarning': <class 'UnicodeWarning'>, 'filter': <class 'filter'>, 'ConnectionError': <class 'ConnectionError'>, 'SystemExit': <class 'SystemExit'>, 'license': MIT License

Copyright (c) 2016 Data Science Brigade

Permission is hereby granted, free of charge, to any person obtaining a copy
of this software and associated documentation files (the "Software"), to deal
in the Software without restriction, including without limitation the rights
to use, copy, modify, merge, publish, distribute, sublicense, and/or sell
copies of the Software, and to permit persons to whom the Software is
furnished to do so, subject to the following conditions:

The above copyright notice and this permission notice shall be included in all
copies or substantial portions of the Software.

THE SOFTWARE IS PROVIDED "AS IS", WITHOUT WARRANTY OF ANY KIND, EXPRESS OR
IMPLIED, INCLUDING BUT NOT LIMITED TO THE WARRANTIES OF MERCHANTABILITY,
FITNESS FOR A PARTICULAR PURPOSE AND NONINFRINGEMENT. IN NO EVENT SHALL THE
AUTHORS OR COPYRIGHT HOLDERS BE LIABLE FOR ANY CLAIM, DAMAGES OR OTHER
LIABILITY, WHETHER IN AN ACTION OF CONTRACT, TORT OR OTHERWISE, ARISING FROM,
OUT OF OR IN CONNECTION WITH THE SOFTWARE OR THE USE OR OTHER DEALINGS IN THE
SOFTWARE.
, 'BufferError': <class 'BufferError'>, 'Ellipsis': Ellipsis, 'FutureWarning': <class 'FutureWarning'>, 'PendingDeprecationWarning': <class 'PendingDeprecationWarning'>, 'bin': <built-in function bin>, 'float': <class 'float'>, 'Warning': <class 'Warning'>, 'RecursionError': <class 'RecursionError'>, '__doc__': "Built-in functions, exceptions, and other objects.\n\nNoteworthy: None is the `nil' object; Ellipsis represents `...' in slices.", 'UserWarning': <class 'UserWarning'>, 'round': <built-in function round>, 'BaseException': <class 'BaseException'>, 'delattr': <built-in function delattr>, 'TabError': <class 'TabError'>, 'True': True, 'frozenset': <class 'frozenset'>, 'ChildProcessError': <class 'ChildProcessError'>, 'False': False, 'str': <class 'str'>, 'len': <built-in function len>, 'oct': <built-in function oct>, 'format': <built-in function format>, 'BytesWarning': <class 'BytesWarning'>, 'FloatingPointError': <class 'FloatingPointError'>, 'ConnectionRefusedError': <class 'ConnectionRefusedError'>, 'hasattr': <built-in function hasattr>, 'bytes': <class 'bytes'>, 'int': <class 'int'>, 'bool': <class 'bool'>, 'chr': <built-in function chr>, 'ArithmeticError': <class 'ArithmeticError'>, 'eval': <built-in function eval>, 'input': <built-in function input>, 'any': <built-in function any>, 'ConnectionResetError': <class 'ConnectionResetError'>, 'zip': <class 'zip'>, 'exec': <built-in function exec>, 'globals': <built-in function globals>, 'exit': Use exit() or Ctrl-D (i.e. EOF) to exit, 'TypeError': <class 'TypeError'>, 'UnboundLocalError': <class 'UnboundLocalError'>, 'bytearray': <class 'bytearray'>, 'sum': <built-in function sum>, 'AttributeError': <class 'AttributeError'>, 'IOError': <class 'OSError'>, 'copyright': Copyright (c) 2001-2016 Python Software Foundation.
All Rights Reserved.

Copyright (c) 2000 BeOpen.com.
All Rights Reserved.

Copyright (c) 1995-2001 Corporation for National Research Initiatives.
All Rights Reserved.

Copyright (c) 1991-1995 Stichting Mathematisch Centrum, Amsterdam.
All Rights Reserved., 'ord': <built-in function ord>, 'classmethod': <class 'classmethod'>, 'min': <built-in function min>, 'object': <class 'object'>, 'abs': <built-in function abs>, 'hash': <built-in function hash>, 'tuple': <class 'tuple'>, '__package__': '', 'enumerate': <class 'enumerate'>, 'NameError': <class 'NameError'>, 'SystemError': <class 'SystemError'>, 'dict': <class 'dict'>, 'IsADirectoryError': <class 'IsADirectoryError'>, 'LookupError': <class 'LookupError'>, 'credits':     Thanks to CWI, CNRI, BeOpen.com, Zope Corporation and a cast of thousands
    for supporting Python development.  See www.python.org for more information., 'print': <built-in function print>, 'BlockingIOError': <class 'BlockingIOError'>, 'RuntimeWarning': <class 'RuntimeWarning'>, 'Exception': <class 'Exception'>, 'next': <built-in function next>, 'FileExistsError': <class 'FileExistsError'>, 'KeyError': <class 'KeyError'>, 'setattr': <built-in function setattr>, 'slice': <class 'slice'>, 'locals': <built-in function locals>, 'ImportWarning': <class 'ImportWarning'>, 'EOFError': <class 'EOFError'>, 'None': None, 'complex': <class 'complex'>, 'StopAsyncIteration': <class 'StopAsyncIteration'>, 'property': <class 'property'>, 'open': <built-in function open>, 'ReferenceError': <class 'ReferenceError'>, 'getattr': <built-in function getattr>, 'NotImplemented': NotImplemented, 'IndentationError': <class 'IndentationError'>, 'super': <class 'super'>, 'RuntimeError': <class 'RuntimeError'>, 'issubclass': <built-in function issubclass>, 'ProcessLookupError': <class 'ProcessLookupError'>, 'UnicodeDecodeError': <class 'UnicodeDecodeError'>, 'callable': <built-in function callable>, 'dir': <built-in function dir>, 'ConnectionAbortedError': <class 'ConnectionAbortedError'>, 'FileNotFoundError': <class 'FileNotFoundError'>, 'MemoryError': <class 'MemoryError'>, 'SyntaxError': <class 'SyntaxError'>, 'hex': <built-in function hex>}
            name: __builtins__
            collector: <Module 'tests/chamber_of_deputies/__init__.py'>
        finish pytest_pycollect_makeitem --> None [hook]
        pytest_pycollect_makeitem [hook]
            obj: tests.chamber_of_deputies
            name: __name__
            collector: <Module 'tests/chamber_of_deputies/__init__.py'>
        finish pytest_pycollect_makeitem --> None [hook]
        pytest_pycollect_makeitem [hook]
            obj: <_frozen_importlib_external.SourceFileLoader object at 0x7f19a6c2ec18>
            name: __loader__
            collector: <Module 'tests/chamber_of_deputies/__init__.py'>
        finish pytest_pycollect_makeitem --> None [hook]
        pytest_pycollect_makeitem [hook]
            obj: ModuleSpec(name='tests.chamber_of_deputies', loader=<_frozen_importlib_external.SourceFileLoader object at 0x7f19a6c2ec18>, origin='/home/luzfcb/projetos/rosie/tests/chamber_of_deputies/__init__.py', submodule_search_locations=['/home/luzfcb/projetos/rosie/tests/chamber_of_deputies'])
            name: __spec__
            collector: <Module 'tests/chamber_of_deputies/__init__.py'>
        finish pytest_pycollect_makeitem --> None [hook]
        pytest_pycollect_makeitem [hook]
            obj: tests.chamber_of_deputies
            name: __package__
            collector: <Module 'tests/chamber_of_deputies/__init__.py'>
        finish pytest_pycollect_makeitem --> None [hook]
        pytest_pycollect_makeitem [hook]
            obj: <slot wrapper '__setattr__' of 'module' objects>
            name: __setattr__
            collector: <Module 'tests/chamber_of_deputies/__init__.py'>
        finish pytest_pycollect_makeitem --> None [hook]
        pytest_pycollect_makeitem [hook]
            obj: <slot wrapper '__repr__' of 'module' objects>
            name: __repr__
            collector: <Module 'tests/chamber_of_deputies/__init__.py'>
        finish pytest_pycollect_makeitem --> None [hook]
        pytest_pycollect_makeitem [hook]
            obj: <slot wrapper '__init__' of 'module' objects>
            name: __init__
            collector: <Module 'tests/chamber_of_deputies/__init__.py'>
        finish pytest_pycollect_makeitem --> None [hook]
        pytest_pycollect_makeitem [hook]
            obj: <slot wrapper '__getattribute__' of 'module' objects>
            name: __getattribute__
            collector: <Module 'tests/chamber_of_deputies/__init__.py'>
        finish pytest_pycollect_makeitem --> None [hook]
        pytest_pycollect_makeitem [hook]
            obj: <method '__dir__' of 'module' objects>
            name: __dir__
            collector: <Module 'tests/chamber_of_deputies/__init__.py'>
        finish pytest_pycollect_makeitem --> None [hook]
        pytest_pycollect_makeitem [hook]
            obj: <built-in method __new__ of type object at 0x8709c0>
            name: __new__
            collector: <Module 'tests/chamber_of_deputies/__init__.py'>
        finish pytest_pycollect_makeitem --> None [hook]
        pytest_pycollect_makeitem [hook]
            obj: <slot wrapper '__delattr__' of 'module' objects>
            name: __delattr__
            collector: <Module 'tests/chamber_of_deputies/__init__.py'>
        finish pytest_pycollect_makeitem --> None [hook]
        pytest_pycollect_makeitem [hook]
            obj: <member '__dict__' of 'module' objects>
            name: __dict__
            collector: <Module 'tests/chamber_of_deputies/__init__.py'>
        finish pytest_pycollect_makeitem --> None [hook]
        pytest_pycollect_makeitem [hook]
            obj: <slot wrapper '__lt__' of 'object' objects>
            name: __lt__
            collector: <Module 'tests/chamber_of_deputies/__init__.py'>
        finish pytest_pycollect_makeitem --> None [hook]
        pytest_pycollect_makeitem [hook]
            obj: <slot wrapper '__le__' of 'object' objects>
            name: __le__
            collector: <Module 'tests/chamber_of_deputies/__init__.py'>
        finish pytest_pycollect_makeitem --> None [hook]
        pytest_pycollect_makeitem [hook]
            obj: <slot wrapper '__ge__' of 'object' objects>
            name: __ge__
            collector: <Module 'tests/chamber_of_deputies/__init__.py'>
        finish pytest_pycollect_makeitem --> None [hook]
        pytest_pycollect_makeitem [hook]
            obj: <slot wrapper '__gt__' of 'object' objects>
            name: __gt__
            collector: <Module 'tests/chamber_of_deputies/__init__.py'>
        finish pytest_pycollect_makeitem --> None [hook]
        pytest_pycollect_makeitem [hook]
            obj: <method '__subclasshook__' of 'object' objects>
            name: __subclasshook__
            collector: <Module 'tests/chamber_of_deputies/__init__.py'>
        finish pytest_pycollect_makeitem --> None [hook]
        pytest_pycollect_makeitem [hook]
            obj: <slot wrapper '__str__' of 'object' objects>
            name: __str__
            collector: <Module 'tests/chamber_of_deputies/__init__.py'>
        finish pytest_pycollect_makeitem --> None [hook]
        pytest_pycollect_makeitem [hook]
            obj: <slot wrapper '__ne__' of 'object' objects>
            name: __ne__
            collector: <Module 'tests/chamber_of_deputies/__init__.py'>
        finish pytest_pycollect_makeitem --> None [hook]
        pytest_pycollect_makeitem [hook]
            obj: <method '__reduce__' of 'object' objects>
            name: __reduce__
            collector: <Module 'tests/chamber_of_deputies/__init__.py'>
        finish pytest_pycollect_makeitem --> None [hook]
        pytest_pycollect_makeitem [hook]
            obj: <slot wrapper '__eq__' of 'object' objects>
            name: __eq__
            collector: <Module 'tests/chamber_of_deputies/__init__.py'>
        finish pytest_pycollect_makeitem --> None [hook]
        pytest_pycollect_makeitem [hook]
            obj: <slot wrapper '__hash__' of 'object' objects>
            name: __hash__
            collector: <Module 'tests/chamber_of_deputies/__init__.py'>
        finish pytest_pycollect_makeitem --> None [hook]
        pytest_pycollect_makeitem [hook]
            obj: <method '__reduce_ex__' of 'object' objects>
            name: __reduce_ex__
            collector: <Module 'tests/chamber_of_deputies/__init__.py'>
        finish pytest_pycollect_makeitem --> None [hook]
        pytest_pycollect_makeitem [hook]
            obj: <method '__format__' of 'object' objects>
            name: __format__
            collector: <Module 'tests/chamber_of_deputies/__init__.py'>
        finish pytest_pycollect_makeitem --> None [hook]
        pytest_pycollect_makeitem [hook]
            obj: <method '__sizeof__' of 'object' objects>
            name: __sizeof__
            collector: <Module 'tests/chamber_of_deputies/__init__.py'>
        finish pytest_pycollect_makeitem --> None [hook]
        pytest_pycollect_makeitem [hook]
            obj: <attribute '__class__' of 'object' objects>
            name: __class__
            collector: <Module 'tests/chamber_of_deputies/__init__.py'>
        finish pytest_pycollect_makeitem --> None [hook]
      finish pytest_make_collect_report --> <CollectReport 'tests/chamber_of_deputies/__init__.py' lenresult=0 outcome='passed'> [hook]
      pytest_collectreport [hook]
          report: <CollectReport 'tests/chamber_of_deputies/__init__.py' lenresult=0 outcome='passed'>
      finish pytest_collectreport --> [] [hook]
    genitems <DoctestModule 'tests/chamber_of_deputies/test_adapter.py'> [collection]
      pytest_collectstart [hook]
          collector: <DoctestModule 'tests/chamber_of_deputies/test_adapter.py'>
      finish pytest_collectstart --> [] [hook]
      pytest_make_collect_report [hook]
          collector: <DoctestModule 'tests/chamber_of_deputies/test_adapter.py'>
      find_module called for: tests.chamber_of_deputies.test_adapter [assertion]
      matched test file '/home/luzfcb/projetos/rosie/tests/chamber_of_deputies/test_adapter.py' [assertion]
      found cached rewritten pyc for '/home/luzfcb/projetos/rosie/tests/chamber_of_deputies/test_adapter.py' [assertion]
      find_module called for: unittest.mock [assertion]
      find_module called for: pandas [assertion]
      find_module called for: numpy [assertion]
      find_module called for: numpy._globals [assertion]
      find_module called for: numpy.__config__ [assertion]
      find_module called for: numpy.version [assertion]
      find_module called for: numpy._import_tools [assertion]
      find_module called for: numpy.add_newdocs [assertion]
      find_module called for: numpy.lib [assertion]
      find_module called for: numpy.lib.info [assertion]
      find_module called for: numpy.lib.type_check [assertion]
      find_module called for: numpy.core [assertion]
      find_module called for: numpy.core.info [assertion]
      find_module called for: numpy.core.multiarray [assertion]
      find_module called for: numpy.core.umath [assertion]
      find_module called for: numpy.core._internal [assertion]
      find_module called for: numpy.compat [assertion]
      find_module called for: numpy.compat._inspect [assertion]
      find_module called for: numpy.compat.py3k [assertion]
      find_module called for: pathlib [assertion]
      find_module called for: ntpath [assertion]
      find_module called for: nt [assertion]
      find_module called for: nt [assertion]
      find_module called for: nt [assertion]
      find_module called for: ctypes [assertion]
      find_module called for: _ctypes [assertion]
      find_module called for: ctypes._endian [assertion]
      find_module called for: numpy.core.numerictypes [assertion]
      find_module called for: numbers [assertion]
      find_module called for: numpy.core.numeric [assertion]
      find_module called for: pickle [assertion]
      find_module called for: _compat_pickle [assertion]
      find_module called for: org [assertion]
      find_module called for: _pickle [assertion]
      find_module called for: numpy.core.arrayprint [assertion]
      find_module called for: numpy.core.fromnumeric [assertion]
      find_module called for: numpy.core._methods [assertion]
      find_module called for: numpy.core.defchararray [assertion]
      find_module called for: numpy.core.records [assertion]
      find_module called for: numpy.core.memmap [assertion]
      find_module called for: numpy.core.function_base [assertion]
      find_module called for: numpy.core.machar [assertion]
      find_module called for: numpy.core.getlimits [assertion]
      find_module called for: numpy.core.shape_base [assertion]
      find_module called for: numpy.core.einsumfunc [assertion]
      find_module called for: numpy.testing [assertion]
      find_module called for: numpy.testing.decorators [assertion]
      find_module called for: numpy.testing.utils [assertion]
      find_module called for: numpy.lib.utils [assertion]
      find_module called for: numpy.testing.nosetester [assertion]
      find_module called for: numpy.lib.ufunclike [assertion]
      find_module called for: numpy.lib.index_tricks [assertion]
      find_module called for: numpy.lib.function_base [assertion]
      find_module called for: numpy.lib.twodim_base [assertion]
      find_module called for: numpy.matrixlib [assertion]
      find_module called for: numpy.matrixlib.defmatrix [assertion]
      find_module called for: numpy.lib.stride_tricks [assertion]
      find_module called for: numpy.lib.nanfunctions [assertion]
      find_module called for: numpy.lib.shape_base [assertion]
      find_module called for: numpy.lib.scimath [assertion]
      find_module called for: numpy.lib.polynomial [assertion]
      find_module called for: numpy.linalg [assertion]
      find_module called for: numpy.linalg.info [assertion]
      find_module called for: numpy.linalg.linalg [assertion]
      find_module called for: numpy.linalg.lapack_lite [assertion]
      find_module called for: numpy.linalg._umath_linalg [assertion]
      find_module called for: numpy.lib.arraysetops [assertion]
      find_module called for: numpy.lib.npyio [assertion]
      find_module called for: numpy.lib.format [assertion]
      find_module called for: numpy.lib._datasource [assertion]
      find_module called for: numpy.lib._iotools [assertion]
      find_module called for: numpy.lib.financial [assertion]
      find_module called for: numpy.lib.arrayterator [assertion]
      find_module called for: numpy.lib.arraypad [assertion]
      find_module called for: numpy.lib._version [assertion]
      find_module called for: numpy.core.c_einsum [assertion]
      find_module called for: numpy._distributor_init [assertion]
      find_module called for: numpy.fft [assertion]
      find_module called for: numpy.fft.info [assertion]
      find_module called for: numpy.fft.fftpack [assertion]
      find_module called for: numpy.fft.fftpack_lite [assertion]
      find_module called for: numpy.fft.helper [assertion]
      find_module called for: numpy.polynomial [assertion]
      find_module called for: numpy.polynomial.polynomial [assertion]
      find_module called for: numpy.polynomial.polyutils [assertion]
      find_module called for: numpy.polynomial._polybase [assertion]
      find_module called for: numpy.polynomial.chebyshev [assertion]
      find_module called for: numpy.polynomial.legendre [assertion]
      find_module called for: numpy.polynomial.hermite [assertion]
      find_module called for: numpy.polynomial.hermite_e [assertion]
      find_module called for: numpy.polynomial.laguerre [assertion]
      find_module called for: numpy.random [assertion]
      find_module called for: numpy.random.info [assertion]
      find_module called for: numpy.random.mtrand [assertion]
      find_module called for: numpy.ctypeslib [assertion]
      find_module called for: numpy.ma [assertion]
      find_module called for: numpy.ma.core [assertion]
      find_module called for: numpy.ma.extras [assertion]
      find_module called for: pytz [assertion]
      find_module called for: pytz.exceptions [assertion]
      find_module called for: pytz.lazy [assertion]
      find_module called for: UserDict [assertion]
      find_module called for: pytz.tzinfo [assertion]
      find_module called for: pytz.tzfile [assertion]
      find_module called for: cStringIO [assertion]
      find_module called for: dateutil [assertion]
      find_module called for: pandas.compat [assertion]
      find_module called for: distutils [assertion]
      find_module called for: distutils.dist [assertion]
      find_module called for: distutils.errors [assertion]
      find_module called for: distutils.fancy_getopt [assertion]
      find_module called for: getopt [assertion]
      find_module called for: distutils.util [assertion]
      find_module called for: distutils.dep_util [assertion]
      find_module called for: distutils.spawn [assertion]
      find_module called for: distutils.debug [assertion]
      find_module called for: distutils.log [assertion]
      find_module called for: distutils.sysconfig [assertion]
      find_module called for: distutils.version [assertion]
      find_module called for: unicodedata [assertion]
      find_module called for: __builtin__ [assertion]
      find_module called for: http [assertion]
      find_module called for: http.client [assertion]
      find_module called for: ssl [assertion]
      find_module called for: ipaddress [assertion]
      find_module called for: _ssl [assertion]
      find_module called for: pandas.compat.chainmap [assertion]
      find_module called for: dateutil.parser [assertion]
      find_module called for: dateutil.relativedelta [assertion]
      find_module called for: dateutil._common [assertion]
      find_module called for: dateutil.tz [assertion]
      find_module called for: dateutil.tz.tz [assertion]
      find_module called for: dateutil.tz._common [assertion]
      find_module called for: dateutil.tz.win [assertion]
      find_module called for: six.moves.winreg [assertion]
      find_module called for: pandas.compat.numpy [assertion]
      find_module called for: pandas._libs [assertion]
      find_module called for: pandas._libs.tslib [assertion]
      find_module called for: pandas._libs.warnings [assertion]
      find_module called for: pandas._libs.numpy [assertion]
      find_module called for: pandas._libs.sys [assertion]
      find_module called for: pandas._libs.datetime [assertion]
      find_module called for: pandas._libs.datetime [assertion]
      find_module called for: pandas._libs.re [assertion]
      find_module called for: pandas._libs.dateutil [assertion]
      find_module called for: pandas._libs.pandas [assertion]
      find_module called for: pandas._libs.dateutil [assertion]
      find_module called for: pandas._libs.dateutil [assertion]
      find_module called for: pandas._libs.dateutil [assertion]
      find_module called for: pandas._libs.pytz [assertion]
      find_module called for: pandas._libs.pandas [assertion]
      find_module called for: pandas._libs.operator [assertion]
      find_module called for: pandas._libs.collections [assertion]
      find_module called for: pandas._libs.warnings [assertion]
      find_module called for: pandas._libs.pytz [assertion]
      find_module called for: pandas._libs.time [assertion]
      find_module called for: pandas._libs.locale [assertion]
      find_module called for: pandas._libs.calendar [assertion]
      find_module called for: pandas._libs.re [assertion]
      find_module called for: pandas._libs.re [assertion]
      find_module called for: pandas._libs.re [assertion]
      find_module called for: pandas._libs.datetime [assertion]
      find_module called for: pandas._libs.thread [assertion]
      find_module called for: thread [assertion]
      find_module called for: pandas._libs._thread [assertion]
      find_module called for: pandas._libs.hashtable [assertion]
      find_module called for: pandas._libs.numpy [assertion]
      find_module called for: pandas._libs.pandas [assertion]
      find_module called for: pandas._libs.lib [assertion]
      find_module called for: backports_abc [assertion]
      find_module called for: pandas._libs.numpy [assertion]
      find_module called for: pandas._libs.sys [assertion]
      find_module called for: pandas._libs.datetime [assertion]
      find_module called for: pandas._libs.interval [assertion]
      find_module called for: pandas._libs.numpy [assertion]
      find_module called for: pandas._libs.pandas [assertion]
      find_module called for: pandas._libs.numbers [assertion]
      find_module called for: pandas._libs.numpy [assertion]
      find_module called for: pandas._libs.datetime [assertion]
      find_module called for: pandas._libs.numpy [assertion]
      find_module called for: pandas._libs.distutils [assertion]
      find_module called for: pandas._libs.sys [assertion]
      find_module called for: pandas._libs.decimal [assertion]
      find_module called for: decimal [assertion]
      find_module called for: _decimal [assertion]
      find_module called for: pandas._libs.datetime [assertion]
      find_module called for: pandas.core [assertion]
      find_module called for: pandas.core.config_init [assertion]
      find_module called for: pandas.core.config [assertion]
      find_module called for: pandas.io [assertion]
      find_module called for: pandas.io.formats [assertion]
      find_module called for: pandas.io.formats.printing [assertion]
      find_module called for: pandas.core.dtypes [assertion]
      find_module called for: pandas.core.dtypes.inference [assertion]
      find_module called for: pandas.io.formats.console [assertion]
      find_module called for: pandas.io.formats.terminal [assertion]
      find_module called for: xlsxwriter [assertion]
      find_module called for: pandas.core.api [assertion]
      find_module called for: pandas.core.algorithms [assertion]
      find_module called for: pandas.core.dtypes.cast [assertion]
      find_module called for: pandas.core.dtypes.common [assertion]
      find_module called for: pandas._libs.algos [assertion]
      find_module called for: pandas._libs.numpy [assertion]
      find_module called for: pandas._libs.pandas [assertion]
      find_module called for: pandas.core.dtypes.dtypes [assertion]
      find_module called for: pandas.core.dtypes.generic [assertion]
      find_module called for: pandas.core.dtypes.missing [assertion]
      find_module called for: pandas.core.common [assertion]
      find_module called for: pandas.api [assertion]
      find_module called for: pandas.api.types [assertion]
      find_module called for: pandas.core.dtypes.api [assertion]
      find_module called for: pandas.core.dtypes.concat [assertion]
      find_module called for: pandas.errors [assertion]
      find_module called for: pandas.core.categorical [assertion]
      find_module called for: pandas.core.base [assertion]
      find_module called for: pandas.util [assertion]
      find_module called for: pandas.core.util [assertion]
      find_module called for: pandas.core.util.hashing [assertion]
      find_module called for: pandas._libs.hashing [assertion]
      find_module called for: pandas._libs.numpy [assertion]
      find_module called for: pandas.util._decorators [assertion]
      find_module called for: pandas.util._validators [assertion]
      find_module called for: pandas.core.nanops [assertion]
      find_module called for: bottleneck [assertion]
      find_module called for: pandas.compat.numpy.function [assertion]
      find_module called for: pandas.core.missing [assertion]
      find_module called for: pandas.core.groupby [assertion]
      find_module called for: pandas.core.index [assertion]
      find_module called for: pandas.core.indexes [assertion]
      find_module called for: pandas.core.indexes.api [assertion]
      find_module called for: pandas.core.indexes.base [assertion]
      find_module called for: pandas._libs.index [assertion]
      find_module called for: pandas._libs.numpy [assertion]
      find_module called for: pandas._libs.pandas [assertion]
      find_module called for: pandas._libs.pandas [assertion]
      find_module called for: pandas._libs.dateutil [assertion]
      find_module called for: pandas._libs.pytz [assertion]
      find_module called for: pandas._libs.join [assertion]
      find_module called for: pandas._libs.numpy [assertion]
      find_module called for: pandas._libs.pandas [assertion]
      find_module called for: pandas._libs.pandas [assertion]
      find_module called for: pandas.core.indexes.frozen [assertion]
      find_module called for: pandas.core.ops [assertion]
      find_module called for: pandas.core.computation [assertion]
      find_module called for: numexpr [assertion]
      find_module called for: pandas.core.computation.expressions [assertion]
      find_module called for: pandas.core.strings [assertion]
      find_module called for: pandas.core.indexes.category [assertion]
      find_module called for: pandas.core.indexes.multi [assertion]
      find_module called for: pandas.core.indexes.interval [assertion]
      find_module called for: pandas.core.indexes.numeric [assertion]
      find_module called for: pandas.core.indexes.range [assertion]
      find_module called for: pandas.core.indexes.timedeltas [assertion]
      find_module called for: pandas.tseries [assertion]
      find_module called for: pandas.tseries.frequencies [assertion]
      find_module called for: pandas.tseries.offsets [assertion]
      find_module called for: pandas.core.tools [assertion]
      find_module called for: pandas.core.tools.datetimes [assertion]
      find_module called for: dateutil.easter [assertion]
      find_module called for: pandas.core.indexes.datetimelike [assertion]
      find_module called for: pandas._libs.period [assertion]
      find_module called for: pandas._libs.datetime [assertion]
      find_module called for: pandas._libs.operator [assertion]
      find_module called for: pandas._libs.numpy [assertion]
      find_module called for: pandas._libs.pandas [assertion]
      find_module called for: pandas._libs.pandas [assertion]
      find_module called for: pandas._libs.pandas [assertion]
      find_module called for: pandas._libs.pandas [assertion]
      find_module called for: pandas._libs.pandas [assertion]
      find_module called for: pandas._libs.pandas [assertion]
      find_module called for: pandas._libs.pandas [assertion]
      find_module called for: pandas.core.tools.timedeltas [assertion]
      find_module called for: pandas.core.indexes.period [assertion]
      find_module called for: pandas.core.indexes.datetimes [assertion]
      find_module called for: pandas.core.frame [assertion]
      find_module called for: pandas.core.generic [assertion]
      find_module called for: gc [assertion]
      find_module called for: pandas.core.indexing [assertion]
      find_module called for: pandas.core.internals [assertion]
      find_module called for: pandas.core.sparse [assertion]
      find_module called for: pandas.core.sparse.array [assertion]
      find_module called for: pandas._libs.sparse [assertion]
      find_module called for: pandas._libs.numpy [assertion]
      find_module called for: pandas._libs.operator [assertion]
      find_module called for: pandas._libs.sys [assertion]
      find_module called for: pandas._libs.distutils [assertion]
      find_module called for: pandas.io.formats.format [assertion]
      find_module called for: pandas.io.common [assertion]
      find_module called for: csv [assertion]
      find_module called for: _csv [assertion]
      find_module called for: mmap [assertion]
      find_module called for: s3fs [assertion]
      find_module called for: urllib.request [assertion]
      find_module called for: urllib.error [assertion]
      find_module called for: urllib.response [assertion]
      find_module called for: pandas.io.formats.common [assertion]
      find_module called for: pandas.core.series [assertion]
      find_module called for: pandas.core.indexes.accessors [assertion]
      find_module called for: pandas.core.window [assertion]
      find_module called for: pandas._libs.window [assertion]
      find_module called for: pandas._libs.numpy [assertion]
      find_module called for: pandas._libs.numpy [assertion]
      find_module called for: pandas._libs.random [assertion]
      find_module called for: pandas.plotting [assertion]
      find_module called for: pandas.plotting._converter [assertion]
      find_module called for: matplotlib [assertion]
      find_module called for: pandas.plotting._misc [assertion]
      find_module called for: pandas.plotting._style [assertion]
      find_module called for: pandas.plotting._compat [assertion]
      find_module called for: pandas.plotting._tools [assertion]
      find_module called for: pandas.plotting._core [assertion]
      find_module called for: matplotlib [assertion]
      find_module called for: pandas.core.computation.eval [assertion]
      find_module called for: pandas.core.computation.expr [assertion]
      find_module called for: pandas.core.reshape [assertion]
      find_module called for: pandas.core.reshape.util [assertion]
      find_module called for: pandas.core.computation.ops [assertion]
      find_module called for: pandas.core.computation.common [assertion]
      find_module called for: pandas.core.computation.scope [assertion]
      find_module called for: pandas.core.computation.engines [assertion]
      find_module called for: pandas.core.computation.align [assertion]
      find_module called for: pandas.core.panel [assertion]
      find_module called for: pandas.core.sorting [assertion]
      find_module called for: pandas._libs.groupby [assertion]
      find_module called for: pandas._libs.numpy [assertion]
      find_module called for: pandas.core.panel4d [assertion]
      find_module called for: pandas.core.panelnd [assertion]
      find_module called for: pandas.core.reshape.reshape [assertion]
      find_module called for: pandas.core.sparse.api [assertion]
      find_module called for: pandas.core.sparse.list [assertion]
      find_module called for: pandas.core.sparse.series [assertion]
      find_module called for: pandas.core.sparse.scipy_sparse [assertion]
      find_module called for: pandas.core.sparse.frame [assertion]
      find_module called for: pandas._libs.reshape [assertion]
      find_module called for: pandas._libs.numpy [assertion]
      find_module called for: pandas.core.tools.numeric [assertion]
      find_module called for: pandas.core.resample [assertion]
      find_module called for: pandas.util._depr_module [assertion]
      find_module called for: pandas.stats [assertion]
      find_module called for: pandas.stats.api [assertion]
      find_module called for: pandas.stats.moments [assertion]
      find_module called for: pandas.tseries.api [assertion]
      find_module called for: pandas.core.computation.api [assertion]
      find_module called for: pandas.core.reshape.api [assertion]
      find_module called for: pandas.core.reshape.concat [assertion]
      find_module called for: pandas.core.reshape.merge [assertion]
      find_module called for: pandas.core.reshape.pivot [assertion]
      find_module called for: pandas.core.reshape.tile [assertion]
      find_module called for: pandas.tools [assertion]
      find_module called for: pandas.tools.plotting [assertion]
      find_module called for: pandas.util._print_versions [assertion]
      find_module called for: pandas.io.api [assertion]
      find_module called for: pandas.io.parsers [assertion]
      find_module called for: pandas.io.date_converters [assertion]
      find_module called for: pandas._libs.parsers [assertion]
      find_module called for: pandas._libs.warnings [assertion]
      find_module called for: pandas._libs.csv [assertion]
      find_module called for: pandas._libs.pandas [assertion]
      find_module called for: pandas._libs.numpy [assertion]
      find_module called for: pandas._libs.pandas [assertion]
      find_module called for: pandas._libs.pandas [assertion]
      find_module called for: pandas._libs.pandas [assertion]
      find_module called for: pandas._libs.pandas [assertion]
      find_module called for: pandas._libs.pandas [assertion]
      find_module called for: pandas._libs.pandas [assertion]
      find_module called for: pandas._libs.pandas [assertion]
      find_module called for: pandas._libs.time [assertion]
      find_module called for: pandas._libs.os [assertion]
      find_module called for: pandas._libs.sys [assertion]
      find_module called for: pandas.io.clipboard [assertion]
      find_module called for: pandas.io.clipboard.clipboards [assertion]
      find_module called for: pandas.io.clipboard.exceptions [assertion]
      find_module called for: pandas.io.clipboard.windows [assertion]
      find_module called for: gtk [assertion]
      find_module called for: PyQt4 [assertion]
      find_module called for: pandas.io.clipboard.clipboard [assertion]
      find_module called for: pandas.io.excel [assertion]
      find_module called for: pandas._libs.json [assertion]
      find_module called for: pandas.compat.openpyxl_compat [assertion]
      find_module called for: pandas.io.pytables [assertion]
      find_module called for: pandas.core.computation.pytables [assertion]
      find_module called for: pandas.io.json [assertion]
      find_module called for: pandas.io.json.json [assertion]
      find_module called for: pandas.io.json.normalize [assertion]
      find_module called for: pandas.io.json.table_schema [assertion]
      find_module called for: pandas.io.html [assertion]
      find_module called for: pandas.io.sql [assertion]
      find_module called for: pandas.io.sas [assertion]
      find_module called for: pandas.io.sas.sasreader [assertion]
      find_module called for: pandas.io.feather_format [assertion]
      find_module called for: pandas.io.stata [assertion]
      find_module called for: pandas.io.pickle [assertion]
      find_module called for: pandas.compat.pickle_compat [assertion]
      find_module called for: pandas.io.packers [assertion]
      find_module called for: pandas.io.msgpack [assertion]
      find_module called for: pandas.io.msgpack.exceptions [assertion]
      find_module called for: pandas.io.msgpack._version [assertion]
      find_module called for: pandas.io.msgpack._packer [assertion]
      find_module called for: pandas.io.msgpack.pandas [assertion]
      find_module called for: pandas.io.msgpack.pandas [assertion]
      find_module called for: pandas.io.msgpack._unpacker [assertion]
      find_module called for: pandas.io.msgpack.pandas [assertion]
      find_module called for: pandas.io.msgpack.pandas [assertion]
      find_module called for: pandas.util._move [assertion]
      find_module called for: blosc [assertion]
      find_module called for: pandas.io.gbq [assertion]
      find_module called for: pandas.util._tester [assertion]
      find_module called for: pandas.testing [assertion]
      find_module called for: pandas.util.testing [assertion]
      find_module called for: pandas._libs.testing [assertion]
      find_module called for: pandas._libs.numpy [assertion]
      find_module called for: pandas._libs.pandas [assertion]
      find_module called for: pandas._libs.pandas [assertion]
      find_module called for: pandas._libs.pandas [assertion]
      finish pytest_make_collect_report --> <CollectReport 'tests/chamber_of_deputies/test_adapter.py' lenresult=0 outcome='failed'> [hook]
      pytest_exception_interact [hook]
          report: <CollectReport 'tests/chamber_of_deputies/test_adapter.py' lenresult=0 outcome='failed'>
          call: <CallInfo when='memocollect' exception: 'slow' not a registered marker>
          node: <DoctestModule 'tests/chamber_of_deputies/test_adapter.py'>
      finish pytest_exception_interact --> [] [hook]
      pytest_collectreport [hook]
          report: <CollectReport 'tests/chamber_of_deputies/test_adapter.py' lenresult=0 outcome='failed'>
      finish pytest_collectreport --> [] [hook]
    genitems <Module 'tests/chamber_of_deputies/test_adapter.py'> [collection]
      pytest_collectstart [hook]
          collector: <Module 'tests/chamber_of_deputies/test_adapter.py'>
      finish pytest_collectstart --> [] [hook]
      pytest_make_collect_report [hook]
          collector: <Module 'tests/chamber_of_deputies/test_adapter.py'>
      find_module called for: tests.chamber_of_deputies.test_adapter [assertion]
      matched test file '/home/luzfcb/projetos/rosie/tests/chamber_of_deputies/test_adapter.py' [assertion]
      found cached rewritten pyc for '/home/luzfcb/projetos/rosie/tests/chamber_of_deputies/test_adapter.py' [assertion]
      find_module called for: pandas [assertion]
      finish pytest_make_collect_report --> <CollectReport 'tests/chamber_of_deputies/test_adapter.py' lenresult=0 outcome='failed'> [hook]
      pytest_exception_interact [hook]
          report: <CollectReport 'tests/chamber_of_deputies/test_adapter.py' lenresult=0 outcome='failed'>
          call: <CallInfo when='memocollect' exception: module 'pandas' has no attribute 'plotting'>
          node: <Module 'tests/chamber_of_deputies/test_adapter.py'>
      finish pytest_exception_interact --> [] [hook]
      pytest_collectreport [hook]
          report: <CollectReport 'tests/chamber_of_deputies/test_adapter.py' lenresult=0 outcome='failed'>
      finish pytest_collectreport --> [] [hook]
    genitems <DoctestModule 'tests/chamber_of_deputies/test_chamber_of_deputies.py'> [collection]
      pytest_collectstart [hook]
          collector: <DoctestModule 'tests/chamber_of_deputies/test_chamber_of_deputies.py'>
      finish pytest_collectstart --> [] [hook]
      pytest_make_collect_report [hook]
          collector: <DoctestModule 'tests/chamber_of_deputies/test_chamber_of_deputies.py'>
      find_module called for: tests.chamber_of_deputies.test_chamber_of_deputies [assertion]
      matched test file '/home/luzfcb/projetos/rosie/tests/chamber_of_deputies/test_chamber_of_deputies.py' [assertion]
      found cached rewritten pyc for '/home/luzfcb/projetos/rosie/tests/chamber_of_deputies/test_chamber_of_deputies.py' [assertion]
      find_module called for: pandas [assertion]
      finish pytest_make_collect_report --> <CollectReport 'tests/chamber_of_deputies/test_chamber_of_deputies.py' lenresult=0 outcome='failed'> [hook]
      pytest_exception_interact [hook]
          report: <CollectReport 'tests/chamber_of_deputies/test_chamber_of_deputies.py' lenresult=0 outcome='failed'>
          call: <CallInfo when='memocollect' exception: module 'pandas' has no attribute 'plotting'>
          node: <DoctestModule 'tests/chamber_of_deputies/test_chamber_of_deputies.py'>
      finish pytest_exception_interact --> [] [hook]
      pytest_collectreport [hook]
          report: <CollectReport 'tests/chamber_of_deputies/test_chamber_of_deputies.py' lenresult=0 outcome='failed'>
      finish pytest_collectreport --> [] [hook]
    genitems <Module 'tests/chamber_of_deputies/test_chamber_of_deputies.py'> [collection]
      pytest_collectstart [hook]
          collector: <Module 'tests/chamber_of_deputies/test_chamber_of_deputies.py'>
      finish pytest_collectstart --> [] [hook]
      pytest_make_collect_report [hook]
          collector: <Module 'tests/chamber_of_deputies/test_chamber_of_deputies.py'>
      find_module called for: tests.chamber_of_deputies.test_chamber_of_deputies [assertion]
      matched test file '/home/luzfcb/projetos/rosie/tests/chamber_of_deputies/test_chamber_of_deputies.py' [assertion]
      found cached rewritten pyc for '/home/luzfcb/projetos/rosie/tests/chamber_of_deputies/test_chamber_of_deputies.py' [assertion]
      find_module called for: pandas [assertion]
      finish pytest_make_collect_report --> <CollectReport 'tests/chamber_of_deputies/test_chamber_of_deputies.py' lenresult=0 outcome='failed'> [hook]
      pytest_exception_interact [hook]
          report: <CollectReport 'tests/chamber_of_deputies/test_chamber_of_deputies.py' lenresult=0 outcome='failed'>
          call: <CallInfo when='memocollect' exception: module 'pandas' has no attribute 'plotting'>
          node: <Module 'tests/chamber_of_deputies/test_chamber_of_deputies.py'>
      finish pytest_exception_interact --> [] [hook]
      pytest_collectreport [hook]
          report: <CollectReport 'tests/chamber_of_deputies/test_chamber_of_deputies.py' lenresult=0 outcome='failed'>
      finish pytest_collectreport --> [] [hook]
    genitems <DoctestModule 'tests/chamber_of_deputies/test_election_expenses_classifier.py'> [collection]
      pytest_collectstart [hook]
          collector: <DoctestModule 'tests/chamber_of_deputies/test_election_expenses_classifier.py'>
      finish pytest_collectstart --> [] [hook]
      pytest_make_collect_report [hook]
          collector: <DoctestModule 'tests/chamber_of_deputies/test_election_expenses_classifier.py'>
      find_module called for: tests.chamber_of_deputies.test_election_expenses_classifier [assertion]
      matched test file '/home/luzfcb/projetos/rosie/tests/chamber_of_deputies/test_election_expenses_classifier.py' [assertion]
      found cached rewritten pyc for '/home/luzfcb/projetos/rosie/tests/chamber_of_deputies/test_election_expenses_classifier.py' [assertion]
      find_module called for: pandas [assertion]
      finish pytest_make_collect_report --> <CollectReport 'tests/chamber_of_deputies/test_election_expenses_classifier.py' lenresult=0 outcome='failed'> [hook]
      pytest_exception_interact [hook]
          report: <CollectReport 'tests/chamber_of_deputies/test_election_expenses_classifier.py' lenresult=0 outcome='failed'>
          call: <CallInfo when='memocollect' exception: module 'pandas' has no attribute 'plotting'>
          node: <DoctestModule 'tests/chamber_of_deputies/test_election_expenses_classifier.py'>
      finish pytest_exception_interact --> [] [hook]
      pytest_collectreport [hook]
          report: <CollectReport 'tests/chamber_of_deputies/test_election_expenses_classifier.py' lenresult=0 outcome='failed'>
      finish pytest_collectreport --> [] [hook]
    genitems <Module 'tests/chamber_of_deputies/test_election_expenses_classifier.py'> [collection]
      pytest_collectstart [hook]
          collector: <Module 'tests/chamber_of_deputies/test_election_expenses_classifier.py'>
      finish pytest_collectstart --> [] [hook]
      pytest_make_collect_report [hook]
          collector: <Module 'tests/chamber_of_deputies/test_election_expenses_classifier.py'>
      find_module called for: tests.chamber_of_deputies.test_election_expenses_classifier [assertion]
      matched test file '/home/luzfcb/projetos/rosie/tests/chamber_of_deputies/test_election_expenses_classifier.py' [assertion]
      found cached rewritten pyc for '/home/luzfcb/projetos/rosie/tests/chamber_of_deputies/test_election_expenses_classifier.py' [assertion]
      find_module called for: pandas [assertion]
      finish pytest_make_collect_report --> <CollectReport 'tests/chamber_of_deputies/test_election_expenses_classifier.py' lenresult=0 outcome='failed'> [hook]
      pytest_exception_interact [hook]
          report: <CollectReport 'tests/chamber_of_deputies/test_election_expenses_classifier.py' lenresult=0 outcome='failed'>
          call: <CallInfo when='memocollect' exception: module 'pandas' has no attribute 'plotting'>
          node: <Module 'tests/chamber_of_deputies/test_election_expenses_classifier.py'>
      finish pytest_exception_interact --> [] [hook]
      pytest_collectreport [hook]
          report: <CollectReport 'tests/chamber_of_deputies/test_election_expenses_classifier.py' lenresult=0 outcome='failed'>
      finish pytest_collectreport --> [] [hook]
    genitems <DoctestModule 'tests/chamber_of_deputies/test_irregular_companies_classifier.py'> [collection]
      pytest_collectstart [hook]
          collector: <DoctestModule 'tests/chamber_of_deputies/test_irregular_companies_classifier.py'>
      finish pytest_collectstart --> [] [hook]
      pytest_make_collect_report [hook]
          collector: <DoctestModule 'tests/chamber_of_deputies/test_irregular_companies_classifier.py'>
      find_module called for: tests.chamber_of_deputies.test_irregular_companies_classifier [assertion]
      matched test file '/home/luzfcb/projetos/rosie/tests/chamber_of_deputies/test_irregular_companies_classifier.py' [assertion]
      found cached rewritten pyc for '/home/luzfcb/projetos/rosie/tests/chamber_of_deputies/test_irregular_companies_classifier.py' [assertion]
      find_module called for: pandas [assertion]
      finish pytest_make_collect_report --> <CollectReport 'tests/chamber_of_deputies/test_irregular_companies_classifier.py' lenresult=0 outcome='failed'> [hook]
      pytest_exception_interact [hook]
          report: <CollectReport 'tests/chamber_of_deputies/test_irregular_companies_classifier.py' lenresult=0 outcome='failed'>
          call: <CallInfo when='memocollect' exception: module 'pandas' has no attribute 'plotting'>
          node: <DoctestModule 'tests/chamber_of_deputies/test_irregular_companies_classifier.py'>
      finish pytest_exception_interact --> [] [hook]
      pytest_collectreport [hook]
          report: <CollectReport 'tests/chamber_of_deputies/test_irregular_companies_classifier.py' lenresult=0 outcome='failed'>
      finish pytest_collectreport --> [] [hook]
    genitems <Module 'tests/chamber_of_deputies/test_irregular_companies_classifier.py'> [collection]
      pytest_collectstart [hook]
          collector: <Module 'tests/chamber_of_deputies/test_irregular_companies_classifier.py'>
      finish pytest_collectstart --> [] [hook]
      pytest_make_collect_report [hook]
          collector: <Module 'tests/chamber_of_deputies/test_irregular_companies_classifier.py'>
      find_module called for: tests.chamber_of_deputies.test_irregular_companies_classifier [assertion]
      matched test file '/home/luzfcb/projetos/rosie/tests/chamber_of_deputies/test_irregular_companies_classifier.py' [assertion]
      found cached rewritten pyc for '/home/luzfcb/projetos/rosie/tests/chamber_of_deputies/test_irregular_companies_classifier.py' [assertion]
      find_module called for: pandas [assertion]
      finish pytest_make_collect_report --> <CollectReport 'tests/chamber_of_deputies/test_irregular_companies_classifier.py' lenresult=0 outcome='failed'> [hook]
      pytest_exception_interact [hook]
          report: <CollectReport 'tests/chamber_of_deputies/test_irregular_companies_classifier.py' lenresult=0 outcome='failed'>
          call: <CallInfo when='memocollect' exception: module 'pandas' has no attribute 'plotting'>
          node: <Module 'tests/chamber_of_deputies/test_irregular_companies_classifier.py'>
      finish pytest_exception_interact --> [] [hook]
      pytest_collectreport [hook]
          report: <CollectReport 'tests/chamber_of_deputies/test_irregular_companies_classifier.py' lenresult=0 outcome='failed'>
      finish pytest_collectreport --> [] [hook]
    genitems <DoctestModule 'tests/chamber_of_deputies/test_meal_price_outlier_classifier.py'> [collection]
      pytest_collectstart [hook]
          collector: <DoctestModule 'tests/chamber_of_deputies/test_meal_price_outlier_classifier.py'>
      finish pytest_collectstart --> [] [hook]
      pytest_make_collect_report [hook]
          collector: <DoctestModule 'tests/chamber_of_deputies/test_meal_price_outlier_classifier.py'>
      find_module called for: tests.chamber_of_deputies.test_meal_price_outlier_classifier [assertion]
      matched test file '/home/luzfcb/projetos/rosie/tests/chamber_of_deputies/test_meal_price_outlier_classifier.py' [assertion]
      found cached rewritten pyc for '/home/luzfcb/projetos/rosie/tests/chamber_of_deputies/test_meal_price_outlier_classifier.py' [assertion]
      find_module called for: pandas [assertion]
      finish pytest_make_collect_report --> <CollectReport 'tests/chamber_of_deputies/test_meal_price_outlier_classifier.py' lenresult=0 outcome='failed'> [hook]
      pytest_exception_interact [hook]
          report: <CollectReport 'tests/chamber_of_deputies/test_meal_price_outlier_classifier.py' lenresult=0 outcome='failed'>
          call: <CallInfo when='memocollect' exception: module 'pandas' has no attribute 'plotting'>
          node: <DoctestModule 'tests/chamber_of_deputies/test_meal_price_outlier_classifier.py'>
      finish pytest_exception_interact --> [] [hook]
      pytest_collectreport [hook]
          report: <CollectReport 'tests/chamber_of_deputies/test_meal_price_outlier_classifier.py' lenresult=0 outcome='failed'>
      finish pytest_collectreport --> [] [hook]
    genitems <Module 'tests/chamber_of_deputies/test_meal_price_outlier_classifier.py'> [collection]
      pytest_collectstart [hook]
          collector: <Module 'tests/chamber_of_deputies/test_meal_price_outlier_classifier.py'>
      finish pytest_collectstart --> [] [hook]
      pytest_make_collect_report [hook]
          collector: <Module 'tests/chamber_of_deputies/test_meal_price_outlier_classifier.py'>
      find_module called for: tests.chamber_of_deputies.test_meal_price_outlier_classifier [assertion]
      matched test file '/home/luzfcb/projetos/rosie/tests/chamber_of_deputies/test_meal_price_outlier_classifier.py' [assertion]
      found cached rewritten pyc for '/home/luzfcb/projetos/rosie/tests/chamber_of_deputies/test_meal_price_outlier_classifier.py' [assertion]
      find_module called for: pandas [assertion]
      finish pytest_make_collect_report --> <CollectReport 'tests/chamber_of_deputies/test_meal_price_outlier_classifier.py' lenresult=0 outcome='failed'> [hook]
      pytest_exception_interact [hook]
          report: <CollectReport 'tests/chamber_of_deputies/test_meal_price_outlier_classifier.py' lenresult=0 outcome='failed'>
          call: <CallInfo when='memocollect' exception: module 'pandas' has no attribute 'plotting'>
          node: <Module 'tests/chamber_of_deputies/test_meal_price_outlier_classifier.py'>
      finish pytest_exception_interact --> [] [hook]
      pytest_collectreport [hook]
          report: <CollectReport 'tests/chamber_of_deputies/test_meal_price_outlier_classifier.py' lenresult=0 outcome='failed'>
      finish pytest_collectreport --> [] [hook]
    genitems <DoctestModule 'tests/chamber_of_deputies/test_monthly_subquota_limit_classifier.py'> [collection]
      pytest_collectstart [hook]
          collector: <DoctestModule 'tests/chamber_of_deputies/test_monthly_subquota_limit_classifier.py'>
      finish pytest_collectstart --> [] [hook]
      pytest_make_collect_report [hook]
          collector: <DoctestModule 'tests/chamber_of_deputies/test_monthly_subquota_limit_classifier.py'>
      find_module called for: tests.chamber_of_deputies.test_monthly_subquota_limit_classifier [assertion]
      matched test file '/home/luzfcb/projetos/rosie/tests/chamber_of_deputies/test_monthly_subquota_limit_classifier.py' [assertion]
      found cached rewritten pyc for '/home/luzfcb/projetos/rosie/tests/chamber_of_deputies/test_monthly_subquota_limit_classifier.py' [assertion]
      find_module called for: pandas [assertion]
      finish pytest_make_collect_report --> <CollectReport 'tests/chamber_of_deputies/test_monthly_subquota_limit_classifier.py' lenresult=0 outcome='failed'> [hook]
      pytest_exception_interact [hook]
          report: <CollectReport 'tests/chamber_of_deputies/test_monthly_subquota_limit_classifier.py' lenresult=0 outcome='failed'>
          call: <CallInfo when='memocollect' exception: module 'pandas' has no attribute 'plotting'>
          node: <DoctestModule 'tests/chamber_of_deputies/test_monthly_subquota_limit_classifier.py'>
      finish pytest_exception_interact --> [] [hook]
      pytest_collectreport [hook]
          report: <CollectReport 'tests/chamber_of_deputies/test_monthly_subquota_limit_classifier.py' lenresult=0 outcome='failed'>
      finish pytest_collectreport --> [] [hook]
    genitems <Module 'tests/chamber_of_deputies/test_monthly_subquota_limit_classifier.py'> [collection]
      pytest_collectstart [hook]
          collector: <Module 'tests/chamber_of_deputies/test_monthly_subquota_limit_classifier.py'>
      finish pytest_collectstart --> [] [hook]
      pytest_make_collect_report [hook]
          collector: <Module 'tests/chamber_of_deputies/test_monthly_subquota_limit_classifier.py'>
      find_module called for: tests.chamber_of_deputies.test_monthly_subquota_limit_classifier [assertion]
      matched test file '/home/luzfcb/projetos/rosie/tests/chamber_of_deputies/test_monthly_subquota_limit_classifier.py' [assertion]
      found cached rewritten pyc for '/home/luzfcb/projetos/rosie/tests/chamber_of_deputies/test_monthly_subquota_limit_classifier.py' [assertion]
      find_module called for: pandas [assertion]
      finish pytest_make_collect_report --> <CollectReport 'tests/chamber_of_deputies/test_monthly_subquota_limit_classifier.py' lenresult=0 outcome='failed'> [hook]
      pytest_exception_interact [hook]
          report: <CollectReport 'tests/chamber_of_deputies/test_monthly_subquota_limit_classifier.py' lenresult=0 outcome='failed'>
          call: <CallInfo when='memocollect' exception: module 'pandas' has no attribute 'plotting'>
          node: <Module 'tests/chamber_of_deputies/test_monthly_subquota_limit_classifier.py'>
      finish pytest_exception_interact --> [] [hook]
      pytest_collectreport [hook]
          report: <CollectReport 'tests/chamber_of_deputies/test_monthly_subquota_limit_classifier.py' lenresult=0 outcome='failed'>
      finish pytest_collectreport --> [] [hook]
    genitems <DoctestModule 'tests/chamber_of_deputies/test_traveled_speeds_classifier.py'> [collection]
      pytest_collectstart [hook]
          collector: <DoctestModule 'tests/chamber_of_deputies/test_traveled_speeds_classifier.py'>
      finish pytest_collectstart --> [] [hook]
      pytest_make_collect_report [hook]
          collector: <DoctestModule 'tests/chamber_of_deputies/test_traveled_speeds_classifier.py'>
      find_module called for: tests.chamber_of_deputies.test_traveled_speeds_classifier [assertion]
      matched test file '/home/luzfcb/projetos/rosie/tests/chamber_of_deputies/test_traveled_speeds_classifier.py' [assertion]
      found cached rewritten pyc for '/home/luzfcb/projetos/rosie/tests/chamber_of_deputies/test_traveled_speeds_classifier.py' [assertion]
      find_module called for: pandas [assertion]
      finish pytest_make_collect_report --> <CollectReport 'tests/chamber_of_deputies/test_traveled_speeds_classifier.py' lenresult=0 outcome='failed'> [hook]
      pytest_exception_interact [hook]
          report: <CollectReport 'tests/chamber_of_deputies/test_traveled_speeds_classifier.py' lenresult=0 outcome='failed'>
          call: <CallInfo when='memocollect' exception: module 'pandas' has no attribute 'plotting'>
          node: <DoctestModule 'tests/chamber_of_deputies/test_traveled_speeds_classifier.py'>
      finish pytest_exception_interact --> [] [hook]
      pytest_collectreport [hook]
          report: <CollectReport 'tests/chamber_of_deputies/test_traveled_speeds_classifier.py' lenresult=0 outcome='failed'>
      finish pytest_collectreport --> [] [hook]
    genitems <Module 'tests/chamber_of_deputies/test_traveled_speeds_classifier.py'> [collection]
      pytest_collectstart [hook]
          collector: <Module 'tests/chamber_of_deputies/test_traveled_speeds_classifier.py'>
      finish pytest_collectstart --> [] [hook]
      pytest_make_collect_report [hook]
          collector: <Module 'tests/chamber_of_deputies/test_traveled_speeds_classifier.py'>
      find_module called for: tests.chamber_of_deputies.test_traveled_speeds_classifier [assertion]
      matched test file '/home/luzfcb/projetos/rosie/tests/chamber_of_deputies/test_traveled_speeds_classifier.py' [assertion]
      found cached rewritten pyc for '/home/luzfcb/projetos/rosie/tests/chamber_of_deputies/test_traveled_speeds_classifier.py' [assertion]
      find_module called for: pandas [assertion]
      finish pytest_make_collect_report --> <CollectReport 'tests/chamber_of_deputies/test_traveled_speeds_classifier.py' lenresult=0 outcome='failed'> [hook]
      pytest_exception_interact [hook]
          report: <CollectReport 'tests/chamber_of_deputies/test_traveled_speeds_classifier.py' lenresult=0 outcome='failed'>
          call: <CallInfo when='memocollect' exception: module 'pandas' has no attribute 'plotting'>
          node: <Module 'tests/chamber_of_deputies/test_traveled_speeds_classifier.py'>
      finish pytest_exception_interact --> [] [hook]
      pytest_collectreport [hook]
          report: <CollectReport 'tests/chamber_of_deputies/test_traveled_speeds_classifier.py' lenresult=0 outcome='failed'>
      finish pytest_collectreport --> [] [hook]
    genitems <DoctestModule 'tests/cli/__init__.py'> [collection]
      pytest_collectstart [hook]
          collector: <DoctestModule 'tests/cli/__init__.py'>
      finish pytest_collectstart --> [] [hook]
      pytest_make_collect_report [hook]
          collector: <DoctestModule 'tests/cli/__init__.py'>
      find_module called for: tests.cli [assertion]
      finish pytest_make_collect_report --> <CollectReport 'tests/cli/__init__.py' lenresult=0 outcome='passed'> [hook]
      pytest_collectreport [hook]
          report: <CollectReport 'tests/cli/__init__.py' lenresult=0 outcome='passed'>
      finish pytest_collectreport --> [] [hook]
    genitems <Module 'tests/cli/__init__.py'> [collection]
      pytest_collectstart [hook]
          collector: <Module 'tests/cli/__init__.py'>
      finish pytest_collectstart --> [] [hook]
      pytest_make_collect_report [hook]
          collector: <Module 'tests/cli/__init__.py'>
        pytest_pycollect_makeitem [hook]
            obj: /home/luzfcb/projetos/rosie/tests/cli/__pycache__/__init__.cpython-35.pyc
            name: __cached__
            collector: <Module 'tests/cli/__init__.py'>
        finish pytest_pycollect_makeitem --> None [hook]
        pytest_pycollect_makeitem [hook]
            obj: ['/home/luzfcb/projetos/rosie/tests/cli']
            name: __path__
            collector: <Module 'tests/cli/__init__.py'>
        finish pytest_pycollect_makeitem --> None [hook]
        pytest_pycollect_makeitem [hook]
            obj: /home/luzfcb/projetos/rosie/tests/cli/__init__.py
            name: __file__
            collector: <Module 'tests/cli/__init__.py'>
        finish pytest_pycollect_makeitem --> None [hook]
        pytest_pycollect_makeitem [hook]
            obj: None
            name: __doc__
            collector: <Module 'tests/cli/__init__.py'>
        finish pytest_pycollect_makeitem --> None [hook]
        pytest_pycollect_makeitem [hook]
            obj: {'ImportError': <class 'ImportError'>, 'quit': Use quit() or Ctrl-D (i.e. EOF) to exit, 'TimeoutError': <class 'TimeoutError'>, 'reversed': <class 'reversed'>, 'UnicodeError': <class 'UnicodeError'>, 'UnicodeTranslateError': <class 'UnicodeTranslateError'>, 'range': <class 'range'>, 'max': <built-in function max>, 'set': <class 'set'>, 'help': Type help() for interactive help, or help(object) for help about object., 'all': <built-in function all>, 'AssertionError': <class 'AssertionError'>, 'OSError': <class 'OSError'>, 'repr': <built-in function repr>, 'IndexError': <class 'IndexError'>, 'compile': <built-in function compile>, 'EnvironmentError': <class 'OSError'>, 'map': <class 'map'>, 'OverflowError': <class 'OverflowError'>, '__import__': <built-in function __import__>, 'SyntaxWarning': <class 'SyntaxWarning'>, 'ZeroDivisionError': <class 'ZeroDivisionError'>, 'sorted': <built-in function sorted>, '__debug__': True, 'id': <built-in function id>, 'isinstance': <built-in function isinstance>, 'ValueError': <class 'ValueError'>, 'GeneratorExit': <class 'GeneratorExit'>, 'type': <class 'type'>, 'NotImplementedError': <class 'NotImplementedError'>, 'ResourceWarning': <class 'ResourceWarning'>, 'NotADirectoryError': <class 'NotADirectoryError'>, 'staticmethod': <class 'staticmethod'>, 'KeyboardInterrupt': <class 'KeyboardInterrupt'>, 'ascii': <built-in function ascii>, 'PermissionError': <class 'PermissionError'>, 'InterruptedError': <class 'InterruptedError'>, 'StopIteration': <class 'StopIteration'>, 'divmod': <built-in function divmod>, '__spec__': ModuleSpec(name='builtins', loader=<class '_frozen_importlib.BuiltinImporter'>), 'DeprecationWarning': <class 'DeprecationWarning'>, '__build_class__': <built-in function __build_class__>, 'BrokenPipeError': <class 'BrokenPipeError'>, 'pow': <built-in function pow>, 'memoryview': <class 'memoryview'>, 'vars': <built-in function vars>, '__loader__': <class '_frozen_importlib.BuiltinImporter'>, 'list': <class 'list'>, '__name__': 'builtins', 'iter': <built-in function iter>, 'UnicodeEncodeError': <class 'UnicodeEncodeError'>, 'UnicodeWarning': <class 'UnicodeWarning'>, 'filter': <class 'filter'>, 'ConnectionError': <class 'ConnectionError'>, 'SystemExit': <class 'SystemExit'>, 'license': MIT License

Copyright (c) 2016 Data Science Brigade

Permission is hereby granted, free of charge, to any person obtaining a copy
of this software and associated documentation files (the "Software"), to deal
in the Software without restriction, including without limitation the rights
to use, copy, modify, merge, publish, distribute, sublicense, and/or sell
copies of the Software, and to permit persons to whom the Software is
furnished to do so, subject to the following conditions:

The above copyright notice and this permission notice shall be included in all
copies or substantial portions of the Software.

THE SOFTWARE IS PROVIDED "AS IS", WITHOUT WARRANTY OF ANY KIND, EXPRESS OR
IMPLIED, INCLUDING BUT NOT LIMITED TO THE WARRANTIES OF MERCHANTABILITY,
FITNESS FOR A PARTICULAR PURPOSE AND NONINFRINGEMENT. IN NO EVENT SHALL THE
AUTHORS OR COPYRIGHT HOLDERS BE LIABLE FOR ANY CLAIM, DAMAGES OR OTHER
LIABILITY, WHETHER IN AN ACTION OF CONTRACT, TORT OR OTHERWISE, ARISING FROM,
OUT OF OR IN CONNECTION WITH THE SOFTWARE OR THE USE OR OTHER DEALINGS IN THE
SOFTWARE.
, 'BufferError': <class 'BufferError'>, 'Ellipsis': Ellipsis, 'FutureWarning': <class 'FutureWarning'>, 'PendingDeprecationWarning': <class 'PendingDeprecationWarning'>, 'bin': <built-in function bin>, 'float': <class 'float'>, 'Warning': <class 'Warning'>, 'RecursionError': <class 'RecursionError'>, '__doc__': "Built-in functions, exceptions, and other objects.\n\nNoteworthy: None is the `nil' object; Ellipsis represents `...' in slices.", 'UserWarning': <class 'UserWarning'>, 'round': <built-in function round>, 'BaseException': <class 'BaseException'>, 'delattr': <built-in function delattr>, 'TabError': <class 'TabError'>, 'True': True, 'frozenset': <class 'frozenset'>, 'ChildProcessError': <class 'ChildProcessError'>, 'False': False, 'str': <class 'str'>, 'len': <built-in function len>, 'oct': <built-in function oct>, 'format': <built-in function format>, 'BytesWarning': <class 'BytesWarning'>, 'FloatingPointError': <class 'FloatingPointError'>, 'ConnectionRefusedError': <class 'ConnectionRefusedError'>, 'hasattr': <built-in function hasattr>, 'bytes': <class 'bytes'>, 'int': <class 'int'>, 'bool': <class 'bool'>, 'chr': <built-in function chr>, 'ArithmeticError': <class 'ArithmeticError'>, 'eval': <built-in function eval>, 'input': <built-in function input>, 'any': <built-in function any>, 'ConnectionResetError': <class 'ConnectionResetError'>, 'zip': <class 'zip'>, 'exec': <built-in function exec>, 'globals': <built-in function globals>, 'exit': Use exit() or Ctrl-D (i.e. EOF) to exit, 'TypeError': <class 'TypeError'>, 'UnboundLocalError': <class 'UnboundLocalError'>, 'bytearray': <class 'bytearray'>, 'sum': <built-in function sum>, 'AttributeError': <class 'AttributeError'>, 'IOError': <class 'OSError'>, 'copyright': Copyright (c) 2001-2016 Python Software Foundation.
All Rights Reserved.

Copyright (c) 2000 BeOpen.com.
All Rights Reserved.

Copyright (c) 1995-2001 Corporation for National Research Initiatives.
All Rights Reserved.

Copyright (c) 1991-1995 Stichting Mathematisch Centrum, Amsterdam.
All Rights Reserved., 'ord': <built-in function ord>, 'classmethod': <class 'classmethod'>, 'min': <built-in function min>, 'object': <class 'object'>, 'abs': <built-in function abs>, 'hash': <built-in function hash>, 'tuple': <class 'tuple'>, '__package__': '', 'enumerate': <class 'enumerate'>, 'NameError': <class 'NameError'>, 'SystemError': <class 'SystemError'>, 'dict': <class 'dict'>, 'IsADirectoryError': <class 'IsADirectoryError'>, 'LookupError': <class 'LookupError'>, 'credits':     Thanks to CWI, CNRI, BeOpen.com, Zope Corporation and a cast of thousands
    for supporting Python development.  See www.python.org for more information., 'print': <built-in function print>, 'BlockingIOError': <class 'BlockingIOError'>, 'RuntimeWarning': <class 'RuntimeWarning'>, 'Exception': <class 'Exception'>, 'next': <built-in function next>, 'FileExistsError': <class 'FileExistsError'>, 'KeyError': <class 'KeyError'>, 'setattr': <built-in function setattr>, 'slice': <class 'slice'>, 'locals': <built-in function locals>, 'ImportWarning': <class 'ImportWarning'>, 'EOFError': <class 'EOFError'>, 'None': None, 'complex': <class 'complex'>, 'StopAsyncIteration': <class 'StopAsyncIteration'>, 'property': <class 'property'>, 'open': <built-in function open>, 'ReferenceError': <class 'ReferenceError'>, 'getattr': <built-in function getattr>, 'NotImplemented': NotImplemented, 'IndentationError': <class 'IndentationError'>, 'super': <class 'super'>, 'RuntimeError': <class 'RuntimeError'>, 'issubclass': <built-in function issubclass>, 'ProcessLookupError': <class 'ProcessLookupError'>, 'UnicodeDecodeError': <class 'UnicodeDecodeError'>, 'callable': <built-in function callable>, 'dir': <built-in function dir>, 'ConnectionAbortedError': <class 'ConnectionAbortedError'>, 'FileNotFoundError': <class 'FileNotFoundError'>, 'MemoryError': <class 'MemoryError'>, 'SyntaxError': <class 'SyntaxError'>, 'hex': <built-in function hex>}
            name: __builtins__
            collector: <Module 'tests/cli/__init__.py'>
        finish pytest_pycollect_makeitem --> None [hook]
        pytest_pycollect_makeitem [hook]
            obj: tests.cli
            name: __name__
            collector: <Module 'tests/cli/__init__.py'>
        finish pytest_pycollect_makeitem --> None [hook]
        pytest_pycollect_makeitem [hook]
            obj: <_frozen_importlib_external.SourceFileLoader object at 0x7f19962fd048>
            name: __loader__
            collector: <Module 'tests/cli/__init__.py'>
        finish pytest_pycollect_makeitem --> None [hook]
        pytest_pycollect_makeitem [hook]
            obj: ModuleSpec(name='tests.cli', loader=<_frozen_importlib_external.SourceFileLoader object at 0x7f19962fd048>, origin='/home/luzfcb/projetos/rosie/tests/cli/__init__.py', submodule_search_locations=['/home/luzfcb/projetos/rosie/tests/cli'])
            name: __spec__
            collector: <Module 'tests/cli/__init__.py'>
        finish pytest_pycollect_makeitem --> None [hook]
        pytest_pycollect_makeitem [hook]
            obj: tests.cli
            name: __package__
            collector: <Module 'tests/cli/__init__.py'>
        finish pytest_pycollect_makeitem --> None [hook]
        pytest_pycollect_makeitem [hook]
            obj: <slot wrapper '__setattr__' of 'module' objects>
            name: __setattr__
            collector: <Module 'tests/cli/__init__.py'>
        finish pytest_pycollect_makeitem --> None [hook]
        pytest_pycollect_makeitem [hook]
            obj: <slot wrapper '__repr__' of 'module' objects>
            name: __repr__
            collector: <Module 'tests/cli/__init__.py'>
        finish pytest_pycollect_makeitem --> None [hook]
        pytest_pycollect_makeitem [hook]
            obj: <slot wrapper '__init__' of 'module' objects>
            name: __init__
            collector: <Module 'tests/cli/__init__.py'>
        finish pytest_pycollect_makeitem --> None [hook]
        pytest_pycollect_makeitem [hook]
            obj: <slot wrapper '__getattribute__' of 'module' objects>
            name: __getattribute__
            collector: <Module 'tests/cli/__init__.py'>
        finish pytest_pycollect_makeitem --> None [hook]
        pytest_pycollect_makeitem [hook]
            obj: <method '__dir__' of 'module' objects>
            name: __dir__
            collector: <Module 'tests/cli/__init__.py'>
        finish pytest_pycollect_makeitem --> None [hook]
        pytest_pycollect_makeitem [hook]
            obj: <built-in method __new__ of type object at 0x8709c0>
            name: __new__
            collector: <Module 'tests/cli/__init__.py'>
        finish pytest_pycollect_makeitem --> None [hook]
        pytest_pycollect_makeitem [hook]
            obj: <slot wrapper '__delattr__' of 'module' objects>
            name: __delattr__
            collector: <Module 'tests/cli/__init__.py'>
        finish pytest_pycollect_makeitem --> None [hook]
        pytest_pycollect_makeitem [hook]
            obj: <member '__dict__' of 'module' objects>
            name: __dict__
            collector: <Module 'tests/cli/__init__.py'>
        finish pytest_pycollect_makeitem --> None [hook]
        pytest_pycollect_makeitem [hook]
            obj: <slot wrapper '__lt__' of 'object' objects>
            name: __lt__
            collector: <Module 'tests/cli/__init__.py'>
        finish pytest_pycollect_makeitem --> None [hook]
        pytest_pycollect_makeitem [hook]
            obj: <slot wrapper '__le__' of 'object' objects>
            name: __le__
            collector: <Module 'tests/cli/__init__.py'>
        finish pytest_pycollect_makeitem --> None [hook]
        pytest_pycollect_makeitem [hook]
            obj: <slot wrapper '__ge__' of 'object' objects>
            name: __ge__
            collector: <Module 'tests/cli/__init__.py'>
        finish pytest_pycollect_makeitem --> None [hook]
        pytest_pycollect_makeitem [hook]
            obj: <slot wrapper '__gt__' of 'object' objects>
            name: __gt__
            collector: <Module 'tests/cli/__init__.py'>
        finish pytest_pycollect_makeitem --> None [hook]
        pytest_pycollect_makeitem [hook]
            obj: <method '__subclasshook__' of 'object' objects>
            name: __subclasshook__
            collector: <Module 'tests/cli/__init__.py'>
        finish pytest_pycollect_makeitem --> None [hook]
        pytest_pycollect_makeitem [hook]
            obj: <slot wrapper '__str__' of 'object' objects>
            name: __str__
            collector: <Module 'tests/cli/__init__.py'>
        finish pytest_pycollect_makeitem --> None [hook]
        pytest_pycollect_makeitem [hook]
            obj: <slot wrapper '__ne__' of 'object' objects>
            name: __ne__
            collector: <Module 'tests/cli/__init__.py'>
        finish pytest_pycollect_makeitem --> None [hook]
        pytest_pycollect_makeitem [hook]
            obj: <method '__reduce__' of 'object' objects>
            name: __reduce__
            collector: <Module 'tests/cli/__init__.py'>
        finish pytest_pycollect_makeitem --> None [hook]
        pytest_pycollect_makeitem [hook]
            obj: <slot wrapper '__eq__' of 'object' objects>
            name: __eq__
            collector: <Module 'tests/cli/__init__.py'>
        finish pytest_pycollect_makeitem --> None [hook]
        pytest_pycollect_makeitem [hook]
            obj: <slot wrapper '__hash__' of 'object' objects>
            name: __hash__
            collector: <Module 'tests/cli/__init__.py'>
        finish pytest_pycollect_makeitem --> None [hook]
        pytest_pycollect_makeitem [hook]
            obj: <method '__reduce_ex__' of 'object' objects>
            name: __reduce_ex__
            collector: <Module 'tests/cli/__init__.py'>
        finish pytest_pycollect_makeitem --> None [hook]
        pytest_pycollect_makeitem [hook]
            obj: <method '__format__' of 'object' objects>
            name: __format__
            collector: <Module 'tests/cli/__init__.py'>
        finish pytest_pycollect_makeitem --> None [hook]
        pytest_pycollect_makeitem [hook]
            obj: <method '__sizeof__' of 'object' objects>
            name: __sizeof__
            collector: <Module 'tests/cli/__init__.py'>
        finish pytest_pycollect_makeitem --> None [hook]
        pytest_pycollect_makeitem [hook]
            obj: <attribute '__class__' of 'object' objects>
            name: __class__
            collector: <Module 'tests/cli/__init__.py'>
        finish pytest_pycollect_makeitem --> None [hook]
      finish pytest_make_collect_report --> <CollectReport 'tests/cli/__init__.py' lenresult=0 outcome='passed'> [hook]
      pytest_collectreport [hook]
          report: <CollectReport 'tests/cli/__init__.py' lenresult=0 outcome='passed'>
      finish pytest_collectreport --> [] [hook]
    genitems <DoctestModule 'tests/cli/test_rosie.py'> [collection]
      pytest_collectstart [hook]
          collector: <DoctestModule 'tests/cli/test_rosie.py'>
      finish pytest_collectstart --> [] [hook]
      pytest_make_collect_report [hook]
          collector: <DoctestModule 'tests/cli/test_rosie.py'>
      find_module called for: tests.cli.test_rosie [assertion]
      matched test file '/home/luzfcb/projetos/rosie/tests/cli/test_rosie.py' [assertion]
      found cached rewritten pyc for '/home/luzfcb/projetos/rosie/tests/cli/test_rosie.py' [assertion]
      find_module called for: click [assertion]
      find_module called for: click.core [assertion]
      find_module called for: click.types [assertion]
      find_module called for: click._compat [assertion]
      find_module called for: click.exceptions [assertion]
      find_module called for: click.utils [assertion]
      find_module called for: click.globals [assertion]
      find_module called for: click.termui [assertion]
      find_module called for: click.formatting [assertion]
      find_module called for: click.parser [assertion]
      find_module called for: click._unicodefun [assertion]
      find_module called for: click.decorators [assertion]
      find_module called for: click.testing [assertion]
      finish pytest_make_collect_report --> <CollectReport 'tests/cli/test_rosie.py' lenresult=0 outcome='failed'> [hook]
      pytest_exception_interact [hook]
          report: <CollectReport 'tests/cli/test_rosie.py' lenresult=0 outcome='failed'>
          call: <CallInfo when='memocollect' exception: No module named 'rosie.cli'; 'rosie' is not a package>
          node: <DoctestModule 'tests/cli/test_rosie.py'>
      finish pytest_exception_interact --> [] [hook]
      pytest_collectreport [hook]
          report: <CollectReport 'tests/cli/test_rosie.py' lenresult=0 outcome='failed'>
      finish pytest_collectreport --> [] [hook]
    genitems <Module 'tests/cli/test_rosie.py'> [collection]
      pytest_collectstart [hook]
          collector: <Module 'tests/cli/test_rosie.py'>
      finish pytest_collectstart --> [] [hook]
      pytest_make_collect_report [hook]
          collector: <Module 'tests/cli/test_rosie.py'>
      find_module called for: tests.cli.test_rosie [assertion]
      matched test file '/home/luzfcb/projetos/rosie/tests/cli/test_rosie.py' [assertion]
      found cached rewritten pyc for '/home/luzfcb/projetos/rosie/tests/cli/test_rosie.py' [assertion]
      finish pytest_make_collect_report --> <CollectReport 'tests/cli/test_rosie.py' lenresult=0 outcome='failed'> [hook]
      pytest_exception_interact [hook]
          report: <CollectReport 'tests/cli/test_rosie.py' lenresult=0 outcome='failed'>
          call: <CallInfo when='memocollect' exception: ImportError while importing test module '/home/luzfcb/projetos/rosie/tests/cli/test_rosie.py'.
Hint: make sure your test modules/packages have valid Python names.
Traceback:
<frozen importlib._bootstrap>:950: in _find_and_load_unlocked
    ???
E   AttributeError: module 'rosie' has no attribute '__path__'

During handling of the above exception, another exception occurred:
tests/cli/test_rosie.py:4: in <module>
    from rosie.cli import main
E   ImportError: No module named 'rosie.cli'; 'rosie' is not a package>
          node: <Module 'tests/cli/test_rosie.py'>
      finish pytest_exception_interact --> [] [hook]
      pytest_collectreport [hook]
          report: <CollectReport 'tests/cli/test_rosie.py' lenresult=0 outcome='failed'>
      finish pytest_collectreport --> [] [hook]
      pytest_collection_modifyitems [hook]
          items: []
          config: <_pytest.config.Config object at 0x7f19a9ecbf60>
          session: <Session 'rosie'>
      finish pytest_collection_modifyitems --> [] [hook]
      pytest_collection_finish [hook]
          session: <Session 'rosie'>
      finish pytest_collection_finish --> [] [hook]
    finish pytest_collection --> [] [hook]
    pytest_runtestloop [hook]
        session: <Session 'rosie'>
    pytest_keyboard_interrupt [hook]
        excinfo: /home/luzfcb/virtualenvs/rosieenv/lib/python3.5/site-packages/_pytest/main.py:147: Interrupted: 33 errors during collection
    find_module called for: py._io.saferepr [assertion]
    find_module called for: repr [assertion]
    finish pytest_keyboard_interrupt --> [] [hook]
    pytest_sessionfinish [hook]
        exitstatus: 2
        session: <Session 'rosie'>
    cache-write cache/lastfailed: {'src/rosie/chamber_of_deputies/classifiers/meal_price_outlier_classifier.py': True, 'tests/cli/test_rosie.py': True, 'tests/chamber_of_deputies/test_meal_price_outlier_classifier.py': True, 'src/rosie/core/__init__.py': True, 'src/rosie/chamber_of_deputies/classifiers/election_expenses_classifier.py': True, 'tests/chamber_of_deputies/test_monthly_subquota_limit_classifier.py': True, 'src/rosie/chamber_of_deputies/classifiers/__init__.py': True, 'src/rosie/__main__.py': True, 'src/rosie/chamber_of_deputies/classifiers/traveled_speeds_classifier.py': True, 'src/rosie/core/tests/test_invalid_cnpj_cpf_classifier.py': True, 'tests/chamber_of_deputies/test_election_expenses_classifier.py': True, 'src/rosie/chamber_of_deputies/adapter.py': True, 'tests/chamber_of_deputies/test_chamber_of_deputies.py': True, 'src/rosie/cli.py': True, 'src/rosie/core/classifiers/__init__.py': True, 'src/rosie/chamber_of_deputies/__init__.py': True, 'tests/chamber_of_deputies/test_adapter.py': True, 'src/rosie/chamber_of_deputies/settings.py': True, 'src/rosie/chamber_of_deputies/classifiers/irregular_companies_classifier.py': True, 'src/rosie/core/tests/__init__.py': True, 'src/rosie/chamber_of_deputies/classifiers/monthly_subquota_limit_classifier.py': True, 'tests/chamber_of_deputies/test_irregular_companies_classifier.py': True, 'src/rosie/core/classifiers/invalid_cnpj_cpf_classifier.py': True, 'tests/chamber_of_deputies/test_traveled_speeds_classifier.py': True} [cache]
      pytest_terminal_summary [hook]
          exitstatus: 2
          terminalreporter: <_pytest.terminal.TerminalReporter object at 0x7f19a71c88d0>
      finish pytest_terminal_summary --> [] [hook]
    finish pytest_sessionfinish --> [] [hook]
    pytest_unconfigure [hook]
        config: <_pytest.config.Config object at 0x7f19a9ecbf60>
    finish pytest_unconfigure --> [] [hook]
  finish [config:tmpdir]
